Using pre-set license
Built from '2020.2/release' branch; Version is '2020.2.0f1 (3721df5a8b28) revision 3613151'; Using compiler version '192528614'; Build Type 'Release'
OS: 'Windows 10  (10.0.0) 64bit' Language: 'en' Physical Memory: 8027 MB
BatchMode: 1, IsHumanControllingUs: 0, StartBugReporterOnCrash: 0, Is64bit: 1, IsPro: 0

 COMMAND LINE ARGUMENTS:
C:\Program Files\Unity\Hub\Editor\2020.2.0f1\Editor\Unity.exe
-adb2
-batchMode
-noUpm
-name
AssetImportWorker3
-projectPath
C:/Users/samim/Unity Projects/Endless_2.5D_Runner/EndlessRunner_LWRP
-logFile
Logs/AssetImportWorker3.log
-srvPort
51815
Successfully changed project path to: C:/Users/samim/Unity Projects/Endless_2.5D_Runner/EndlessRunner_LWRP
C:/Users/samim/Unity Projects/Endless_2.5D_Runner/EndlessRunner_LWRP
Using Asset Import Pipeline V2.
Refreshing native plugins compatible for Editor in 50.24 ms, found 0 plugins.
Preloading 0 native plugins for Editor in 0.00 ms.
Initialize engine version: 2020.2.0f1 (3721df5a8b28)
[Subsystems] Discovering subsystems at path C:/Program Files/Unity/Hub/Editor/2020.2.0f1/Editor/Data/Resources/UnitySubsystems
[Subsystems] Discovering subsystems at path C:/Users/samim/Unity Projects/Endless_2.5D_Runner/EndlessRunner_LWRP/Assets
GfxDevice: creating device client; threaded=0
Direct3D:
    Version:  Direct3D 11.0 [level 11.0]
    Renderer: NVIDIA GeForce MX130 (ID=0x174d)
    Vendor:   
    VRAM:     2010 MB
    Driver:   27.21.14.5256
Shader 'Universal Render Pipeline/Particles/Lit': fallback shader 'Universal Render Pipeline/Particles/SimpleLit' not found
Initialize mono
Mono path[0] = 'C:/Program Files/Unity/Hub/Editor/2020.2.0f1/Editor/Data/Managed'
Mono path[1] = 'C:/Program Files/Unity/Hub/Editor/2020.2.0f1/Editor/Data/MonoBleedingEdge/lib/mono/unityjit'
Mono config path = 'C:/Program Files/Unity/Hub/Editor/2020.2.0f1/Editor/Data/MonoBleedingEdge/etc'
Using monoOptions --debugger-agent=transport=dt_socket,embedding=1,server=y,suspend=n,address=127.0.0.1:56680
Begin MonoManager ReloadAssembly
Registering precompiled unity dll's ...
Register platform support module: C:/Program Files/Unity/Hub/Editor/2020.2.0f1/Editor/Data/PlaybackEngines/WindowsStandaloneSupport/UnityEditor.WindowsStandalone.Extensions.dll
Registered in 0.001399 seconds.
Native extension for WindowsStandalone target not found
Refreshing native plugins compatible for Editor in 59.10 ms, found 0 plugins.
Preloading 0 native plugins for Editor in 0.00 ms.
Invoked RoslynAnalysisRunner static constructor.
RoslynAnalysisRunner will not be running.
RoslynAnalysisRunner has terminated.
Mono: successfully reloaded assembly
- Completed reload, in  1.579 seconds
Platform modules already initialized, skipping
Registering precompiled user dll's ...
Registered in 0.001276 seconds.
Begin MonoManager ReloadAssembly
Native extension for WindowsStandalone target not found
Refreshing native plugins compatible for Editor in 52.04 ms, found 0 plugins.
Preloading 0 native plugins for Editor in 0.00 ms.
Invoked RoslynAnalysisRunner static constructor.
RoslynAnalysisRunner will not be running.
RoslynAnalysisRunner has terminated.
Mono: successfully reloaded assembly
- Completed reload, in  0.869 seconds
Platform modules already initialized, skipping
========================================================================
Worker process is ready to serve import requests
Shader 'Universal Render Pipeline/Particles/Lit': fallback shader 'Universal Render Pipeline/Particles/SimpleLit' not found
Launched and connected shader compiler UnityShaderCompiler.exe after 0.02 seconds
Refreshing native plugins compatible for Editor in 0.50 ms, found 0 plugins.
Preloading 0 native plugins for Editor in 0.00 ms.
Unloading 2651 Unused Serialized files (Serialized files now loaded: 0)
System memory in use before: 121.9 MB.
System memory in use after: 122.1 MB.

Unloading 10 unused Assets to reduce memory usage. Loaded Objects now: 3094.
Total: 2.217500 ms (FindLiveObjects: 0.315800 ms CreateObjectMapping: 0.156600 ms MarkObjects: 1.693500 ms  DeleteObjects: 0.050200 ms)

========================================================================
Received Import Request.
  path: Assets/SAMGAME/SCRIPTS/CHARACTERCONTROL/FPSDisplay.cs
  artifactKey: Guid(3e00eb95c6ce9d84fb2b7b871d282097) Importer(815301076,1909f56bfc062723c751e8b465ee728b)
Start importing Assets/SAMGAME/SCRIPTS/CHARACTERCONTROL/FPSDisplay.cs using Guid(3e00eb95c6ce9d84fb2b7b871d282097) Importer(815301076,1909f56bfc062723c751e8b465ee728b)  -> (artifact id: 'f901d05ed59cb42269e1ed6ba053664b') in 0.573405 seconds
  Import took 0.616972 seconds .

========================================================================
Received Prepare
Registering precompiled user dll's ...
Registered in 0.001349 seconds.
Begin MonoManager ReloadAssembly
Native extension for WindowsStandalone target not found
Refreshing native plugins compatible for Editor in 0.52 ms, found 0 plugins.
Preloading 0 native plugins for Editor in 0.00 ms.
Invoked RoslynAnalysisRunner static constructor.
RoslynAnalysisRunner will not be running.
RoslynAnalysisRunner has terminated.
Mono: successfully reloaded assembly
- Completed reload, in  0.793 seconds
Platform modules already initialized, skipping
Shader 'Universal Render Pipeline/Particles/Lit': fallback shader 'Universal Render Pipeline/Particles/SimpleLit' not found
Refreshing native plugins compatible for Editor in 0.46 ms, found 0 plugins.
Preloading 0 native plugins for Editor in 0.00 ms.
Unloading 2529 Unused Serialized files (Serialized files now loaded: 0)
System memory in use before: 113.3 MB.
System memory in use after: 113.5 MB.

Unloading 6 unused Assets to reduce memory usage. Loaded Objects now: 3096.
Total: 2.413400 ms (FindLiveObjects: 0.366300 ms CreateObjectMapping: 0.099500 ms MarkObjects: 1.926700 ms  DeleteObjects: 0.018800 ms)

========================================================================
Received Import Request.
  Time since last request: 57.269667 seconds.
  path: Assets/SAMGAME/ANIMATOR/PLAYER-GAMEPLAY-ANIMATORS/Resources/PLAYERANIMATOR_LIAM.controller
  artifactKey: Guid(dde1bc7dbb7603f4b872b8ddf40f6d83) Importer(815301076,1909f56bfc062723c751e8b465ee728b)
Start importing Assets/SAMGAME/ANIMATOR/PLAYER-GAMEPLAY-ANIMATORS/Resources/PLAYERANIMATOR_LIAM.controller using Guid(dde1bc7dbb7603f4b872b8ddf40f6d83) Importer(815301076,1909f56bfc062723c751e8b465ee728b)  -> (artifact id: 'c6eb766577dd5e65939123ef373832b8') in 0.086264 seconds
  Import took 0.114013 seconds .

========================================================================
Received Import Request.
  Time since last request: 0.002013 seconds.
  path: Assets/SAMGAME/ANIMATOR/PLAYER-GAMEPLAY-ANIMATORS/Resources/PLAYERANIMATOR_LIAM.controller
  artifactKey: Guid(dde1bc7dbb7603f4b872b8ddf40f6d83) Importer(815301076,1909f56bfc062723c751e8b465ee728b)
Start importing Assets/SAMGAME/ANIMATOR/PLAYER-GAMEPLAY-ANIMATORS/Resources/PLAYERANIMATOR_LIAM.controller using Guid(dde1bc7dbb7603f4b872b8ddf40f6d83) Importer(815301076,1909f56bfc062723c751e8b465ee728b)  -> (artifact id: 'c6eb766577dd5e65939123ef373832b8') in 0.039727 seconds
  Import took 0.050062 seconds .

========================================================================
Received Prepare
Registering precompiled user dll's ...
Registered in 0.001301 seconds.
Begin MonoManager ReloadAssembly
Native extension for WindowsStandalone target not found
Refreshing native plugins compatible for Editor in 0.91 ms, found 0 plugins.
Preloading 0 native plugins for Editor in 0.00 ms.
Invoked RoslynAnalysisRunner static constructor.
RoslynAnalysisRunner will not be running.
RoslynAnalysisRunner has terminated.
Mono: successfully reloaded assembly
- Completed reload, in  1.733 seconds
Platform modules already initialized, skipping
Shader 'Universal Render Pipeline/Particles/Lit': fallback shader 'Universal Render Pipeline/Particles/SimpleLit' not found
Refreshing native plugins compatible for Editor in 0.88 ms, found 0 plugins.
Preloading 0 native plugins for Editor in 0.00 ms.
Unloading 2530 Unused Serialized files (Serialized files now loaded: 0)
System memory in use before: 113.4 MB.
System memory in use after: 113.7 MB.

Unloading 6 unused Assets to reduce memory usage. Loaded Objects now: 3098.
Total: 4.560200 ms (FindLiveObjects: 0.431600 ms CreateObjectMapping: 0.227200 ms MarkObjects: 3.866800 ms  DeleteObjects: 0.032400 ms)

AssetImportWorkerClient::OnTransportError - code=2 error=End of file
