Using pre-set license
Built from '2020.3/staging' branch; Version is '2020.3.8f1 (507919d4fff5) revision 5273881'; Using compiler version '192528614'; Build Type 'Release'
OS: 'Windows 10 Pro; OS build 19043.985; Version 2009; 64bit' Language: 'en' Physical Memory: 8027 MB
BatchMode: 1, IsHumanControllingUs: 0, StartBugReporterOnCrash: 0, Is64bit: 1, IsPro: 0

 COMMAND LINE ARGUMENTS:
C:\Program Files\Unity\Hub\Editor\2020.3.8f1\Editor\Unity.exe
-adb2
-batchMode
-noUpm
-name
AssetImportWorker2
-projectPath
C:/Users/samim/Unity Project/Endless_2.5D_Runner/EndlessRunner_LWRP
-logFile
Logs/AssetImportWorker2.log
-srvPort
50967
Successfully changed project path to: C:/Users/samim/Unity Project/Endless_2.5D_Runner/EndlessRunner_LWRP
C:/Users/samim/Unity Project/Endless_2.5D_Runner/EndlessRunner_LWRP
Using Asset Import Pipeline V2.
Refreshing native plugins compatible for Editor in 61.58 ms, found 0 plugins.
Preloading 0 native plugins for Editor in 0.00 ms.
Initialize engine version: 2020.3.8f1 (507919d4fff5)
[Subsystems] Discovering subsystems at path C:/Program Files/Unity/Hub/Editor/2020.3.8f1/Editor/Data/Resources/UnitySubsystems
[Subsystems] Discovering subsystems at path C:/Users/samim/Unity Project/Endless_2.5D_Runner/EndlessRunner_LWRP/Assets
GfxDevice: creating device client; threaded=0
Direct3D:
    Version:  Direct3D 11.0 [level 11.0]
    Renderer: NVIDIA GeForce MX130 (ID=0x174d)
    Vendor:   
    VRAM:     2010 MB
    Driver:   27.21.14.6647
Shader 'Universal Render Pipeline/Particles/Lit': fallback shader 'Universal Render Pipeline/Particles/SimpleLit' not found
Initialize mono
Mono path[0] = 'C:/Program Files/Unity/Hub/Editor/2020.3.8f1/Editor/Data/Managed'
Mono path[1] = 'C:/Program Files/Unity/Hub/Editor/2020.3.8f1/Editor/Data/MonoBleedingEdge/lib/mono/unityjit'
Mono config path = 'C:/Program Files/Unity/Hub/Editor/2020.3.8f1/Editor/Data/MonoBleedingEdge/etc'
Using monoOptions --debugger-agent=transport=dt_socket,embedding=1,server=y,suspend=n,address=127.0.0.1:56108
Begin MonoManager ReloadAssembly
Registering precompiled unity dll's ...
Register platform support module: C:/Program Files/Unity/Hub/Editor/2020.3.8f1/Editor/Data/PlaybackEngines/WindowsStandaloneSupport/UnityEditor.WindowsStandalone.Extensions.dll
Registered in 0.003760 seconds.
Native extension for WindowsStandalone target not found
Refreshing native plugins compatible for Editor in 142.32 ms, found 0 plugins.
Preloading 0 native plugins for Editor in 0.00 ms.
Mono: successfully reloaded assembly
- Completed reload, in  2.482 seconds
Platform modules already initialized, skipping
Registering precompiled user dll's ...
Registered in 0.002987 seconds.
Begin MonoManager ReloadAssembly
Native extension for WindowsStandalone target not found
Refreshing native plugins compatible for Editor in 106.57 ms, found 0 plugins.
Preloading 0 native plugins for Editor in 0.00 ms.
Mono: successfully reloaded assembly
- Completed reload, in  4.542 seconds
Platform modules already initialized, skipping
========================================================================
Worker process is ready to serve import requests
Shader 'Universal Render Pipeline/Particles/Lit': fallback shader 'Universal Render Pipeline/Particles/SimpleLit' not found
Launched and connected shader compiler UnityShaderCompiler.exe after 0.30 seconds
Refreshing native plugins compatible for Editor in 0.93 ms, found 0 plugins.
Preloading 0 native plugins for Editor in 0.00 ms.
Unloading 3044 Unused Serialized files (Serialized files now loaded: 0)
System memory in use before: 142.2 MB.
System memory in use after: 142.3 MB.

Unloading 125 unused Assets to reduce memory usage. Loaded Objects now: 3479.
Total: 5.576300 ms (FindLiveObjects: 0.535000 ms CreateObjectMapping: 0.286300 ms MarkObjects: 4.415500 ms  DeleteObjects: 0.337700 ms)

========================================================================
Received Import Request.
  path: Assets/SAMGAME/PREFABS/PLAYABLE-CHARACTERS/Resources/Charlotte.prefab
  artifactKey: Guid(7958e3784e722954e91c5b5da0105506) Importer(815301076,1909f56bfc062723c751e8b465ee728b)
Start importing Assets/SAMGAME/PREFABS/PLAYABLE-CHARACTERS/Resources/Charlotte.prefab using Guid(7958e3784e722954e91c5b5da0105506) Importer(815301076,1909f56bfc062723c751e8b465ee728b)  -> (artifact id: 'a982c65e4f4323b6265d93f16814f2d7') in 1.760950 seconds
  Import took 1.862029 seconds .

========================================================================
Received Import Request.
  Time since last request: 0.000534 seconds.
  path: Assets/SAMGAME/PREFABS/PLAYABLE-CHARACTERS/Resources/Liam.prefab
  artifactKey: Guid(5cc5690ff4704ff40a1e532e9ce97ea9) Importer(815301076,1909f56bfc062723c751e8b465ee728b)
Start importing Assets/SAMGAME/PREFABS/PLAYABLE-CHARACTERS/Resources/Liam.prefab using Guid(5cc5690ff4704ff40a1e532e9ce97ea9) Importer(815301076,1909f56bfc062723c751e8b465ee728b)  -> (artifact id: '834d5d2b8f2d7e8788ee8cb02e7070a4') in 0.229862 seconds
  Import took 0.266109 seconds .

========================================================================
Received Import Request.
  Time since last request: 43.129537 seconds.
  path: Assets/SAMGAME/TESTS/CodeFiles/LevelSpawner.cs
  artifactKey: Guid(6311026628ee3d34e9931581f407609a) Importer(815301076,1909f56bfc062723c751e8b465ee728b)
Start importing Assets/SAMGAME/TESTS/CodeFiles/LevelSpawner.cs using Guid(6311026628ee3d34e9931581f407609a) Importer(815301076,1909f56bfc062723c751e8b465ee728b)  -> (artifact id: '56e41c1d5190f8c0f664d519257b63c3') in 0.129760 seconds
  Import took 0.236933 seconds .

========================================================================
Received Prepare
Registering precompiled user dll's ...
Registered in 0.005291 seconds.
Begin MonoManager ReloadAssembly
Native extension for WindowsStandalone target not found
Refreshing native plugins compatible for Editor in 0.98 ms, found 0 plugins.
Preloading 0 native plugins for Editor in 0.00 ms.
Warning: Annotation not found!
UnityEngine.StackTraceUtility:ExtractStackTrace ()
UnityEditor.ProBuilder.EditorUtility:SetGizmoIconEnabled (System.Type,bool) (at Library/PackageCache/com.unity.probuilder@4.5.0/Editor/EditorCore/EditorUtility.cs:593)
UnityEditor.ProBuilder.HierarchyListener:.cctor () (at Library/PackageCache/com.unity.probuilder@4.5.0/Editor/EditorCore/HierarchyListener.cs:21)
System.Runtime.CompilerServices.RuntimeHelpers:RunClassConstructor (System.RuntimeTypeHandle)
UnityEditor.EditorAssemblies:ProcessInitializeOnLoadAttributes (System.Type[])

[Library/PackageCache/com.unity.probuilder@4.5.0/Editor/EditorCore/EditorUtility.cs line 593]

Mono: successfully reloaded assembly
- Completed reload, in  3.098 seconds
Platform modules already initialized, skipping
Switching build target platform(5) subTarget(0) extendedPlatform(0) -> platform(13) subTarget(537395200) extendedPlatform(0)
Shader 'Universal Render Pipeline/Particles/Lit': fallback shader 'Universal Render Pipeline/Particles/SimpleLit' not found
Refreshing native plugins compatible for Editor in 0.99 ms, found 0 plugins.
Preloading 0 native plugins for Editor in 0.00 ms.
Unloading 2894 Unused Serialized files (Serialized files now loaded: 0)
System memory in use before: 147.8 MB.
System memory in use after: 148.0 MB.

Unloading 10 unused Assets to reduce memory usage. Loaded Objects now: 3529.
Total: 5.298500 ms (FindLiveObjects: 0.464900 ms CreateObjectMapping: 0.260100 ms MarkObjects: 4.345100 ms  DeleteObjects: 0.226200 ms)

AssetImportParameters requested are different than current active one (requested -> active):
  custom:graphics/normal-map-encoding: 01000000000000000000000000000000 -> 02000000000000000000000000000000
========================================================================
Received Prepare
Registering precompiled user dll's ...
Registered in 0.002798 seconds.
Begin MonoManager ReloadAssembly
Native extension for WindowsStandalone target not found
Refreshing native plugins compatible for Editor in 0.97 ms, found 0 plugins.
Preloading 0 native plugins for Editor in 0.00 ms.
Warning: Annotation not found!
UnityEngine.StackTraceUtility:ExtractStackTrace ()
UnityEditor.ProBuilder.EditorUtility:SetGizmoIconEnabled (System.Type,bool) (at Library/PackageCache/com.unity.probuilder@4.5.0/Editor/EditorCore/EditorUtility.cs:593)
UnityEditor.ProBuilder.HierarchyListener:.cctor () (at Library/PackageCache/com.unity.probuilder@4.5.0/Editor/EditorCore/HierarchyListener.cs:21)
System.Runtime.CompilerServices.RuntimeHelpers:RunClassConstructor (System.RuntimeTypeHandle)
UnityEditor.EditorAssemblies:ProcessInitializeOnLoadAttributes (System.Type[])

[Library/PackageCache/com.unity.probuilder@4.5.0/Editor/EditorCore/EditorUtility.cs line 593]

Mono: successfully reloaded assembly
- Completed reload, in  2.193 seconds
Platform modules already initialized, skipping
Switching build target platform(5) subTarget(0) extendedPlatform(0) -> platform(13) subTarget(537395200) extendedPlatform(0)
Shader 'Universal Render Pipeline/Particles/Lit': fallback shader 'Universal Render Pipeline/Particles/SimpleLit' not found
Refreshing native plugins compatible for Editor in 1.06 ms, found 0 plugins.
Preloading 0 native plugins for Editor in 0.00 ms.
Unloading 2894 Unused Serialized files (Serialized files now loaded: 0)
System memory in use before: 147.8 MB.
System memory in use after: 148.0 MB.

Unloading 10 unused Assets to reduce memory usage. Loaded Objects now: 3532.
Total: 6.158100 ms (FindLiveObjects: 0.612500 ms CreateObjectMapping: 0.381500 ms MarkObjects: 5.040200 ms  DeleteObjects: 0.121300 ms)

AssetImportParameters requested are different than current active one (requested -> active):
  custom:graphics/normal-map-encoding: 01000000000000000000000000000000 -> 02000000000000000000000000000000
========================================================================
Received Import Request.
  Time since last request: 479.578738 seconds.
  path: Assets/SAMGAME/TESTS/CodeFiles/LevelSpawner.cs
  artifactKey: Guid(6311026628ee3d34e9931581f407609a) Importer(815301076,1909f56bfc062723c751e8b465ee728b)
Start importing Assets/SAMGAME/TESTS/CodeFiles/LevelSpawner.cs using Guid(6311026628ee3d34e9931581f407609a) Importer(815301076,1909f56bfc062723c751e8b465ee728b)  -> (artifact id: 'aa39761347332a0e925dbe83e92f1052') in 0.009183 seconds
  Import took 0.056035 seconds .

========================================================================
Received Prepare
Registering precompiled user dll's ...
Registered in 0.003497 seconds.
Begin MonoManager ReloadAssembly
Native extension for WindowsStandalone target not found
Refreshing native plugins compatible for Editor in 1.04 ms, found 0 plugins.
Preloading 0 native plugins for Editor in 0.00 ms.
Warning: Annotation not found!
UnityEngine.StackTraceUtility:ExtractStackTrace ()
UnityEditor.ProBuilder.EditorUtility:SetGizmoIconEnabled (System.Type,bool) (at Library/PackageCache/com.unity.probuilder@4.5.0/Editor/EditorCore/EditorUtility.cs:593)
UnityEditor.ProBuilder.HierarchyListener:.cctor () (at Library/PackageCache/com.unity.probuilder@4.5.0/Editor/EditorCore/HierarchyListener.cs:21)
System.Runtime.CompilerServices.RuntimeHelpers:RunClassConstructor (System.RuntimeTypeHandle)
UnityEditor.EditorAssemblies:ProcessInitializeOnLoadAttributes (System.Type[])

[Library/PackageCache/com.unity.probuilder@4.5.0/Editor/EditorCore/EditorUtility.cs line 593]

Mono: successfully reloaded assembly
- Completed reload, in  2.382 seconds
Platform modules already initialized, skipping
Switching build target platform(5) subTarget(0) extendedPlatform(0) -> platform(13) subTarget(537395200) extendedPlatform(0)
Shader 'Universal Render Pipeline/Particles/Lit': fallback shader 'Universal Render Pipeline/Particles/SimpleLit' not found
Refreshing native plugins compatible for Editor in 0.97 ms, found 0 plugins.
Preloading 0 native plugins for Editor in 0.00 ms.
Unloading 2894 Unused Serialized files (Serialized files now loaded: 0)
System memory in use before: 147.9 MB.
System memory in use after: 148.1 MB.

Unloading 10 unused Assets to reduce memory usage. Loaded Objects now: 3535.
Total: 5.448700 ms (FindLiveObjects: 0.509600 ms CreateObjectMapping: 0.283500 ms MarkObjects: 4.538700 ms  DeleteObjects: 0.114800 ms)

AssetImportParameters requested are different than current active one (requested -> active):
  custom:graphics/normal-map-encoding: 01000000000000000000000000000000 -> 02000000000000000000000000000000
========================================================================
Received Prepare
Registering precompiled user dll's ...
Registered in 0.002887 seconds.
Begin MonoManager ReloadAssembly
Native extension for WindowsStandalone target not found
Refreshing native plugins compatible for Editor in 0.98 ms, found 0 plugins.
Preloading 0 native plugins for Editor in 0.00 ms.
Warning: Annotation not found!
UnityEngine.StackTraceUtility:ExtractStackTrace ()
UnityEditor.ProBuilder.EditorUtility:SetGizmoIconEnabled (System.Type,bool) (at Library/PackageCache/com.unity.probuilder@4.5.0/Editor/EditorCore/EditorUtility.cs:593)
UnityEditor.ProBuilder.HierarchyListener:.cctor () (at Library/PackageCache/com.unity.probuilder@4.5.0/Editor/EditorCore/HierarchyListener.cs:21)
System.Runtime.CompilerServices.RuntimeHelpers:RunClassConstructor (System.RuntimeTypeHandle)
UnityEditor.EditorAssemblies:ProcessInitializeOnLoadAttributes (System.Type[])

[Library/PackageCache/com.unity.probuilder@4.5.0/Editor/EditorCore/EditorUtility.cs line 593]

Mono: successfully reloaded assembly
- Completed reload, in  2.196 seconds
Platform modules already initialized, skipping
Switching build target platform(5) subTarget(0) extendedPlatform(0) -> platform(13) subTarget(537395200) extendedPlatform(0)
Shader 'Universal Render Pipeline/Particles/Lit': fallback shader 'Universal Render Pipeline/Particles/SimpleLit' not found
Refreshing native plugins compatible for Editor in 0.96 ms, found 0 plugins.
Preloading 0 native plugins for Editor in 0.00 ms.
Unloading 2894 Unused Serialized files (Serialized files now loaded: 0)
System memory in use before: 147.9 MB.
System memory in use after: 148.1 MB.

Unloading 10 unused Assets to reduce memory usage. Loaded Objects now: 3538.
Total: 5.604900 ms (FindLiveObjects: 0.509100 ms CreateObjectMapping: 0.311700 ms MarkObjects: 4.646700 ms  DeleteObjects: 0.135100 ms)

AssetImportParameters requested are different than current active one (requested -> active):
  custom:graphics/normal-map-encoding: 01000000000000000000000000000000 -> 02000000000000000000000000000000
========================================================================
Received Import Request.
  Time since last request: 486.924476 seconds.
  path: Assets/SAMGAME/TESTS/CodeFiles/LevelSpawner.cs
  artifactKey: Guid(6311026628ee3d34e9931581f407609a) Importer(815301076,1909f56bfc062723c751e8b465ee728b)
Start importing Assets/SAMGAME/TESTS/CodeFiles/LevelSpawner.cs using Guid(6311026628ee3d34e9931581f407609a) Importer(815301076,1909f56bfc062723c751e8b465ee728b)  -> (artifact id: '91be41f0a3e09f9182f8efa9e8aaceac') in 0.011576 seconds
  Import took 0.123749 seconds .

========================================================================
Received Prepare
Registering precompiled user dll's ...
Registered in 0.002772 seconds.
Begin MonoManager ReloadAssembly
Native extension for WindowsStandalone target not found
Refreshing native plugins compatible for Editor in 0.96 ms, found 0 plugins.
Preloading 0 native plugins for Editor in 0.00 ms.
Warning: Annotation not found!
UnityEngine.StackTraceUtility:ExtractStackTrace ()
UnityEditor.ProBuilder.EditorUtility:SetGizmoIconEnabled (System.Type,bool) (at Library/PackageCache/com.unity.probuilder@4.5.0/Editor/EditorCore/EditorUtility.cs:593)
UnityEditor.ProBuilder.HierarchyListener:.cctor () (at Library/PackageCache/com.unity.probuilder@4.5.0/Editor/EditorCore/HierarchyListener.cs:21)
System.Runtime.CompilerServices.RuntimeHelpers:RunClassConstructor (System.RuntimeTypeHandle)
UnityEditor.EditorAssemblies:ProcessInitializeOnLoadAttributes (System.Type[])

[Library/PackageCache/com.unity.probuilder@4.5.0/Editor/EditorCore/EditorUtility.cs line 593]

Mono: successfully reloaded assembly
- Completed reload, in  2.154 seconds
Platform modules already initialized, skipping
Switching build target platform(5) subTarget(0) extendedPlatform(0) -> platform(13) subTarget(537395200) extendedPlatform(0)
Shader 'Universal Render Pipeline/Particles/Lit': fallback shader 'Universal Render Pipeline/Particles/SimpleLit' not found
Refreshing native plugins compatible for Editor in 0.96 ms, found 0 plugins.
Preloading 0 native plugins for Editor in 0.00 ms.
Unloading 2894 Unused Serialized files (Serialized files now loaded: 0)
System memory in use before: 147.9 MB.
System memory in use after: 148.1 MB.

Unloading 10 unused Assets to reduce memory usage. Loaded Objects now: 3541.
Total: 5.291700 ms (FindLiveObjects: 0.480200 ms CreateObjectMapping: 0.294200 ms MarkObjects: 4.404100 ms  DeleteObjects: 0.111500 ms)

AssetImportParameters requested are different than current active one (requested -> active):
  custom:graphics/normal-map-encoding: 01000000000000000000000000000000 -> 02000000000000000000000000000000
========================================================================
Received Import Request.
  Time since last request: 33.315240 seconds.
  path: Assets/SAMGAME/TESTS/CodeFiles/LevelSpawner.cs
  artifactKey: Guid(6311026628ee3d34e9931581f407609a) Importer(815301076,1909f56bfc062723c751e8b465ee728b)
Start importing Assets/SAMGAME/TESTS/CodeFiles/LevelSpawner.cs using Guid(6311026628ee3d34e9931581f407609a) Importer(815301076,1909f56bfc062723c751e8b465ee728b)  -> (artifact id: 'ea4ee4b4faf3204504277eba54d0d7e4') in 0.009505 seconds
  Import took 0.083998 seconds .

========================================================================
Received Prepare
Registering precompiled user dll's ...
Registered in 0.002910 seconds.
Begin MonoManager ReloadAssembly
Native extension for WindowsStandalone target not found
Refreshing native plugins compatible for Editor in 0.98 ms, found 0 plugins.
Preloading 0 native plugins for Editor in 0.00 ms.
Warning: Annotation not found!
UnityEngine.StackTraceUtility:ExtractStackTrace ()
UnityEditor.ProBuilder.EditorUtility:SetGizmoIconEnabled (System.Type,bool) (at Library/PackageCache/com.unity.probuilder@4.5.0/Editor/EditorCore/EditorUtility.cs:593)
UnityEditor.ProBuilder.HierarchyListener:.cctor () (at Library/PackageCache/com.unity.probuilder@4.5.0/Editor/EditorCore/HierarchyListener.cs:21)
System.Runtime.CompilerServices.RuntimeHelpers:RunClassConstructor (System.RuntimeTypeHandle)
UnityEditor.EditorAssemblies:ProcessInitializeOnLoadAttributes (System.Type[])

[Library/PackageCache/com.unity.probuilder@4.5.0/Editor/EditorCore/EditorUtility.cs line 593]

Mono: successfully reloaded assembly
- Completed reload, in  2.201 seconds
Platform modules already initialized, skipping
Switching build target platform(5) subTarget(0) extendedPlatform(0) -> platform(13) subTarget(537395200) extendedPlatform(0)
Shader 'Universal Render Pipeline/Particles/Lit': fallback shader 'Universal Render Pipeline/Particles/SimpleLit' not found
Refreshing native plugins compatible for Editor in 0.95 ms, found 0 plugins.
Preloading 0 native plugins for Editor in 0.00 ms.
Unloading 2894 Unused Serialized files (Serialized files now loaded: 0)
System memory in use before: 147.9 MB.
System memory in use after: 148.1 MB.

Unloading 10 unused Assets to reduce memory usage. Loaded Objects now: 3544.
Total: 5.105600 ms (FindLiveObjects: 0.475900 ms CreateObjectMapping: 0.273400 ms MarkObjects: 4.235500 ms  DeleteObjects: 0.118900 ms)

AssetImportParameters requested are different than current active one (requested -> active):
  custom:graphics/normal-map-encoding: 01000000000000000000000000000000 -> 02000000000000000000000000000000
========================================================================
Received Prepare
Registering precompiled user dll's ...
Registered in 0.002890 seconds.
Begin MonoManager ReloadAssembly
Native extension for WindowsStandalone target not found
Refreshing native plugins compatible for Editor in 0.96 ms, found 0 plugins.
Preloading 0 native plugins for Editor in 0.00 ms.
Warning: Annotation not found!
UnityEngine.StackTraceUtility:ExtractStackTrace ()
UnityEditor.ProBuilder.EditorUtility:SetGizmoIconEnabled (System.Type,bool) (at Library/PackageCache/com.unity.probuilder@4.5.0/Editor/EditorCore/EditorUtility.cs:593)
UnityEditor.ProBuilder.HierarchyListener:.cctor () (at Library/PackageCache/com.unity.probuilder@4.5.0/Editor/EditorCore/HierarchyListener.cs:21)
System.Runtime.CompilerServices.RuntimeHelpers:RunClassConstructor (System.RuntimeTypeHandle)
UnityEditor.EditorAssemblies:ProcessInitializeOnLoadAttributes (System.Type[])

[Library/PackageCache/com.unity.probuilder@4.5.0/Editor/EditorCore/EditorUtility.cs line 593]

Mono: successfully reloaded assembly
- Completed reload, in  2.202 seconds
Platform modules already initialized, skipping
Switching build target platform(5) subTarget(0) extendedPlatform(0) -> platform(13) subTarget(537395200) extendedPlatform(0)
Shader 'Universal Render Pipeline/Particles/Lit': fallback shader 'Universal Render Pipeline/Particles/SimpleLit' not found
Refreshing native plugins compatible for Editor in 0.96 ms, found 0 plugins.
Preloading 0 native plugins for Editor in 0.00 ms.
Unloading 2894 Unused Serialized files (Serialized files now loaded: 0)
System memory in use before: 147.9 MB.
System memory in use after: 148.1 MB.

Unloading 10 unused Assets to reduce memory usage. Loaded Objects now: 3547.
Total: 5.494600 ms (FindLiveObjects: 0.480600 ms CreateObjectMapping: 0.260900 ms MarkObjects: 4.634900 ms  DeleteObjects: 0.116200 ms)

AssetImportParameters requested are different than current active one (requested -> active):
  custom:graphics/normal-map-encoding: 01000000000000000000000000000000 -> 02000000000000000000000000000000
========================================================================
Received Prepare
Registering precompiled user dll's ...
Registered in 0.002846 seconds.
Begin MonoManager ReloadAssembly
Native extension for WindowsStandalone target not found
Refreshing native plugins compatible for Editor in 0.97 ms, found 0 plugins.
Preloading 0 native plugins for Editor in 0.00 ms.
Warning: Annotation not found!
UnityEngine.StackTraceUtility:ExtractStackTrace ()
UnityEditor.ProBuilder.EditorUtility:SetGizmoIconEnabled (System.Type,bool) (at Library/PackageCache/com.unity.probuilder@4.5.0/Editor/EditorCore/EditorUtility.cs:593)
UnityEditor.ProBuilder.HierarchyListener:.cctor () (at Library/PackageCache/com.unity.probuilder@4.5.0/Editor/EditorCore/HierarchyListener.cs:21)
System.Runtime.CompilerServices.RuntimeHelpers:RunClassConstructor (System.RuntimeTypeHandle)
UnityEditor.EditorAssemblies:ProcessInitializeOnLoadAttributes (System.Type[])

[Library/PackageCache/com.unity.probuilder@4.5.0/Editor/EditorCore/EditorUtility.cs line 593]

Mono: successfully reloaded assembly
- Completed reload, in  2.223 seconds
Platform modules already initialized, skipping
Switching build target platform(5) subTarget(0) extendedPlatform(0) -> platform(13) subTarget(537395200) extendedPlatform(0)
Shader 'Universal Render Pipeline/Particles/Lit': fallback shader 'Universal Render Pipeline/Particles/SimpleLit' not found
Refreshing native plugins compatible for Editor in 0.97 ms, found 0 plugins.
Preloading 0 native plugins for Editor in 0.00 ms.
Unloading 2894 Unused Serialized files (Serialized files now loaded: 0)
System memory in use before: 147.9 MB.
System memory in use after: 148.1 MB.

Unloading 10 unused Assets to reduce memory usage. Loaded Objects now: 3550.
Total: 5.464000 ms (FindLiveObjects: 0.499200 ms CreateObjectMapping: 0.269400 ms MarkObjects: 4.568700 ms  DeleteObjects: 0.124600 ms)

AssetImportParameters requested are different than current active one (requested -> active):
  custom:graphics/normal-map-encoding: 01000000000000000000000000000000 -> 02000000000000000000000000000000
========================================================================
Received Prepare
Registering precompiled user dll's ...
Registered in 0.002897 seconds.
Begin MonoManager ReloadAssembly
Native extension for WindowsStandalone target not found
Refreshing native plugins compatible for Editor in 1.01 ms, found 0 plugins.
Preloading 0 native plugins for Editor in 0.00 ms.
Warning: Annotation not found!
UnityEngine.StackTraceUtility:ExtractStackTrace ()
UnityEditor.ProBuilder.EditorUtility:SetGizmoIconEnabled (System.Type,bool) (at Library/PackageCache/com.unity.probuilder@4.5.0/Editor/EditorCore/EditorUtility.cs:593)
UnityEditor.ProBuilder.HierarchyListener:.cctor () (at Library/PackageCache/com.unity.probuilder@4.5.0/Editor/EditorCore/HierarchyListener.cs:21)
System.Runtime.CompilerServices.RuntimeHelpers:RunClassConstructor (System.RuntimeTypeHandle)
UnityEditor.EditorAssemblies:ProcessInitializeOnLoadAttributes (System.Type[])

[Library/PackageCache/com.unity.probuilder@4.5.0/Editor/EditorCore/EditorUtility.cs line 593]

Mono: successfully reloaded assembly
- Completed reload, in  2.286 seconds
Platform modules already initialized, skipping
Switching build target platform(5) subTarget(0) extendedPlatform(0) -> platform(13) subTarget(537395200) extendedPlatform(0)
Shader 'Universal Render Pipeline/Particles/Lit': fallback shader 'Universal Render Pipeline/Particles/SimpleLit' not found
Refreshing native plugins compatible for Editor in 1.01 ms, found 0 plugins.
Preloading 0 native plugins for Editor in 0.00 ms.
Unloading 2894 Unused Serialized files (Serialized files now loaded: 0)
System memory in use before: 147.9 MB.
System memory in use after: 148.1 MB.

Unloading 10 unused Assets to reduce memory usage. Loaded Objects now: 3553.
Total: 5.731500 ms (FindLiveObjects: 0.532600 ms CreateObjectMapping: 0.337900 ms MarkObjects: 4.742300 ms  DeleteObjects: 0.116500 ms)

AssetImportParameters requested are different than current active one (requested -> active):
  custom:graphics/normal-map-encoding: 01000000000000000000000000000000 -> 02000000000000000000000000000000
========================================================================
Received Prepare
Registering precompiled user dll's ...
Registered in 0.002769 seconds.
Begin MonoManager ReloadAssembly
Native extension for WindowsStandalone target not found
Refreshing native plugins compatible for Editor in 0.96 ms, found 0 plugins.
Preloading 0 native plugins for Editor in 0.00 ms.
Warning: Annotation not found!
UnityEngine.StackTraceUtility:ExtractStackTrace ()
UnityEditor.ProBuilder.EditorUtility:SetGizmoIconEnabled (System.Type,bool) (at Library/PackageCache/com.unity.probuilder@4.5.0/Editor/EditorCore/EditorUtility.cs:593)
UnityEditor.ProBuilder.HierarchyListener:.cctor () (at Library/PackageCache/com.unity.probuilder@4.5.0/Editor/EditorCore/HierarchyListener.cs:21)
System.Runtime.CompilerServices.RuntimeHelpers:RunClassConstructor (System.RuntimeTypeHandle)
UnityEditor.EditorAssemblies:ProcessInitializeOnLoadAttributes (System.Type[])

[Library/PackageCache/com.unity.probuilder@4.5.0/Editor/EditorCore/EditorUtility.cs line 593]

Mono: successfully reloaded assembly
- Completed reload, in  2.311 seconds
Platform modules already initialized, skipping
Switching build target platform(5) subTarget(0) extendedPlatform(0) -> platform(13) subTarget(537395200) extendedPlatform(0)
Shader 'Universal Render Pipeline/Particles/Lit': fallback shader 'Universal Render Pipeline/Particles/SimpleLit' not found
Refreshing native plugins compatible for Editor in 0.96 ms, found 0 plugins.
Preloading 0 native plugins for Editor in 0.00 ms.
Unloading 2894 Unused Serialized files (Serialized files now loaded: 0)
System memory in use before: 147.9 MB.
System memory in use after: 148.1 MB.

Unloading 10 unused Assets to reduce memory usage. Loaded Objects now: 3556.
Total: 5.262400 ms (FindLiveObjects: 0.505500 ms CreateObjectMapping: 0.293200 ms MarkObjects: 4.352500 ms  DeleteObjects: 0.109700 ms)

AssetImportParameters requested are different than current active one (requested -> active):
  custom:graphics/normal-map-encoding: 01000000000000000000000000000000 -> 02000000000000000000000000000000
========================================================================
Received Prepare
Registering precompiled user dll's ...
Registered in 0.002818 seconds.
Begin MonoManager ReloadAssembly
Native extension for WindowsStandalone target not found
Refreshing native plugins compatible for Editor in 0.96 ms, found 0 plugins.
Preloading 0 native plugins for Editor in 0.00 ms.
Warning: Annotation not found!
UnityEngine.StackTraceUtility:ExtractStackTrace ()
UnityEditor.ProBuilder.EditorUtility:SetGizmoIconEnabled (System.Type,bool) (at Library/PackageCache/com.unity.probuilder@4.5.0/Editor/EditorCore/EditorUtility.cs:593)
UnityEditor.ProBuilder.HierarchyListener:.cctor () (at Library/PackageCache/com.unity.probuilder@4.5.0/Editor/EditorCore/HierarchyListener.cs:21)
System.Runtime.CompilerServices.RuntimeHelpers:RunClassConstructor (System.RuntimeTypeHandle)
UnityEditor.EditorAssemblies:ProcessInitializeOnLoadAttributes (System.Type[])

[Library/PackageCache/com.unity.probuilder@4.5.0/Editor/EditorCore/EditorUtility.cs line 593]

Mono: successfully reloaded assembly
- Completed reload, in  2.248 seconds
Platform modules already initialized, skipping
Switching build target platform(5) subTarget(0) extendedPlatform(0) -> platform(13) subTarget(537395200) extendedPlatform(0)
Shader 'Universal Render Pipeline/Particles/Lit': fallback shader 'Universal Render Pipeline/Particles/SimpleLit' not found
Refreshing native plugins compatible for Editor in 0.96 ms, found 0 plugins.
Preloading 0 native plugins for Editor in 0.00 ms.
Unloading 2894 Unused Serialized files (Serialized files now loaded: 0)
System memory in use before: 148.0 MB.
System memory in use after: 148.1 MB.

Unloading 10 unused Assets to reduce memory usage. Loaded Objects now: 3559.
Total: 5.711500 ms (FindLiveObjects: 0.487400 ms CreateObjectMapping: 0.263600 ms MarkObjects: 4.832500 ms  DeleteObjects: 0.126100 ms)

AssetImportParameters requested are different than current active one (requested -> active):
  custom:graphics/normal-map-encoding: 01000000000000000000000000000000 -> 02000000000000000000000000000000
========================================================================
Received Import Request.
  Time since last request: 660.481958 seconds.
  path: Assets/SAMGAME/TESTS/CodeFiles/FightMode.cs
  artifactKey: Guid(b46613699fb34c841966a5b121fa745d) Importer(815301076,1909f56bfc062723c751e8b465ee728b)
Start importing Assets/SAMGAME/TESTS/CodeFiles/FightMode.cs using Guid(b46613699fb34c841966a5b121fa745d) Importer(815301076,1909f56bfc062723c751e8b465ee728b)  -> (artifact id: '563a21db28a6eb1abbc7b45d1f474837') in 0.032885 seconds
  Import took 0.073704 seconds .

========================================================================
Received Prepare
Registering precompiled user dll's ...
Registered in 0.004152 seconds.
Begin MonoManager ReloadAssembly
Native extension for WindowsStandalone target not found
Refreshing native plugins compatible for Editor in 0.96 ms, found 0 plugins.
Preloading 0 native plugins for Editor in 0.00 ms.
Warning: Annotation not found!
UnityEngine.StackTraceUtility:ExtractStackTrace ()
UnityEditor.ProBuilder.EditorUtility:SetGizmoIconEnabled (System.Type,bool) (at Library/PackageCache/com.unity.probuilder@4.5.0/Editor/EditorCore/EditorUtility.cs:593)
UnityEditor.ProBuilder.HierarchyListener:.cctor () (at Library/PackageCache/com.unity.probuilder@4.5.0/Editor/EditorCore/HierarchyListener.cs:21)
System.Runtime.CompilerServices.RuntimeHelpers:RunClassConstructor (System.RuntimeTypeHandle)
UnityEditor.EditorAssemblies:ProcessInitializeOnLoadAttributes (System.Type[])

[Library/PackageCache/com.unity.probuilder@4.5.0/Editor/EditorCore/EditorUtility.cs line 593]

Mono: successfully reloaded assembly
- Completed reload, in  2.373 seconds
Platform modules already initialized, skipping
Switching build target platform(5) subTarget(0) extendedPlatform(0) -> platform(13) subTarget(537395200) extendedPlatform(0)
Shader 'Universal Render Pipeline/Particles/Lit': fallback shader 'Universal Render Pipeline/Particles/SimpleLit' not found
Refreshing native plugins compatible for Editor in 0.98 ms, found 0 plugins.
Preloading 0 native plugins for Editor in 0.00 ms.
Unloading 2895 Unused Serialized files (Serialized files now loaded: 0)
System memory in use before: 148.0 MB.
System memory in use after: 148.2 MB.

Unloading 10 unused Assets to reduce memory usage. Loaded Objects now: 3563.
Total: 5.571100 ms (FindLiveObjects: 0.468900 ms CreateObjectMapping: 0.285800 ms MarkObjects: 4.688100 ms  DeleteObjects: 0.126500 ms)

AssetImportParameters requested are different than current active one (requested -> active):
  custom:graphics/normal-map-encoding: 01000000000000000000000000000000 -> 02000000000000000000000000000000
========================================================================
Received Prepare
Registering precompiled user dll's ...
Registered in 0.002872 seconds.
Begin MonoManager ReloadAssembly
Native extension for WindowsStandalone target not found
Refreshing native plugins compatible for Editor in 0.96 ms, found 0 plugins.
Preloading 0 native plugins for Editor in 0.00 ms.
Warning: Annotation not found!
UnityEngine.StackTraceUtility:ExtractStackTrace ()
UnityEditor.ProBuilder.EditorUtility:SetGizmoIconEnabled (System.Type,bool) (at Library/PackageCache/com.unity.probuilder@4.5.0/Editor/EditorCore/EditorUtility.cs:593)
UnityEditor.ProBuilder.HierarchyListener:.cctor () (at Library/PackageCache/com.unity.probuilder@4.5.0/Editor/EditorCore/HierarchyListener.cs:21)
System.Runtime.CompilerServices.RuntimeHelpers:RunClassConstructor (System.RuntimeTypeHandle)
UnityEditor.EditorAssemblies:ProcessInitializeOnLoadAttributes (System.Type[])

[Library/PackageCache/com.unity.probuilder@4.5.0/Editor/EditorCore/EditorUtility.cs line 593]

Mono: successfully reloaded assembly
- Completed reload, in  2.252 seconds
Platform modules already initialized, skipping
Switching build target platform(5) subTarget(0) extendedPlatform(0) -> platform(13) subTarget(537395200) extendedPlatform(0)
Shader 'Universal Render Pipeline/Particles/Lit': fallback shader 'Universal Render Pipeline/Particles/SimpleLit' not found
Refreshing native plugins compatible for Editor in 0.98 ms, found 0 plugins.
Preloading 0 native plugins for Editor in 0.00 ms.
Unloading 2895 Unused Serialized files (Serialized files now loaded: 0)
System memory in use before: 148.0 MB.
System memory in use after: 148.2 MB.

Unloading 10 unused Assets to reduce memory usage. Loaded Objects now: 3566.
Total: 5.568100 ms (FindLiveObjects: 0.528000 ms CreateObjectMapping: 0.263300 ms MarkObjects: 4.654000 ms  DeleteObjects: 0.121000 ms)

AssetImportParameters requested are different than current active one (requested -> active):
  custom:graphics/normal-map-encoding: 01000000000000000000000000000000 -> 02000000000000000000000000000000
========================================================================
Received Import Request.
  Time since last request: 101.372853 seconds.
  path: Assets/SAMGAME/TESTS/CodeFiles/FightMode.cs
  artifactKey: Guid(b46613699fb34c841966a5b121fa745d) Importer(815301076,1909f56bfc062723c751e8b465ee728b)
Start importing Assets/SAMGAME/TESTS/CodeFiles/FightMode.cs using Guid(b46613699fb34c841966a5b121fa745d) Importer(815301076,1909f56bfc062723c751e8b465ee728b)  -> (artifact id: 'd61fd281f6a28225e25db9618ed75c28') in 0.009768 seconds
  Import took 0.466884 seconds .

========================================================================
Received Import Request.
  Time since last request: 17.723966 seconds.
  path: Assets/SAMGAME/TESTS/CodeFiles/SwtichFightMod.asset
  artifactKey: Guid(3a082a6b813ab2b45a34ace586a42e17) Importer(815301076,1909f56bfc062723c751e8b465ee728b)
Start importing Assets/SAMGAME/TESTS/CodeFiles/SwtichFightMod.asset using Guid(3a082a6b813ab2b45a34ace586a42e17) Importer(815301076,1909f56bfc062723c751e8b465ee728b)  -> (artifact id: 'b11abd0b9c8c45e2426474e4333aa2eb') in 0.044174 seconds
  Import took 0.075159 seconds .

========================================================================
Received Prepare
Registering precompiled user dll's ...
Registered in 0.002815 seconds.
Begin MonoManager ReloadAssembly
Native extension for WindowsStandalone target not found
Refreshing native plugins compatible for Editor in 0.95 ms, found 0 plugins.
Preloading 0 native plugins for Editor in 0.00 ms.
Warning: Annotation not found!
UnityEngine.StackTraceUtility:ExtractStackTrace ()
UnityEditor.ProBuilder.EditorUtility:SetGizmoIconEnabled (System.Type,bool) (at Library/PackageCache/com.unity.probuilder@4.5.0/Editor/EditorCore/EditorUtility.cs:593)
UnityEditor.ProBuilder.HierarchyListener:.cctor () (at Library/PackageCache/com.unity.probuilder@4.5.0/Editor/EditorCore/HierarchyListener.cs:21)
System.Runtime.CompilerServices.RuntimeHelpers:RunClassConstructor (System.RuntimeTypeHandle)
UnityEditor.EditorAssemblies:ProcessInitializeOnLoadAttributes (System.Type[])

[Library/PackageCache/com.unity.probuilder@4.5.0/Editor/EditorCore/EditorUtility.cs line 593]

Mono: successfully reloaded assembly
- Completed reload, in  2.310 seconds
Platform modules already initialized, skipping
Switching build target platform(5) subTarget(0) extendedPlatform(0) -> platform(13) subTarget(537395200) extendedPlatform(0)
Shader 'Universal Render Pipeline/Particles/Lit': fallback shader 'Universal Render Pipeline/Particles/SimpleLit' not found
Refreshing native plugins compatible for Editor in 0.97 ms, found 0 plugins.
Preloading 0 native plugins for Editor in 0.00 ms.
Unloading 2895 Unused Serialized files (Serialized files now loaded: 0)
System memory in use before: 148.0 MB.
System memory in use after: 148.2 MB.

Unloading 10 unused Assets to reduce memory usage. Loaded Objects now: 3569.
Total: 5.349900 ms (FindLiveObjects: 0.470900 ms CreateObjectMapping: 0.290000 ms MarkObjects: 4.458100 ms  DeleteObjects: 0.129100 ms)

AssetImportParameters requested are different than current active one (requested -> active):
  custom:graphics/normal-map-encoding: 01000000000000000000000000000000 -> 02000000000000000000000000000000
========================================================================
Received Import Request.
  Time since last request: 234.526415 seconds.
  path: Assets/SAMGAME/PREFABS/CharacterControlHolder.prefab
  artifactKey: Guid(18131f4d36f8c334abbc31b7a4181a83) Importer(815301076,1909f56bfc062723c751e8b465ee728b)
Start importing Assets/SAMGAME/PREFABS/CharacterControlHolder.prefab using Guid(18131f4d36f8c334abbc31b7a4181a83) Importer(815301076,1909f56bfc062723c751e8b465ee728b)  -> (artifact id: 'd8d9a84f30a263a6ce9130a48fc74995') in 0.056407 seconds
  Import took 0.077098 seconds .

========================================================================
Received Import Request.
  Time since last request: 0.000482 seconds.
  path: Assets/SAMGAME/PREFABS/OnStartSetup.prefab
  artifactKey: Guid(5b3fb2ff06279024186ba29c2e523dfd) Importer(815301076,1909f56bfc062723c751e8b465ee728b)
Start importing Assets/SAMGAME/PREFABS/OnStartSetup.prefab using Guid(5b3fb2ff06279024186ba29c2e523dfd) Importer(815301076,1909f56bfc062723c751e8b465ee728b)  -> (artifact id: 'adc1aab327eec0fd2f55e5564568a502') in 0.018484 seconds
  Import took 0.029696 seconds .

========================================================================
Received Import Request.
  Time since last request: 0.000442 seconds.
  path: Assets/SAMGAME/PREFABS/SceneLoader.prefab
  artifactKey: Guid(247feddcfafd9e64ab153f91ad3980fd) Importer(815301076,1909f56bfc062723c751e8b465ee728b)
Start importing Assets/SAMGAME/PREFABS/SceneLoader.prefab using Guid(247feddcfafd9e64ab153f91ad3980fd) Importer(815301076,1909f56bfc062723c751e8b465ee728b)  -> (artifact id: '4a9d1ac4475352734d25adad0ed63634') in 0.026791 seconds
  Import took 0.056153 seconds .

========================================================================
Received Import Request.
  Time since last request: 0.000403 seconds.
  path: Assets/SAMGAME/PREFABS/FPSShower.prefab
  artifactKey: Guid(ae92faaed90359b4eadcea1edbcd8905) Importer(815301076,1909f56bfc062723c751e8b465ee728b)
Start importing Assets/SAMGAME/PREFABS/FPSShower.prefab using Guid(ae92faaed90359b4eadcea1edbcd8905) Importer(815301076,1909f56bfc062723c751e8b465ee728b)  -> (artifact id: 'f815288b1cf009e6751ae6bdaf783672') in 0.019559 seconds
  Import took 0.051545 seconds .

========================================================================
Received Import Request.
  Time since last request: 2.528660 seconds.
  path: Assets/SAMGAME/StateDrivenCamera Blends.asset
  artifactKey: Guid(ca0abf858ddb31d4da580876951d1071) Importer(815301076,1909f56bfc062723c751e8b465ee728b)
Start importing Assets/SAMGAME/StateDrivenCamera Blends.asset using Guid(ca0abf858ddb31d4da580876951d1071) Importer(815301076,1909f56bfc062723c751e8b465ee728b)  -> (artifact id: 'fe470cd20fc5cc7e99f59e19c5ae960e') in 0.014942 seconds
  Import took 0.067869 seconds .

========================================================================
Received Prepare
Registering precompiled user dll's ...
Registered in 0.002812 seconds.
Begin MonoManager ReloadAssembly
Native extension for WindowsStandalone target not found
Refreshing native plugins compatible for Editor in 0.99 ms, found 0 plugins.
Preloading 0 native plugins for Editor in 0.00 ms.
Warning: Annotation not found!
UnityEngine.StackTraceUtility:ExtractStackTrace ()
UnityEditor.ProBuilder.EditorUtility:SetGizmoIconEnabled (System.Type,bool) (at Library/PackageCache/com.unity.probuilder@4.5.0/Editor/EditorCore/EditorUtility.cs:593)
UnityEditor.ProBuilder.HierarchyListener:.cctor () (at Library/PackageCache/com.unity.probuilder@4.5.0/Editor/EditorCore/HierarchyListener.cs:21)
System.Runtime.CompilerServices.RuntimeHelpers:RunClassConstructor (System.RuntimeTypeHandle)
UnityEditor.EditorAssemblies:ProcessInitializeOnLoadAttributes (System.Type[])

[Library/PackageCache/com.unity.probuilder@4.5.0/Editor/EditorCore/EditorUtility.cs line 593]

Mono: successfully reloaded assembly
- Completed reload, in  2.326 seconds
Platform modules already initialized, skipping
Switching build target platform(5) subTarget(0) extendedPlatform(0) -> platform(13) subTarget(537395200) extendedPlatform(0)
Shader 'Universal Render Pipeline/Particles/Lit': fallback shader 'Universal Render Pipeline/Particles/SimpleLit' not found
Refreshing native plugins compatible for Editor in 1.01 ms, found 0 plugins.
Preloading 0 native plugins for Editor in 0.00 ms.
Unloading 2895 Unused Serialized files (Serialized files now loaded: 0)
System memory in use before: 148.0 MB.
System memory in use after: 148.2 MB.

Unloading 10 unused Assets to reduce memory usage. Loaded Objects now: 3572.
Total: 5.501200 ms (FindLiveObjects: 0.510800 ms CreateObjectMapping: 0.258000 ms MarkObjects: 4.605700 ms  DeleteObjects: 0.124800 ms)

AssetImportParameters requested are different than current active one (requested -> active):
  custom:graphics/normal-map-encoding: 01000000000000000000000000000000 -> 02000000000000000000000000000000
========================================================================
Received Prepare
Registering precompiled user dll's ...
Registered in 0.002881 seconds.
Begin MonoManager ReloadAssembly
Native extension for WindowsStandalone target not found
Refreshing native plugins compatible for Editor in 0.98 ms, found 0 plugins.
Preloading 0 native plugins for Editor in 0.00 ms.
Warning: Annotation not found!
UnityEngine.StackTraceUtility:ExtractStackTrace ()
UnityEditor.ProBuilder.EditorUtility:SetGizmoIconEnabled (System.Type,bool) (at Library/PackageCache/com.unity.probuilder@4.5.0/Editor/EditorCore/EditorUtility.cs:593)
UnityEditor.ProBuilder.HierarchyListener:.cctor () (at Library/PackageCache/com.unity.probuilder@4.5.0/Editor/EditorCore/HierarchyListener.cs:21)
System.Runtime.CompilerServices.RuntimeHelpers:RunClassConstructor (System.RuntimeTypeHandle)
UnityEditor.EditorAssemblies:ProcessInitializeOnLoadAttributes (System.Type[])

[Library/PackageCache/com.unity.probuilder@4.5.0/Editor/EditorCore/EditorUtility.cs line 593]

Mono: successfully reloaded assembly
- Completed reload, in  2.322 seconds
Platform modules already initialized, skipping
Switching build target platform(5) subTarget(0) extendedPlatform(0) -> platform(13) subTarget(537395200) extendedPlatform(0)
Shader 'Universal Render Pipeline/Particles/Lit': fallback shader 'Universal Render Pipeline/Particles/SimpleLit' not found
Refreshing native plugins compatible for Editor in 0.98 ms, found 0 plugins.
Preloading 0 native plugins for Editor in 0.00 ms.
Unloading 2895 Unused Serialized files (Serialized files now loaded: 0)
System memory in use before: 148.0 MB.
System memory in use after: 148.2 MB.

Unloading 10 unused Assets to reduce memory usage. Loaded Objects now: 3575.
Total: 5.181400 ms (FindLiveObjects: 0.477000 ms CreateObjectMapping: 0.289300 ms MarkObjects: 4.290800 ms  DeleteObjects: 0.122200 ms)

AssetImportParameters requested are different than current active one (requested -> active):
  custom:graphics/normal-map-encoding: 01000000000000000000000000000000 -> 02000000000000000000000000000000
========================================================================
Received Import Request.
  Time since last request: 162.731793 seconds.
  path: Assets/SAMGAME/ANIMATOR/PLAYER-GAMEPLAY-ANIMATORS/Resources/PLAYERANIMATOR_NOAH.controller
  artifactKey: Guid(a143b1b50d73f3540a1b553f14207ea0) Importer(815301076,1909f56bfc062723c751e8b465ee728b)
Start importing Assets/SAMGAME/ANIMATOR/PLAYER-GAMEPLAY-ANIMATORS/Resources/PLAYERANIMATOR_NOAH.controller using Guid(a143b1b50d73f3540a1b553f14207ea0) Importer(815301076,1909f56bfc062723c751e8b465ee728b)  -> (artifact id: '854f7c198403cf5c093d6d078fc2a4ae') in 0.231779 seconds
  Import took 0.263321 seconds .

========================================================================
Received Prepare
Registering precompiled user dll's ...
Registered in 0.002803 seconds.
Begin MonoManager ReloadAssembly
Native extension for WindowsStandalone target not found
Refreshing native plugins compatible for Editor in 0.97 ms, found 0 plugins.
Preloading 0 native plugins for Editor in 0.00 ms.
Warning: Annotation not found!
UnityEngine.StackTraceUtility:ExtractStackTrace ()
UnityEditor.ProBuilder.EditorUtility:SetGizmoIconEnabled (System.Type,bool) (at Library/PackageCache/com.unity.probuilder@4.5.0/Editor/EditorCore/EditorUtility.cs:593)
UnityEditor.ProBuilder.HierarchyListener:.cctor () (at Library/PackageCache/com.unity.probuilder@4.5.0/Editor/EditorCore/HierarchyListener.cs:21)
System.Runtime.CompilerServices.RuntimeHelpers:RunClassConstructor (System.RuntimeTypeHandle)
UnityEditor.EditorAssemblies:ProcessInitializeOnLoadAttributes (System.Type[])

[Library/PackageCache/com.unity.probuilder@4.5.0/Editor/EditorCore/EditorUtility.cs line 593]

Mono: successfully reloaded assembly
- Completed reload, in  2.445 seconds
Platform modules already initialized, skipping
Switching build target platform(5) subTarget(0) extendedPlatform(0) -> platform(13) subTarget(537395200) extendedPlatform(0)
Shader 'Universal Render Pipeline/Particles/Lit': fallback shader 'Universal Render Pipeline/Particles/SimpleLit' not found
Refreshing native plugins compatible for Editor in 0.98 ms, found 0 plugins.
Preloading 0 native plugins for Editor in 0.00 ms.
Unloading 2895 Unused Serialized files (Serialized files now loaded: 0)
System memory in use before: 148.0 MB.
System memory in use after: 148.2 MB.

Unloading 10 unused Assets to reduce memory usage. Loaded Objects now: 3578.
Total: 5.682400 ms (FindLiveObjects: 0.504200 ms CreateObjectMapping: 0.266100 ms MarkObjects: 4.791600 ms  DeleteObjects: 0.118200 ms)

AssetImportParameters requested are different than current active one (requested -> active):
  custom:graphics/normal-map-encoding: 01000000000000000000000000000000 -> 02000000000000000000000000000000
========================================================================
Received Prepare
Registering precompiled user dll's ...
Registered in 0.002827 seconds.
Begin MonoManager ReloadAssembly
Native extension for WindowsStandalone target not found
Refreshing native plugins compatible for Editor in 0.98 ms, found 0 plugins.
Preloading 0 native plugins for Editor in 0.00 ms.
Warning: Annotation not found!
UnityEngine.StackTraceUtility:ExtractStackTrace ()
UnityEditor.ProBuilder.EditorUtility:SetGizmoIconEnabled (System.Type,bool) (at Library/PackageCache/com.unity.probuilder@4.5.0/Editor/EditorCore/EditorUtility.cs:593)
UnityEditor.ProBuilder.HierarchyListener:.cctor () (at Library/PackageCache/com.unity.probuilder@4.5.0/Editor/EditorCore/HierarchyListener.cs:21)
System.Runtime.CompilerServices.RuntimeHelpers:RunClassConstructor (System.RuntimeTypeHandle)
UnityEditor.EditorAssemblies:ProcessInitializeOnLoadAttributes (System.Type[])

[Library/PackageCache/com.unity.probuilder@4.5.0/Editor/EditorCore/EditorUtility.cs line 593]

Mono: successfully reloaded assembly
- Completed reload, in  2.272 seconds
Platform modules already initialized, skipping
Switching build target platform(5) subTarget(0) extendedPlatform(0) -> platform(13) subTarget(537395200) extendedPlatform(0)
Shader 'Universal Render Pipeline/Particles/Lit': fallback shader 'Universal Render Pipeline/Particles/SimpleLit' not found
Refreshing native plugins compatible for Editor in 0.97 ms, found 0 plugins.
Preloading 0 native plugins for Editor in 0.00 ms.
Unloading 2895 Unused Serialized files (Serialized files now loaded: 0)
System memory in use before: 148.0 MB.
System memory in use after: 148.2 MB.

Unloading 10 unused Assets to reduce memory usage. Loaded Objects now: 3581.
Total: 5.617000 ms (FindLiveObjects: 0.659500 ms CreateObjectMapping: 0.271800 ms MarkObjects: 4.543000 ms  DeleteObjects: 0.140000 ms)

AssetImportParameters requested are different than current active one (requested -> active):
  custom:graphics/normal-map-encoding: 01000000000000000000000000000000 -> 02000000000000000000000000000000
========================================================================
Received Import Request.
  Time since last request: 283.370124 seconds.
  path: Assets/SAMGAME/ANIMATOR/PLAYER-GAMEPLAY-ANIMATORS/Resources/PLAYERANIMATOR_LIAM_BackUp.controller
  artifactKey: Guid(bbb962cde992deb4d828f3f71c20c45d) Importer(815301076,1909f56bfc062723c751e8b465ee728b)
Start importing Assets/SAMGAME/ANIMATOR/PLAYER-GAMEPLAY-ANIMATORS/Resources/PLAYERANIMATOR_LIAM_BackUp.controller using Guid(bbb962cde992deb4d828f3f71c20c45d) Importer(815301076,1909f56bfc062723c751e8b465ee728b)  -> (artifact id: '87c64d985a91ea77d696c4665c38d1ed') in 0.210352 seconds
  Import took 0.239705 seconds .

========================================================================
Received Import Request.
  Time since last request: 5.420869 seconds.
  path: Assets/SAMGAME/ANIMATOR/PLAYER-GAMEPLAY-ANIMATORS/Resources/PLAYERANIMATOR_NOAH.controller
  artifactKey: Guid(a143b1b50d73f3540a1b553f14207ea0) Importer(815301076,1909f56bfc062723c751e8b465ee728b)
Start importing Assets/SAMGAME/ANIMATOR/PLAYER-GAMEPLAY-ANIMATORS/Resources/PLAYERANIMATOR_NOAH.controller using Guid(a143b1b50d73f3540a1b553f14207ea0) Importer(815301076,1909f56bfc062723c751e8b465ee728b)  -> (artifact id: '847ecdec956438b68cec32df634cf123') in 0.113045 seconds
  Import took 0.153569 seconds .

========================================================================
Received Import Request.
  Time since last request: 2.811902 seconds.
  path: Assets/SAMGAME/ANIMATOR/PLAYER-GAMEPLAY-ANIMATORS/Resources/PLAYERANIMATOR_NOAH 1.controller
  artifactKey: Guid(c12c6319158985d48825df4181d8623e) Importer(815301076,1909f56bfc062723c751e8b465ee728b)
Start importing Assets/SAMGAME/ANIMATOR/PLAYER-GAMEPLAY-ANIMATORS/Resources/PLAYERANIMATOR_NOAH 1.controller using Guid(c12c6319158985d48825df4181d8623e) Importer(815301076,1909f56bfc062723c751e8b465ee728b)  -> (artifact id: '252b5970d28257fc1ddbddd134207014') in 0.186547 seconds
  Import took 0.293316 seconds .

========================================================================
Received Import Request.
  Time since last request: 8.398697 seconds.
  path: Assets/SAMGAME/ANIMATOR/PLAYER-GAMEPLAY-ANIMATORS/Resources/PLAYERANIMATOR_NOAH_BackUp.controller
  artifactKey: Guid(c12c6319158985d48825df4181d8623e) Importer(815301076,1909f56bfc062723c751e8b465ee728b)
Start importing Assets/SAMGAME/ANIMATOR/PLAYER-GAMEPLAY-ANIMATORS/Resources/PLAYERANIMATOR_NOAH_BackUp.controller using Guid(c12c6319158985d48825df4181d8623e) Importer(815301076,1909f56bfc062723c751e8b465ee728b)  -> (artifact id: '0d7e8add1f16a1e8d8cf23c14ac26eea') in 0.046204 seconds
  Import took 0.074294 seconds .

========================================================================
Received Import Request.
  Time since last request: 43.898975 seconds.
  path: Assets/SAMGAME/ANIMATOR/PLAYER-GAMEPLAY-ANIMATORS/Resources/PLAYERANIMATOR_LIAM.controller
  artifactKey: Guid(dde1bc7dbb7603f4b872b8ddf40f6d83) Importer(815301076,1909f56bfc062723c751e8b465ee728b)
Start importing Assets/SAMGAME/ANIMATOR/PLAYER-GAMEPLAY-ANIMATORS/Resources/PLAYERANIMATOR_LIAM.controller using Guid(dde1bc7dbb7603f4b872b8ddf40f6d83) Importer(815301076,1909f56bfc062723c751e8b465ee728b)  -> (artifact id: '760916983e381ee14e7fce344ff65e7a') in 0.154426 seconds
  Import took 0.188427 seconds .

========================================================================
Received Prepare
Registering precompiled user dll's ...
Registered in 0.002806 seconds.
Begin MonoManager ReloadAssembly
Native extension for WindowsStandalone target not found
Refreshing native plugins compatible for Editor in 0.99 ms, found 0 plugins.
Preloading 0 native plugins for Editor in 0.00 ms.
Warning: Annotation not found!
UnityEngine.StackTraceUtility:ExtractStackTrace ()
UnityEditor.ProBuilder.EditorUtility:SetGizmoIconEnabled (System.Type,bool) (at Library/PackageCache/com.unity.probuilder@4.5.0/Editor/EditorCore/EditorUtility.cs:593)
UnityEditor.ProBuilder.HierarchyListener:.cctor () (at Library/PackageCache/com.unity.probuilder@4.5.0/Editor/EditorCore/HierarchyListener.cs:21)
System.Runtime.CompilerServices.RuntimeHelpers:RunClassConstructor (System.RuntimeTypeHandle)
UnityEditor.EditorAssemblies:ProcessInitializeOnLoadAttributes (System.Type[])

[Library/PackageCache/com.unity.probuilder@4.5.0/Editor/EditorCore/EditorUtility.cs line 593]

Mono: successfully reloaded assembly
- Completed reload, in  2.317 seconds
Platform modules already initialized, skipping
Switching build target platform(5) subTarget(0) extendedPlatform(0) -> platform(13) subTarget(537395200) extendedPlatform(0)
Shader 'Universal Render Pipeline/Particles/Lit': fallback shader 'Universal Render Pipeline/Particles/SimpleLit' not found
Refreshing native plugins compatible for Editor in 0.97 ms, found 0 plugins.
Preloading 0 native plugins for Editor in 0.00 ms.
Unloading 2895 Unused Serialized files (Serialized files now loaded: 0)
System memory in use before: 148.1 MB.
System memory in use after: 148.3 MB.

Unloading 10 unused Assets to reduce memory usage. Loaded Objects now: 3584.
Total: 5.588800 ms (FindLiveObjects: 0.504200 ms CreateObjectMapping: 0.262100 ms MarkObjects: 4.707700 ms  DeleteObjects: 0.113000 ms)

AssetImportParameters requested are different than current active one (requested -> active):
  custom:graphics/normal-map-encoding: 01000000000000000000000000000000 -> 02000000000000000000000000000000
========================================================================
Received Import Request.
  Time since last request: 24.849761 seconds.
  path: Assets/SAMGAME/CHARACTER-SELECT-SYSTEM/characterSelect.asset
  artifactKey: Guid(e24765b944e40084c8fe6579a68b3d98) Importer(815301076,1909f56bfc062723c751e8b465ee728b)
Start importing Assets/SAMGAME/CHARACTER-SELECT-SYSTEM/characterSelect.asset using Guid(e24765b944e40084c8fe6579a68b3d98) Importer(815301076,1909f56bfc062723c751e8b465ee728b)  -> (artifact id: 'abc0caba88021a4fb2c33027b3883c47') in 0.024388 seconds
  Import took 0.035992 seconds .

========================================================================
Received Import Request.
  Time since last request: 0.003021 seconds.
  path: Assets/SAMGAME/CHARACTER-SELECT-SYSTEM/characterSelect.asset
  artifactKey: Guid(e24765b944e40084c8fe6579a68b3d98) Importer(815301076,1909f56bfc062723c751e8b465ee728b)
Start importing Assets/SAMGAME/CHARACTER-SELECT-SYSTEM/characterSelect.asset using Guid(e24765b944e40084c8fe6579a68b3d98) Importer(815301076,1909f56bfc062723c751e8b465ee728b)  -> (artifact id: 'abc0caba88021a4fb2c33027b3883c47') in 0.006764 seconds
  Import took 0.020094 seconds .

========================================================================
Received Prepare
Registering precompiled user dll's ...
Registered in 0.002950 seconds.
Begin MonoManager ReloadAssembly
Native extension for WindowsStandalone target not found
Refreshing native plugins compatible for Editor in 0.99 ms, found 0 plugins.
Preloading 0 native plugins for Editor in 0.00 ms.
Warning: Annotation not found!
UnityEngine.StackTraceUtility:ExtractStackTrace ()
UnityEditor.ProBuilder.EditorUtility:SetGizmoIconEnabled (System.Type,bool) (at Library/PackageCache/com.unity.probuilder@4.5.0/Editor/EditorCore/EditorUtility.cs:593)
UnityEditor.ProBuilder.HierarchyListener:.cctor () (at Library/PackageCache/com.unity.probuilder@4.5.0/Editor/EditorCore/HierarchyListener.cs:21)
System.Runtime.CompilerServices.RuntimeHelpers:RunClassConstructor (System.RuntimeTypeHandle)
UnityEditor.EditorAssemblies:ProcessInitializeOnLoadAttributes (System.Type[])

[Library/PackageCache/com.unity.probuilder@4.5.0/Editor/EditorCore/EditorUtility.cs line 593]

Mono: successfully reloaded assembly
- Completed reload, in  2.305 seconds
Platform modules already initialized, skipping
Switching build target platform(5) subTarget(0) extendedPlatform(0) -> platform(13) subTarget(537395200) extendedPlatform(0)
Shader 'Universal Render Pipeline/Particles/Lit': fallback shader 'Universal Render Pipeline/Particles/SimpleLit' not found
Refreshing native plugins compatible for Editor in 0.96 ms, found 0 plugins.
Preloading 0 native plugins for Editor in 0.00 ms.
Unloading 2895 Unused Serialized files (Serialized files now loaded: 0)
System memory in use before: 148.1 MB.
System memory in use after: 148.3 MB.

Unloading 10 unused Assets to reduce memory usage. Loaded Objects now: 3587.
Total: 5.546800 ms (FindLiveObjects: 0.510900 ms CreateObjectMapping: 0.265800 ms MarkObjects: 4.648300 ms  DeleteObjects: 0.119900 ms)

AssetImportParameters requested are different than current active one (requested -> active):
  custom:graphics/normal-map-encoding: 01000000000000000000000000000000 -> 02000000000000000000000000000000
========================================================================
Received Import Request.
  Time since last request: 26.922584 seconds.
  path: Assets/SAMGAME/CHARACTER-SELECT-SYSTEM/characterSelect.asset
  artifactKey: Guid(e24765b944e40084c8fe6579a68b3d98) Importer(815301076,1909f56bfc062723c751e8b465ee728b)
Start importing Assets/SAMGAME/CHARACTER-SELECT-SYSTEM/characterSelect.asset using Guid(e24765b944e40084c8fe6579a68b3d98) Importer(815301076,1909f56bfc062723c751e8b465ee728b)  -> (artifact id: '3aee6b64838894057988ad811bb08f84') in 0.012458 seconds
  Import took 0.034179 seconds .

AssetImportWorkerClient::OnTransportError - code=2 error=End of file
