Using pre-set license
Built from '2020.2/release' branch; Version is '2020.2.0f1 (3721df5a8b28) revision 3613151'; Using compiler version '192528614'; Build Type 'Release'
OS: 'Windows 10  (10.0.0) 64bit' Language: 'en' Physical Memory: 8027 MB
BatchMode: 1, IsHumanControllingUs: 0, StartBugReporterOnCrash: 0, Is64bit: 1, IsPro: 0

 COMMAND LINE ARGUMENTS:
C:\Program Files\Unity\Hub\Editor\2020.2.0f1\Editor\Unity.exe
-adb2
-batchMode
-noUpm
-name
AssetImportWorker4
-projectPath
C:/Users/samim/Unity Projects/Endless_2.5D_Runner/EndlessRunner_LWRP
-logFile
Logs/AssetImportWorker4.log
-srvPort
54812
Successfully changed project path to: C:/Users/samim/Unity Projects/Endless_2.5D_Runner/EndlessRunner_LWRP
C:/Users/samim/Unity Projects/Endless_2.5D_Runner/EndlessRunner_LWRP
Using Asset Import Pipeline V2.
Refreshing native plugins compatible for Editor in 288.34 ms, found 0 plugins.
Preloading 0 native plugins for Editor in 0.00 ms.
Initialize engine version: 2020.2.0f1 (3721df5a8b28)
[Subsystems] Discovering subsystems at path C:/Program Files/Unity/Hub/Editor/2020.2.0f1/Editor/Data/Resources/UnitySubsystems
[Subsystems] Discovering subsystems at path C:/Users/samim/Unity Projects/Endless_2.5D_Runner/EndlessRunner_LWRP/Assets
GfxDevice: creating device client; threaded=0
Direct3D:
    Version:  Direct3D 11.0 [level 11.0]
    Renderer: NVIDIA GeForce MX130 (ID=0x174d)
    Vendor:   
    VRAM:     2010 MB
    Driver:   27.21.14.5256
Shader 'Universal Render Pipeline/Particles/Lit': fallback shader 'Universal Render Pipeline/Particles/SimpleLit' not found
Initialize mono
Mono path[0] = 'C:/Program Files/Unity/Hub/Editor/2020.2.0f1/Editor/Data/Managed'
Mono path[1] = 'C:/Program Files/Unity/Hub/Editor/2020.2.0f1/Editor/Data/MonoBleedingEdge/lib/mono/unityjit'
Mono config path = 'C:/Program Files/Unity/Hub/Editor/2020.2.0f1/Editor/Data/MonoBleedingEdge/etc'
Using monoOptions --debugger-agent=transport=dt_socket,embedding=1,server=y,suspend=n,address=127.0.0.1:56520
Begin MonoManager ReloadAssembly
Registering precompiled unity dll's ...
Register platform support module: C:/Program Files/Unity/Hub/Editor/2020.2.0f1/Editor/Data/PlaybackEngines/WindowsStandaloneSupport/UnityEditor.WindowsStandalone.Extensions.dll
Registered in 0.006925 seconds.
Native extension for WindowsStandalone target not found
Refreshing native plugins compatible for Editor in 161.56 ms, found 0 plugins.
Preloading 0 native plugins for Editor in 0.00 ms.
Invoked RoslynAnalysisRunner static constructor.
RoslynAnalysisRunner will not be running.
RoslynAnalysisRunner has terminated.
Mono: successfully reloaded assembly
- Completed reload, in  4.914 seconds
Platform modules already initialized, skipping
Registering precompiled user dll's ...
Registered in 0.006173 seconds.
Begin MonoManager ReloadAssembly
Native extension for WindowsStandalone target not found
Refreshing native plugins compatible for Editor in 233.72 ms, found 0 plugins.
Preloading 0 native plugins for Editor in 0.00 ms.
Invoked RoslynAnalysisRunner static constructor.
RoslynAnalysisRunner will not be running.
RoslynAnalysisRunner has terminated.
Mono: successfully reloaded assembly
- Completed reload, in  9.422 seconds
Platform modules already initialized, skipping
========================================================================
Worker process is ready to serve import requests
Shader 'Universal Render Pipeline/Particles/Lit': fallback shader 'Universal Render Pipeline/Particles/SimpleLit' not found
Launched and connected shader compiler UnityShaderCompiler.exe after 1.15 seconds
Refreshing native plugins compatible for Editor in 1.08 ms, found 0 plugins.
Preloading 0 native plugins for Editor in 0.00 ms.
Unloading 2651 Unused Serialized files (Serialized files now loaded: 0)
System memory in use before: 121.9 MB.
System memory in use after: 122.1 MB.

Unloading 10 unused Assets to reduce memory usage. Loaded Objects now: 3094.
Total: 4.657300 ms (FindLiveObjects: 0.624500 ms CreateObjectMapping: 0.330400 ms MarkObjects: 3.568400 ms  DeleteObjects: 0.130800 ms)

========================================================================
Received Import Request.
  path: Assets/SAMGAME/SCRIPTS/CHARACTERCONTROL/FPSDisplay.cs
  artifactKey: Guid(3e00eb95c6ce9d84fb2b7b871d282097) Importer(815301076,1909f56bfc062723c751e8b465ee728b)
Start importing Assets/SAMGAME/SCRIPTS/CHARACTERCONTROL/FPSDisplay.cs using Guid(3e00eb95c6ce9d84fb2b7b871d282097) Importer(815301076,1909f56bfc062723c751e8b465ee728b)  -> (artifact id: 'ed487dfc7d4c676c2a3fd8729b996f77') in 0.623048 seconds
  Import took 0.761320 seconds .

========================================================================
Received Import Request.
  Time since last request: 106.875617 seconds.
  path: Assets/SAMGAME/SCRIPTS/CHARACTERCONTROL/FPSDisplay.cs
  artifactKey: Guid(3e00eb95c6ce9d84fb2b7b871d282097) Importer(815301076,1909f56bfc062723c751e8b465ee728b)
Start importing Assets/SAMGAME/SCRIPTS/CHARACTERCONTROL/FPSDisplay.cs using Guid(3e00eb95c6ce9d84fb2b7b871d282097) Importer(815301076,1909f56bfc062723c751e8b465ee728b)  -> (artifact id: '64ebb856c8f89744f5b27016be2d633e') in 0.009581 seconds
  Import took 0.051802 seconds .

========================================================================
Received Prepare
Registering precompiled user dll's ...
Registered in 0.001222 seconds.
Begin MonoManager ReloadAssembly
Native extension for WindowsStandalone target not found
Refreshing native plugins compatible for Editor in 0.94 ms, found 0 plugins.
Preloading 0 native plugins for Editor in 0.00 ms.
Invoked RoslynAnalysisRunner static constructor.
RoslynAnalysisRunner will not be running.
RoslynAnalysisRunner has terminated.
Mono: successfully reloaded assembly
- Completed reload, in  2.485 seconds
Platform modules already initialized, skipping
Shader 'Universal Render Pipeline/Particles/Lit': fallback shader 'Universal Render Pipeline/Particles/SimpleLit' not found
Refreshing native plugins compatible for Editor in 1.08 ms, found 0 plugins.
Preloading 0 native plugins for Editor in 0.00 ms.
Unloading 2529 Unused Serialized files (Serialized files now loaded: 0)
System memory in use before: 113.3 MB.
System memory in use after: 113.5 MB.

Unloading 6 unused Assets to reduce memory usage. Loaded Objects now: 3096.
Total: 5.979700 ms (FindLiveObjects: 0.629900 ms CreateObjectMapping: 0.341800 ms MarkObjects: 4.970500 ms  DeleteObjects: 0.034100 ms)

========================================================================
Received Import Request.
  Time since last request: 218.614231 seconds.
  path: Assets/SAMGAME/ANIMATOR/PLAYER-GAMEPLAY-ANIMATORS/Resources/PLAYERANIMATOR_LIAM.controller
  artifactKey: Guid(dde1bc7dbb7603f4b872b8ddf40f6d83) Importer(815301076,1909f56bfc062723c751e8b465ee728b)
Start importing Assets/SAMGAME/ANIMATOR/PLAYER-GAMEPLAY-ANIMATORS/Resources/PLAYERANIMATOR_LIAM.controller using Guid(dde1bc7dbb7603f4b872b8ddf40f6d83) Importer(815301076,1909f56bfc062723c751e8b465ee728b)  -> (artifact id: 'a14c4515eb71661286c71d78268a8103') in 1.294443 seconds
  Import took 1.338804 seconds .

========================================================================
Received Prepare
Registering precompiled user dll's ...
Registered in 0.002863 seconds.
Begin MonoManager ReloadAssembly
Native extension for WindowsStandalone target not found
Refreshing native plugins compatible for Editor in 0.88 ms, found 0 plugins.
Preloading 0 native plugins for Editor in 0.00 ms.
Invoked RoslynAnalysisRunner static constructor.
RoslynAnalysisRunner will not be running.
RoslynAnalysisRunner has terminated.
Mono: successfully reloaded assembly
- Completed reload, in  1.948 seconds
Platform modules already initialized, skipping
Shader 'Universal Render Pipeline/Particles/Lit': fallback shader 'Universal Render Pipeline/Particles/SimpleLit' not found
Refreshing native plugins compatible for Editor in 0.89 ms, found 0 plugins.
Preloading 0 native plugins for Editor in 0.00 ms.
Unloading 2530 Unused Serialized files (Serialized files now loaded: 0)
System memory in use before: 113.4 MB.
System memory in use after: 113.6 MB.

Unloading 6 unused Assets to reduce memory usage. Loaded Objects now: 3098.
Total: 4.080400 ms (FindLiveObjects: 0.620900 ms CreateObjectMapping: 0.326400 ms MarkObjects: 3.099600 ms  DeleteObjects: 0.031600 ms)

========================================================================
Received Prepare
Registering precompiled user dll's ...
Registered in 0.001267 seconds.
Begin MonoManager ReloadAssembly
Native extension for WindowsStandalone target not found
Refreshing native plugins compatible for Editor in 0.46 ms, found 0 plugins.
Preloading 0 native plugins for Editor in 0.00 ms.
Invoked RoslynAnalysisRunner static constructor.
RoslynAnalysisRunner will not be running.
RoslynAnalysisRunner has terminated.
Mono: successfully reloaded assembly
- Completed reload, in  1.127 seconds
Platform modules already initialized, skipping
Shader 'Universal Render Pipeline/Particles/Lit': fallback shader 'Universal Render Pipeline/Particles/SimpleLit' not found
Refreshing native plugins compatible for Editor in 0.88 ms, found 0 plugins.
Preloading 0 native plugins for Editor in 0.00 ms.
Unloading 2530 Unused Serialized files (Serialized files now loaded: 0)
System memory in use before: 113.6 MB.
System memory in use after: 113.8 MB.

Unloading 6 unused Assets to reduce memory usage. Loaded Objects now: 3100.
Total: 6.957000 ms (FindLiveObjects: 0.805100 ms CreateObjectMapping: 0.421000 ms MarkObjects: 5.649100 ms  DeleteObjects: 0.077300 ms)

========================================================================
Received Prepare
Registering precompiled user dll's ...
Registered in 0.002871 seconds.
Begin MonoManager ReloadAssembly
Native extension for WindowsStandalone target not found
Refreshing native plugins compatible for Editor in 0.88 ms, found 0 plugins.
Preloading 0 native plugins for Editor in 0.00 ms.
Invoked RoslynAnalysisRunner static constructor.
RoslynAnalysisRunner will not be running.
RoslynAnalysisRunner has terminated.
Mono: successfully reloaded assembly
- Completed reload, in  1.935 seconds
Platform modules already initialized, skipping
Shader 'Universal Render Pipeline/Particles/Lit': fallback shader 'Universal Render Pipeline/Particles/SimpleLit' not found
Refreshing native plugins compatible for Editor in 0.88 ms, found 0 plugins.
Preloading 0 native plugins for Editor in 0.00 ms.
Unloading 2530 Unused Serialized files (Serialized files now loaded: 0)
System memory in use before: 113.7 MB.
System memory in use after: 113.9 MB.

Unloading 6 unused Assets to reduce memory usage. Loaded Objects now: 3102.
Total: 4.124000 ms (FindLiveObjects: 0.636700 ms CreateObjectMapping: 0.315600 ms MarkObjects: 3.135400 ms  DeleteObjects: 0.033600 ms)

========================================================================
Received Prepare
Registering precompiled user dll's ...
Registered in 0.001204 seconds.
Begin MonoManager ReloadAssembly
Native extension for WindowsStandalone target not found
Refreshing native plugins compatible for Editor in 0.46 ms, found 0 plugins.
Preloading 0 native plugins for Editor in 0.00 ms.
Invoked RoslynAnalysisRunner static constructor.
RoslynAnalysisRunner will not be running.
RoslynAnalysisRunner has terminated.
Mono: successfully reloaded assembly
- Completed reload, in  0.850 seconds
Platform modules already initialized, skipping
Shader 'Universal Render Pipeline/Particles/Lit': fallback shader 'Universal Render Pipeline/Particles/SimpleLit' not found
Refreshing native plugins compatible for Editor in 0.60 ms, found 0 plugins.
Preloading 0 native plugins for Editor in 0.00 ms.
Unloading 2530 Unused Serialized files (Serialized files now loaded: 0)
System memory in use before: 113.8 MB.
System memory in use after: 114.0 MB.

Unloading 6 unused Assets to reduce memory usage. Loaded Objects now: 3104.
Total: 2.613100 ms (FindLiveObjects: 0.455800 ms CreateObjectMapping: 0.187700 ms MarkObjects: 1.948000 ms  DeleteObjects: 0.019800 ms)

========================================================================
Received Import Request.
  Time since last request: 883.101813 seconds.
  path: Assets/SAMGAME/SCRIPTABLEOBJECTS/DoubleJump/DoubleJumpForce.asset
  artifactKey: Guid(9a239936bab0ed4488739a8ce9cc5867) Importer(815301076,1909f56bfc062723c751e8b465ee728b)
Start importing Assets/SAMGAME/SCRIPTABLEOBJECTS/DoubleJump/DoubleJumpForce.asset using Guid(9a239936bab0ed4488739a8ce9cc5867) Importer(815301076,1909f56bfc062723c751e8b465ee728b)  -> (artifact id: '24cea47fe3e4d6f338eec0854ef07ac8') in 0.042859 seconds
  Import took 0.072301 seconds .

========================================================================
Received Import Request.
  Time since last request: 6.711339 seconds.
  path: Assets/SAMGAME/ANIMATIONS/DOUBLE-JUMPING/Forward Flip.fbx
  artifactKey: Guid(975eccbdbd15e53438077429d42d0c1a) Importer(815301076,1909f56bfc062723c751e8b465ee728b)
Start importing Assets/SAMGAME/ANIMATIONS/DOUBLE-JUMPING/Forward Flip.fbx using Guid(975eccbdbd15e53438077429d42d0c1a) Importer(815301076,1909f56bfc062723c751e8b465ee728b)  -> (artifact id: '956150d4d890c244e8eba6161b43ee02') in 1.098256 seconds
  Import took 1.121265 seconds .

========================================================================
Received Import Request.
  Time since last request: 57.073850 seconds.
  path: Assets/SAMGAME/SCRIPTABLEOBJECTS/ForceTransitions/DoubleJump_ForceTransition.asset
  artifactKey: Guid(b62062ee2afdbd241a1992b8512fdae6) Importer(815301076,1909f56bfc062723c751e8b465ee728b)
Start importing Assets/SAMGAME/SCRIPTABLEOBJECTS/ForceTransitions/DoubleJump_ForceTransition.asset using Guid(b62062ee2afdbd241a1992b8512fdae6) Importer(815301076,1909f56bfc062723c751e8b465ee728b)  -> (artifact id: 'e29fb50675f786c3112c7ef8e87efeba') in 0.016499 seconds
  Import took 0.052620 seconds .

========================================================================
Received Prepare
Registering precompiled user dll's ...
Registered in 0.001348 seconds.
Begin MonoManager ReloadAssembly
Native extension for WindowsStandalone target not found
Refreshing native plugins compatible for Editor in 0.88 ms, found 0 plugins.
Preloading 0 native plugins for Editor in 0.00 ms.
Invoked RoslynAnalysisRunner static constructor.
RoslynAnalysisRunner will not be running.
RoslynAnalysisRunner has terminated.
Mono: successfully reloaded assembly
- Completed reload, in  2.335 seconds
Platform modules already initialized, skipping
Shader 'Universal Render Pipeline/Particles/Lit': fallback shader 'Universal Render Pipeline/Particles/SimpleLit' not found
Refreshing native plugins compatible for Editor in 0.88 ms, found 0 plugins.
Preloading 0 native plugins for Editor in 0.00 ms.
Unloading 2530 Unused Serialized files (Serialized files now loaded: 0)
System memory in use before: 130.3 MB.
System memory in use after: 130.5 MB.

Unloading 6 unused Assets to reduce memory usage. Loaded Objects now: 3155.
Total: 5.653100 ms (FindLiveObjects: 0.649100 ms CreateObjectMapping: 0.428600 ms MarkObjects: 4.537900 ms  DeleteObjects: 0.034900 ms)

========================================================================
Received Prepare
Registering precompiled user dll's ...
Registered in 0.002745 seconds.
Begin MonoManager ReloadAssembly
Native extension for WindowsStandalone target not found
Refreshing native plugins compatible for Editor in 0.92 ms, found 0 plugins.
Preloading 0 native plugins for Editor in 0.00 ms.
Invoked RoslynAnalysisRunner static constructor.
RoslynAnalysisRunner will not be running.
RoslynAnalysisRunner has terminated.
Mono: successfully reloaded assembly
- Completed reload, in  2.017 seconds
Platform modules already initialized, skipping
Shader 'Universal Render Pipeline/Particles/Lit': fallback shader 'Universal Render Pipeline/Particles/SimpleLit' not found
Refreshing native plugins compatible for Editor in 0.93 ms, found 0 plugins.
Preloading 0 native plugins for Editor in 0.00 ms.
Unloading 2530 Unused Serialized files (Serialized files now loaded: 0)
System memory in use before: 130.4 MB.
System memory in use after: 130.7 MB.

Unloading 6 unused Assets to reduce memory usage. Loaded Objects now: 3157.
Total: 4.816400 ms (FindLiveObjects: 0.508100 ms CreateObjectMapping: 0.379300 ms MarkObjects: 3.892900 ms  DeleteObjects: 0.033100 ms)

========================================================================
Received Prepare
Registering precompiled user dll's ...
Registered in 0.002792 seconds.
Begin MonoManager ReloadAssembly
Native extension for WindowsStandalone target not found
Refreshing native plugins compatible for Editor in 0.91 ms, found 0 plugins.
Preloading 0 native plugins for Editor in 0.00 ms.
Invoked RoslynAnalysisRunner static constructor.
RoslynAnalysisRunner will not be running.
RoslynAnalysisRunner has terminated.
Mono: successfully reloaded assembly
- Completed reload, in  2.014 seconds
Platform modules already initialized, skipping
Shader 'Universal Render Pipeline/Particles/Lit': fallback shader 'Universal Render Pipeline/Particles/SimpleLit' not found
Refreshing native plugins compatible for Editor in 0.88 ms, found 0 plugins.
Preloading 0 native plugins for Editor in 0.00 ms.
Unloading 2530 Unused Serialized files (Serialized files now loaded: 0)
System memory in use before: 130.6 MB.
System memory in use after: 130.8 MB.

Unloading 6 unused Assets to reduce memory usage. Loaded Objects now: 3159.
Total: 4.359800 ms (FindLiveObjects: 0.531900 ms CreateObjectMapping: 0.385300 ms MarkObjects: 3.405700 ms  DeleteObjects: 0.035000 ms)

========================================================================
Received Prepare
Registering precompiled user dll's ...
Registered in 0.002727 seconds.
Begin MonoManager ReloadAssembly
Native extension for WindowsStandalone target not found
Refreshing native plugins compatible for Editor in 0.89 ms, found 0 plugins.
Preloading 0 native plugins for Editor in 0.00 ms.
Invoked RoslynAnalysisRunner static constructor.
RoslynAnalysisRunner will not be running.
RoslynAnalysisRunner has terminated.
Mono: successfully reloaded assembly
- Completed reload, in  2.053 seconds
Platform modules already initialized, skipping
Shader 'Universal Render Pipeline/Particles/Lit': fallback shader 'Universal Render Pipeline/Particles/SimpleLit' not found
Refreshing native plugins compatible for Editor in 0.88 ms, found 0 plugins.
Preloading 0 native plugins for Editor in 0.00 ms.
Unloading 2530 Unused Serialized files (Serialized files now loaded: 0)
System memory in use before: 130.7 MB.
System memory in use after: 130.9 MB.

Unloading 6 unused Assets to reduce memory usage. Loaded Objects now: 3161.
Total: 4.080600 ms (FindLiveObjects: 0.466700 ms CreateObjectMapping: 0.312400 ms MarkObjects: 3.263900 ms  DeleteObjects: 0.035500 ms)

========================================================================
Received Prepare
Registering precompiled user dll's ...
Registered in 0.002758 seconds.
Begin MonoManager ReloadAssembly
Native extension for WindowsStandalone target not found
Refreshing native plugins compatible for Editor in 0.97 ms, found 0 plugins.
Preloading 0 native plugins for Editor in 0.00 ms.
Invoked RoslynAnalysisRunner static constructor.
RoslynAnalysisRunner will not be running.
RoslynAnalysisRunner has terminated.
Mono: successfully reloaded assembly
- Completed reload, in  2.062 seconds
Platform modules already initialized, skipping
Shader 'Universal Render Pipeline/Particles/Lit': fallback shader 'Universal Render Pipeline/Particles/SimpleLit' not found
Refreshing native plugins compatible for Editor in 0.89 ms, found 0 plugins.
Preloading 0 native plugins for Editor in 0.00 ms.
Unloading 2530 Unused Serialized files (Serialized files now loaded: 0)
System memory in use before: 130.8 MB.
System memory in use after: 131.1 MB.

Unloading 6 unused Assets to reduce memory usage. Loaded Objects now: 3163.
Total: 5.636400 ms (FindLiveObjects: 0.441800 ms CreateObjectMapping: 0.284900 ms MarkObjects: 4.872600 ms  DeleteObjects: 0.034700 ms)

========================================================================
Received Import Request.
  Time since last request: 974.138263 seconds.
  path: Assets/SAMGAME/ANIMATIONS/FALLING/Falling Idle.fbx
  artifactKey: Guid(6374f5a20bf7b1a4ab5f14239a095633) Importer(815301076,1909f56bfc062723c751e8b465ee728b)
Start importing Assets/SAMGAME/ANIMATIONS/FALLING/Falling Idle.fbx using Guid(6374f5a20bf7b1a4ab5f14239a095633) Importer(815301076,1909f56bfc062723c751e8b465ee728b)  -> (artifact id: '16275171f9beba7d10ca0135a1088e7d') in 0.463338 seconds
  Import took 0.824186 seconds .

========================================================================
Received Import Request.
  Time since last request: 4.243459 seconds.
  path: Assets/SAMGAME/ANIMATIONS/FALLING/Falling Idle.fbx
  artifactKey: Guid(6374f5a20bf7b1a4ab5f14239a095633) Importer(815301076,1909f56bfc062723c751e8b465ee728b)
Start importing Assets/SAMGAME/ANIMATIONS/FALLING/Falling Idle.fbx using Guid(6374f5a20bf7b1a4ab5f14239a095633) Importer(815301076,1909f56bfc062723c751e8b465ee728b)  -> (artifact id: '16275171f9beba7d10ca0135a1088e7d') in 0.089282 seconds
  Import took 0.114567 seconds .

========================================================================
Received Prepare
Registering precompiled user dll's ...
Registered in 0.003065 seconds.
Begin MonoManager ReloadAssembly
Native extension for WindowsStandalone target not found
Refreshing native plugins compatible for Editor in 0.88 ms, found 0 plugins.
Preloading 0 native plugins for Editor in 0.00 ms.
Invoked RoslynAnalysisRunner static constructor.
RoslynAnalysisRunner will not be running.
RoslynAnalysisRunner has terminated.
Mono: successfully reloaded assembly
- Completed reload, in  2.122 seconds
Platform modules already initialized, skipping
Shader 'Universal Render Pipeline/Particles/Lit': fallback shader 'Universal Render Pipeline/Particles/SimpleLit' not found
Refreshing native plugins compatible for Editor in 0.91 ms, found 0 plugins.
Preloading 0 native plugins for Editor in 0.00 ms.
Unloading 2530 Unused Serialized files (Serialized files now loaded: 0)
System memory in use before: 131.0 MB.
System memory in use after: 131.2 MB.

Unloading 6 unused Assets to reduce memory usage. Loaded Objects now: 3201.
Total: 4.332600 ms (FindLiveObjects: 0.457200 ms CreateObjectMapping: 0.274300 ms MarkObjects: 3.561900 ms  DeleteObjects: 0.037100 ms)

========================================================================
Received Import Request.
  Time since last request: 60.060085 seconds.
  path: Assets/SAMGAME/ANIMATIONS/FALLING/Falling Idle.fbx
  artifactKey: Guid(6374f5a20bf7b1a4ab5f14239a095633) Importer(815301076,1909f56bfc062723c751e8b465ee728b)
Start importing Assets/SAMGAME/ANIMATIONS/FALLING/Falling Idle.fbx using Guid(6374f5a20bf7b1a4ab5f14239a095633) Importer(815301076,1909f56bfc062723c751e8b465ee728b)  -> (artifact id: '0aff6e758ccabd5884c747a8e84aa3fe') in 0.442410 seconds
  Import took 0.469193 seconds .

========================================================================
Received Import Request.
  Time since last request: 1.667105 seconds.
  path: Assets/SAMGAME/ANIMATIONS/FALLING/Falling Idle.fbx
  artifactKey: Guid(6374f5a20bf7b1a4ab5f14239a095633) Importer(815301076,1909f56bfc062723c751e8b465ee728b)
Start importing Assets/SAMGAME/ANIMATIONS/FALLING/Falling Idle.fbx using Guid(6374f5a20bf7b1a4ab5f14239a095633) Importer(815301076,1909f56bfc062723c751e8b465ee728b)  -> (artifact id: '0aff6e758ccabd5884c747a8e84aa3fe') in 0.089168 seconds
  Import took 0.098132 seconds .

========================================================================
Received Prepare
Registering precompiled user dll's ...
Registered in 0.002707 seconds.
Begin MonoManager ReloadAssembly
Native extension for WindowsStandalone target not found
Refreshing native plugins compatible for Editor in 0.95 ms, found 0 plugins.
Preloading 0 native plugins for Editor in 0.00 ms.
Invoked RoslynAnalysisRunner static constructor.
RoslynAnalysisRunner will not be running.
RoslynAnalysisRunner has terminated.
Mono: successfully reloaded assembly
- Completed reload, in  2.073 seconds
Platform modules already initialized, skipping
Shader 'Universal Render Pipeline/Particles/Lit': fallback shader 'Universal Render Pipeline/Particles/SimpleLit' not found
Refreshing native plugins compatible for Editor in 0.91 ms, found 0 plugins.
Preloading 0 native plugins for Editor in 0.00 ms.
Unloading 2530 Unused Serialized files (Serialized files now loaded: 0)
System memory in use before: 130.4 MB.
System memory in use after: 130.6 MB.

Unloading 6 unused Assets to reduce memory usage. Loaded Objects now: 3239.
Total: 4.135200 ms (FindLiveObjects: 0.472600 ms CreateObjectMapping: 0.260600 ms MarkObjects: 3.366700 ms  DeleteObjects: 0.033000 ms)

========================================================================
Received Import Request.
  Time since last request: 75.326021 seconds.
  path: Assets/SAMGAME/ANIMATIONS/JUMPING & LANDING/Default_Landing.fbx
  artifactKey: Guid(cc2a47b214f34784a91eb76f14e1a847) Importer(815301076,1909f56bfc062723c751e8b465ee728b)
Start importing Assets/SAMGAME/ANIMATIONS/JUMPING & LANDING/Default_Landing.fbx using Guid(cc2a47b214f34784a91eb76f14e1a847) Importer(815301076,1909f56bfc062723c751e8b465ee728b)  -> (artifact id: '45c160ac805d4aea60bd87c23096a9c7') in 0.439576 seconds
  Import took 0.458109 seconds .

========================================================================
Received Prepare
Registering precompiled user dll's ...
Registered in 0.002709 seconds.
Begin MonoManager ReloadAssembly
Native extension for WindowsStandalone target not found
Refreshing native plugins compatible for Editor in 1.01 ms, found 0 plugins.
Preloading 0 native plugins for Editor in 0.00 ms.
Invoked RoslynAnalysisRunner static constructor.
RoslynAnalysisRunner will not be running.
RoslynAnalysisRunner has terminated.
Mono: successfully reloaded assembly
- Completed reload, in  2.127 seconds
Platform modules already initialized, skipping
Shader 'Universal Render Pipeline/Particles/Lit': fallback shader 'Universal Render Pipeline/Particles/SimpleLit' not found
Refreshing native plugins compatible for Editor in 0.94 ms, found 0 plugins.
Preloading 0 native plugins for Editor in 0.00 ms.
Unloading 2530 Unused Serialized files (Serialized files now loaded: 0)
System memory in use before: 130.6 MB.
System memory in use after: 130.9 MB.

Unloading 6 unused Assets to reduce memory usage. Loaded Objects now: 3277.
Total: 5.039600 ms (FindLiveObjects: 0.655600 ms CreateObjectMapping: 0.343600 ms MarkObjects: 4.004200 ms  DeleteObjects: 0.033700 ms)

========================================================================
Received Import Request.
  Time since last request: 10.887818 seconds.
  path: Assets/SAMGAME/ANIMATIONS/JUMPING & LANDING/Default_Landing.fbx
  artifactKey: Guid(cc2a47b214f34784a91eb76f14e1a847) Importer(815301076,1909f56bfc062723c751e8b465ee728b)
Start importing Assets/SAMGAME/ANIMATIONS/JUMPING & LANDING/Default_Landing.fbx using Guid(cc2a47b214f34784a91eb76f14e1a847) Importer(815301076,1909f56bfc062723c751e8b465ee728b)  -> (artifact id: 'f59126e0767afaa4faf3b6d0ac1724e9') in 0.425431 seconds
  Import took 0.526175 seconds .

========================================================================
Received Prepare
Registering precompiled user dll's ...
Registered in 0.001313 seconds.
Begin MonoManager ReloadAssembly
Native extension for WindowsStandalone target not found
Refreshing native plugins compatible for Editor in 0.46 ms, found 0 plugins.
Preloading 0 native plugins for Editor in 0.00 ms.
Invoked RoslynAnalysisRunner static constructor.
RoslynAnalysisRunner will not be running.
RoslynAnalysisRunner has terminated.
Mono: successfully reloaded assembly
- Completed reload, in  0.892 seconds
Platform modules already initialized, skipping
Shader 'Universal Render Pipeline/Particles/Lit': fallback shader 'Universal Render Pipeline/Particles/SimpleLit' not found
Refreshing native plugins compatible for Editor in 0.47 ms, found 0 plugins.
Preloading 0 native plugins for Editor in 0.00 ms.
Unloading 2530 Unused Serialized files (Serialized files now loaded: 0)
System memory in use before: 130.9 MB.
System memory in use after: 131.1 MB.

Unloading 6 unused Assets to reduce memory usage. Loaded Objects now: 3315.
Total: 2.775700 ms (FindLiveObjects: 0.520700 ms CreateObjectMapping: 0.190600 ms MarkObjects: 2.006200 ms  DeleteObjects: 0.057300 ms)

========================================================================
Received Prepare
Registering precompiled user dll's ...
Registered in 0.001273 seconds.
Begin MonoManager ReloadAssembly
Native extension for WindowsStandalone target not found
Refreshing native plugins compatible for Editor in 0.95 ms, found 0 plugins.
Preloading 0 native plugins for Editor in 0.00 ms.
Invoked RoslynAnalysisRunner static constructor.
RoslynAnalysisRunner will not be running.
RoslynAnalysisRunner has terminated.
Mono: successfully reloaded assembly
- Completed reload, in  0.939 seconds
Platform modules already initialized, skipping
Shader 'Universal Render Pipeline/Particles/Lit': fallback shader 'Universal Render Pipeline/Particles/SimpleLit' not found
Refreshing native plugins compatible for Editor in 0.89 ms, found 0 plugins.
Preloading 0 native plugins for Editor in 0.00 ms.
Unloading 2530 Unused Serialized files (Serialized files now loaded: 0)
System memory in use before: 131.0 MB.
System memory in use after: 131.2 MB.

Unloading 6 unused Assets to reduce memory usage. Loaded Objects now: 3317.
Total: 5.010000 ms (FindLiveObjects: 0.578500 ms CreateObjectMapping: 0.330400 ms MarkObjects: 4.062800 ms  DeleteObjects: 0.035700 ms)

========================================================================
Received Import Request.
  Time since last request: 361.767372 seconds.
  path: Assets/SAMGAME/SCRIPTABLEOBJECTS/UpdateBoxCollider/UpdateBoxCollider_General.asset
  artifactKey: Guid(a9d82587ec326ce4184091aa43c3f535) Importer(815301076,1909f56bfc062723c751e8b465ee728b)
Start importing Assets/SAMGAME/SCRIPTABLEOBJECTS/UpdateBoxCollider/UpdateBoxCollider_General.asset using Guid(a9d82587ec326ce4184091aa43c3f535) Importer(815301076,1909f56bfc062723c751e8b465ee728b)  -> (artifact id: '024dd3f695f1a294d2b265475a5e5910') in 0.047343 seconds
  Import took 0.463372 seconds .

========================================================================
Received Import Request.
  Time since last request: 61.679343 seconds.
  path: Assets/SAMGAME/SCRIPTABLEOBJECTS/GroundDetectors/GroundDector_Genral.asset
  artifactKey: Guid(5f870780239339446acdcb0518c33f14) Importer(815301076,1909f56bfc062723c751e8b465ee728b)
Start importing Assets/SAMGAME/SCRIPTABLEOBJECTS/GroundDetectors/GroundDector_Genral.asset using Guid(5f870780239339446acdcb0518c33f14) Importer(815301076,1909f56bfc062723c751e8b465ee728b)  -> (artifact id: '22f4a3d0a1c000dbb54941355722c6c2') in 0.019086 seconds
  Import took 0.118141 seconds .

========================================================================
Received Prepare
Registering precompiled user dll's ...
Registered in 0.003841 seconds.
Begin MonoManager ReloadAssembly
Native extension for WindowsStandalone target not found
Refreshing native plugins compatible for Editor in 1.01 ms, found 0 plugins.
Preloading 0 native plugins for Editor in 0.00 ms.
Invoked RoslynAnalysisRunner static constructor.
RoslynAnalysisRunner will not be running.
RoslynAnalysisRunner has terminated.
Mono: successfully reloaded assembly
- Completed reload, in  2.516 seconds
Platform modules already initialized, skipping
Shader 'Universal Render Pipeline/Particles/Lit': fallback shader 'Universal Render Pipeline/Particles/SimpleLit' not found
Refreshing native plugins compatible for Editor in 0.88 ms, found 0 plugins.
Preloading 0 native plugins for Editor in 0.00 ms.
Unloading 2530 Unused Serialized files (Serialized files now loaded: 0)
System memory in use before: 131.1 MB.
System memory in use after: 131.4 MB.

Unloading 6 unused Assets to reduce memory usage. Loaded Objects now: 3319.
Total: 4.803100 ms (FindLiveObjects: 0.636900 ms CreateObjectMapping: 0.347600 ms MarkObjects: 3.780200 ms  DeleteObjects: 0.035100 ms)

========================================================================
Received Prepare
Registering precompiled user dll's ...
Registered in 0.018550 seconds.
Begin MonoManager ReloadAssembly
Native extension for WindowsStandalone target not found
Refreshing native plugins compatible for Editor in 0.47 ms, found 0 plugins.
Preloading 0 native plugins for Editor in 0.00 ms.
Invoked RoslynAnalysisRunner static constructor.
RoslynAnalysisRunner will not be running.
RoslynAnalysisRunner has terminated.
Mono: successfully reloaded assembly
- Completed reload, in  1.148 seconds
Platform modules already initialized, skipping
Shader 'Universal Render Pipeline/Particles/Lit': fallback shader 'Universal Render Pipeline/Particles/SimpleLit' not found
Refreshing native plugins compatible for Editor in 0.47 ms, found 0 plugins.
Preloading 0 native plugins for Editor in 0.00 ms.
Unloading 2530 Unused Serialized files (Serialized files now loaded: 0)
System memory in use before: 131.3 MB.
System memory in use after: 131.5 MB.

Unloading 6 unused Assets to reduce memory usage. Loaded Objects now: 3321.
Total: 3.070200 ms (FindLiveObjects: 0.620300 ms CreateObjectMapping: 0.201200 ms MarkObjects: 2.228000 ms  DeleteObjects: 0.018600 ms)

========================================================================
Received Prepare
Registering precompiled user dll's ...
Registered in 0.003088 seconds.
Begin MonoManager ReloadAssembly
Native extension for WindowsStandalone target not found
Refreshing native plugins compatible for Editor in 0.92 ms, found 0 plugins.
Preloading 0 native plugins for Editor in 0.00 ms.
Invoked RoslynAnalysisRunner static constructor.
RoslynAnalysisRunner will not be running.
RoslynAnalysisRunner has terminated.
Mono: successfully reloaded assembly
- Completed reload, in  2.256 seconds
Platform modules already initialized, skipping
Shader 'Universal Render Pipeline/Particles/Lit': fallback shader 'Universal Render Pipeline/Particles/SimpleLit' not found
Refreshing native plugins compatible for Editor in 0.89 ms, found 0 plugins.
Preloading 0 native plugins for Editor in 0.00 ms.
Unloading 2530 Unused Serialized files (Serialized files now loaded: 0)
System memory in use before: 131.4 MB.
System memory in use after: 131.6 MB.

Unloading 6 unused Assets to reduce memory usage. Loaded Objects now: 3323.
Total: 4.368300 ms (FindLiveObjects: 0.520200 ms CreateObjectMapping: 0.309100 ms MarkObjects: 3.502500 ms  DeleteObjects: 0.034300 ms)

========================================================================
Received Prepare
Registering precompiled user dll's ...
Registered in 0.002762 seconds.
Begin MonoManager ReloadAssembly
Native extension for WindowsStandalone target not found
Refreshing native plugins compatible for Editor in 1.37 ms, found 0 plugins.
Preloading 0 native plugins for Editor in 0.00 ms.
Invoked RoslynAnalysisRunner static constructor.
RoslynAnalysisRunner will not be running.
RoslynAnalysisRunner has terminated.
Mono: successfully reloaded assembly
- Completed reload, in  2.149 seconds
Platform modules already initialized, skipping
Shader 'Universal Render Pipeline/Particles/Lit': fallback shader 'Universal Render Pipeline/Particles/SimpleLit' not found
Refreshing native plugins compatible for Editor in 1.39 ms, found 0 plugins.
Preloading 0 native plugins for Editor in 0.00 ms.
Unloading 2530 Unused Serialized files (Serialized files now loaded: 0)
System memory in use before: 131.4 MB.
System memory in use after: 131.7 MB.

Unloading 6 unused Assets to reduce memory usage. Loaded Objects now: 3325.
Total: 4.959800 ms (FindLiveObjects: 0.726100 ms CreateObjectMapping: 0.373900 ms MarkObjects: 3.824500 ms  DeleteObjects: 0.033500 ms)

========================================================================
Received Import Request.
  Time since last request: 813.076705 seconds.
  path: Assets/SAMGAME/CHARACTER-SELECT-SYSTEM/characterSelect.asset
  artifactKey: Guid(e24765b944e40084c8fe6579a68b3d98) Importer(815301076,1909f56bfc062723c751e8b465ee728b)
Start importing Assets/SAMGAME/CHARACTER-SELECT-SYSTEM/characterSelect.asset using Guid(e24765b944e40084c8fe6579a68b3d98) Importer(815301076,1909f56bfc062723c751e8b465ee728b)  -> (artifact id: '4bc7c09ffc929ca66793753070eab2fa') in 0.060610 seconds
  Import took 0.088709 seconds .

========================================================================
Received Import Request.
  Time since last request: 0.004116 seconds.
  path: Assets/SAMGAME/CHARACTER-SELECT-SYSTEM/characterSelect.asset
  artifactKey: Guid(e24765b944e40084c8fe6579a68b3d98) Importer(815301076,1909f56bfc062723c751e8b465ee728b)
Start importing Assets/SAMGAME/CHARACTER-SELECT-SYSTEM/characterSelect.asset using Guid(e24765b944e40084c8fe6579a68b3d98) Importer(815301076,1909f56bfc062723c751e8b465ee728b)  -> (artifact id: '4bc7c09ffc929ca66793753070eab2fa') in 0.007779 seconds
  Import took 0.016231 seconds .

========================================================================
Received Import Request.
  Time since last request: 66.656322 seconds.
  path: Assets/SAMGAME/SCRIPTABLEOBJECTS/slideCam.asset
  artifactKey: Guid(175c07efe26f2f2499eb65be17ba7d0f) Importer(815301076,1909f56bfc062723c751e8b465ee728b)
Start importing Assets/SAMGAME/SCRIPTABLEOBJECTS/slideCam.asset using Guid(175c07efe26f2f2499eb65be17ba7d0f) Importer(815301076,1909f56bfc062723c751e8b465ee728b)  -> (artifact id: '3e8799cef1b6ff2ab6c7fda0be1bfbc8') in 0.124971 seconds
  Import took 0.153100 seconds .

========================================================================
Received Prepare
Registering precompiled user dll's ...
Registered in 0.001242 seconds.
Begin MonoManager ReloadAssembly
Native extension for WindowsStandalone target not found
Refreshing native plugins compatible for Editor in 0.48 ms, found 0 plugins.
Preloading 0 native plugins for Editor in 0.00 ms.
Invoked RoslynAnalysisRunner static constructor.
RoslynAnalysisRunner will not be running.
RoslynAnalysisRunner has terminated.
Mono: successfully reloaded assembly
- Completed reload, in  0.934 seconds
Platform modules already initialized, skipping
Shader 'Universal Render Pipeline/Particles/Lit': fallback shader 'Universal Render Pipeline/Particles/SimpleLit' not found
Refreshing native plugins compatible for Editor in 0.46 ms, found 0 plugins.
Preloading 0 native plugins for Editor in 0.00 ms.
Unloading 2530 Unused Serialized files (Serialized files now loaded: 0)
System memory in use before: 130.7 MB.
System memory in use after: 130.9 MB.

Unloading 6 unused Assets to reduce memory usage. Loaded Objects now: 3327.
Total: 2.700200 ms (FindLiveObjects: 0.484000 ms CreateObjectMapping: 0.215800 ms MarkObjects: 1.976200 ms  DeleteObjects: 0.023100 ms)

========================================================================
Received Import Request.
  Time since last request: 205.057138 seconds.
  path: Assets/SAMGAME/ANIMATOR/PLAYER-GAMEPLAY-ANIMATORS/Resources/PLAYERANIMATOR_JANE.controller
  artifactKey: Guid(5b2cbc6a9747fda4480a0a90bc05bf2b) Importer(815301076,1909f56bfc062723c751e8b465ee728b)
Start importing Assets/SAMGAME/ANIMATOR/PLAYER-GAMEPLAY-ANIMATORS/Resources/PLAYERANIMATOR_JANE.controller using Guid(5b2cbc6a9747fda4480a0a90bc05bf2b) Importer(815301076,1909f56bfc062723c751e8b465ee728b)  -> (artifact id: '7e9cd0bbeb5eb3af2ca02a2bea9114d5') in 0.526674 seconds
  Import took 0.562428 seconds .

========================================================================
Received Import Request.
  Time since last request: 14.105527 seconds.
  path: Assets/SAMGAME/SCRIPTABLEOBJECTS/Slide/SlideAnima_Genral.asset
  artifactKey: Guid(b3840abe570313543b9f99e352337417) Importer(815301076,1909f56bfc062723c751e8b465ee728b)
Start importing Assets/SAMGAME/SCRIPTABLEOBJECTS/Slide/SlideAnima_Genral.asset using Guid(b3840abe570313543b9f99e352337417) Importer(815301076,1909f56bfc062723c751e8b465ee728b)  -> (artifact id: '69ce0af3c2a0234ace76b14d3efd60fe') in 0.011650 seconds
  Import took 0.030030 seconds .

========================================================================
Received Prepare
Registering precompiled user dll's ...
Registered in 0.001226 seconds.
Begin MonoManager ReloadAssembly
Native extension for WindowsStandalone target not found
Refreshing native plugins compatible for Editor in 0.46 ms, found 0 plugins.
Preloading 0 native plugins for Editor in 0.00 ms.
Invoked RoslynAnalysisRunner static constructor.
RoslynAnalysisRunner will not be running.
RoslynAnalysisRunner has terminated.
Mono: successfully reloaded assembly
- Completed reload, in  1.126 seconds
Platform modules already initialized, skipping
Shader 'Universal Render Pipeline/Particles/Lit': fallback shader 'Universal Render Pipeline/Particles/SimpleLit' not found
Refreshing native plugins compatible for Editor in 0.89 ms, found 0 plugins.
Preloading 0 native plugins for Editor in 0.00 ms.
Unloading 2530 Unused Serialized files (Serialized files now loaded: 0)
System memory in use before: 130.8 MB.
System memory in use after: 131.0 MB.

Unloading 6 unused Assets to reduce memory usage. Loaded Objects now: 3329.
Total: 7.632300 ms (FindLiveObjects: 0.701600 ms CreateObjectMapping: 0.559000 ms MarkObjects: 6.313500 ms  DeleteObjects: 0.055700 ms)

AssetImportWorkerClient::OnTransportError - code=2 error=End of file
