Using pre-set license
Built from '2020.2/release' branch; Version is '2020.2.0f1 (3721df5a8b28) revision 3613151'; Using compiler version '192528614'; Build Type 'Release'
OS: 'Windows 10  (10.0.0) 64bit' Language: 'en' Physical Memory: 8027 MB
BatchMode: 1, IsHumanControllingUs: 0, StartBugReporterOnCrash: 0, Is64bit: 1, IsPro: 0

 COMMAND LINE ARGUMENTS:
C:\Program Files\Unity\Hub\Editor\2020.2.0f1\Editor\Unity.exe
-adb2
-batchMode
-noUpm
-name
AssetImportWorker0
-projectPath
C:/Users/samim/Unity Projects/Endless_2.5D_Runner/EndlessRunner_LWRP
-logFile
Logs/AssetImportWorker0.log
-srvPort
52504
Successfully changed project path to: C:/Users/samim/Unity Projects/Endless_2.5D_Runner/EndlessRunner_LWRP
C:/Users/samim/Unity Projects/Endless_2.5D_Runner/EndlessRunner_LWRP
Using Asset Import Pipeline V2.
Refreshing native plugins compatible for Editor in 262.36 ms, found 0 plugins.
Preloading 0 native plugins for Editor in 0.00 ms.
Initialize engine version: 2020.2.0f1 (3721df5a8b28)
[Subsystems] Discovering subsystems at path C:/Program Files/Unity/Hub/Editor/2020.2.0f1/Editor/Data/Resources/UnitySubsystems
[Subsystems] Discovering subsystems at path C:/Users/samim/Unity Projects/Endless_2.5D_Runner/EndlessRunner_LWRP/Assets
GfxDevice: creating device client; threaded=0
Direct3D:
    Version:  Direct3D 11.0 [level 11.0]
    Renderer: NVIDIA GeForce MX130 (ID=0x174d)
    Vendor:   
    VRAM:     2010 MB
    Driver:   27.21.14.5256
Shader 'Universal Render Pipeline/Particles/Lit': fallback shader 'Universal Render Pipeline/Particles/SimpleLit' not found
Initialize mono
Mono path[0] = 'C:/Program Files/Unity/Hub/Editor/2020.2.0f1/Editor/Data/Managed'
Mono path[1] = 'C:/Program Files/Unity/Hub/Editor/2020.2.0f1/Editor/Data/MonoBleedingEdge/lib/mono/unityjit'
Mono config path = 'C:/Program Files/Unity/Hub/Editor/2020.2.0f1/Editor/Data/MonoBleedingEdge/etc'
Using monoOptions --debugger-agent=transport=dt_socket,embedding=1,server=y,suspend=n,address=127.0.0.1:56128
Begin MonoManager ReloadAssembly
Registering precompiled unity dll's ...
Register platform support module: C:/Program Files/Unity/Hub/Editor/2020.2.0f1/Editor/Data/PlaybackEngines/WindowsStandaloneSupport/UnityEditor.WindowsStandalone.Extensions.dll
Registered in 0.003667 seconds.
Native extension for WindowsStandalone target not found
Refreshing native plugins compatible for Editor in 148.71 ms, found 0 plugins.
Preloading 0 native plugins for Editor in 0.00 ms.
Invoked RoslynAnalysisRunner static constructor.
RoslynAnalysisRunner will not be running.
RoslynAnalysisRunner has terminated.
Mono: successfully reloaded assembly
- Completed reload, in  4.437 seconds
Platform modules already initialized, skipping
Registering precompiled user dll's ...
Registered in 0.004205 seconds.
Begin MonoManager ReloadAssembly
Native extension for WindowsStandalone target not found
Refreshing native plugins compatible for Editor in 153.88 ms, found 0 plugins.
Preloading 0 native plugins for Editor in 0.00 ms.
Invoked RoslynAnalysisRunner static constructor.
RoslynAnalysisRunner will not be running.
RoslynAnalysisRunner has terminated.
Mono: successfully reloaded assembly
- Completed reload, in  2.491 seconds
Platform modules already initialized, skipping
========================================================================
Worker process is ready to serve import requests
Shader 'Universal Render Pipeline/Particles/Lit': fallback shader 'Universal Render Pipeline/Particles/SimpleLit' not found
Launched and connected shader compiler UnityShaderCompiler.exe after 0.16 seconds
Refreshing native plugins compatible for Editor in 1.41 ms, found 0 plugins.
Preloading 0 native plugins for Editor in 0.00 ms.
Unloading 2650 Unused Serialized files (Serialized files now loaded: 0)
System memory in use before: 121.9 MB.
System memory in use after: 122.1 MB.

Unloading 10 unused Assets to reduce memory usage. Loaded Objects now: 3093.
Total: 6.576400 ms (FindLiveObjects: 0.729500 ms CreateObjectMapping: 0.420800 ms MarkObjects: 5.262800 ms  DeleteObjects: 0.160200 ms)

========================================================================
Received Import Request.
  path: Assets/SAMGAME/ANIMATOR/PLAYER-GAMEPLAY-ANIMATORS/Resources/PLAYERANIMATOR_CHARLOTTE.controller
  artifactKey: Guid(3262614b21a3f804faa3e8d0a1ca5141) Importer(815301076,1909f56bfc062723c751e8b465ee728b)
Start importing Assets/SAMGAME/ANIMATOR/PLAYER-GAMEPLAY-ANIMATORS/Resources/PLAYERANIMATOR_CHARLOTTE.controller using Guid(3262614b21a3f804faa3e8d0a1ca5141) Importer(815301076,1909f56bfc062723c751e8b465ee728b)  -> (artifact id: '230f14af28d5139055964c62ea9a893e') in 0.240193 seconds
  Import took 0.303952 seconds .

========================================================================
Received Import Request.
  Time since last request: 118.046184 seconds.
  path: Assets/SAMGAME/SCRIPTS/CHARACTERCONTROL/FPSDisplay.cs
  artifactKey: Guid(3e00eb95c6ce9d84fb2b7b871d282097) Importer(815301076,1909f56bfc062723c751e8b465ee728b)
Start importing Assets/SAMGAME/SCRIPTS/CHARACTERCONTROL/FPSDisplay.cs using Guid(3e00eb95c6ce9d84fb2b7b871d282097) Importer(815301076,1909f56bfc062723c751e8b465ee728b)  -> (artifact id: '3598deb291ca16b10e9de1af31ae089d') in 0.046824 seconds
  Import took 0.107325 seconds .

========================================================================
Received Import Request.
  Time since last request: 0.079492 seconds.
  path: Assets/SAMGAME/SCRIPTS/CHARACTERCONTROL/FPSDisplay.cs
  artifactKey: Guid(3e00eb95c6ce9d84fb2b7b871d282097) Importer(815301076,1909f56bfc062723c751e8b465ee728b)
Start importing Assets/SAMGAME/SCRIPTS/CHARACTERCONTROL/FPSDisplay.cs using Guid(3e00eb95c6ce9d84fb2b7b871d282097) Importer(815301076,1909f56bfc062723c751e8b465ee728b)  -> (artifact id: '3598deb291ca16b10e9de1af31ae089d') in 0.005462 seconds
  Import took 0.013135 seconds .

========================================================================
Received Import Request.
  Time since last request: 149.494165 seconds.
  path: Assets/SAMGAME/SCRIPTS/CHARACTERCONTROL/FPSDisplay.cs
  artifactKey: Guid(3e00eb95c6ce9d84fb2b7b871d282097) Importer(815301076,1909f56bfc062723c751e8b465ee728b)
Start importing Assets/SAMGAME/SCRIPTS/CHARACTERCONTROL/FPSDisplay.cs using Guid(3e00eb95c6ce9d84fb2b7b871d282097) Importer(815301076,1909f56bfc062723c751e8b465ee728b)  -> (artifact id: 'f3a9347ad0dc4cc3ff3f450f59ab313c') in 0.003838 seconds
  Import took 0.031926 seconds .

========================================================================
Received Prepare
Registering precompiled user dll's ...
Registered in 0.001710 seconds.
Begin MonoManager ReloadAssembly
Native extension for WindowsStandalone target not found
Refreshing native plugins compatible for Editor in 0.98 ms, found 0 plugins.
Preloading 0 native plugins for Editor in 0.00 ms.
Invoked RoslynAnalysisRunner static constructor.
RoslynAnalysisRunner will not be running.
RoslynAnalysisRunner has terminated.
Mono: successfully reloaded assembly
- Completed reload, in  2.365 seconds
Platform modules already initialized, skipping
Shader 'Universal Render Pipeline/Particles/Lit': fallback shader 'Universal Render Pipeline/Particles/SimpleLit' not found
Refreshing native plugins compatible for Editor in 1.49 ms, found 0 plugins.
Preloading 0 native plugins for Editor in 0.00 ms.
Unloading 2528 Unused Serialized files (Serialized files now loaded: 0)
System memory in use before: 113.2 MB.
System memory in use after: 113.5 MB.

Unloading 6 unused Assets to reduce memory usage. Loaded Objects now: 3095.
Total: 5.272200 ms (FindLiveObjects: 0.553700 ms CreateObjectMapping: 0.271900 ms MarkObjects: 4.404900 ms  DeleteObjects: 0.039400 ms)

========================================================================
Received Prepare
Registering precompiled user dll's ...
Registered in 0.002808 seconds.
Begin MonoManager ReloadAssembly
Native extension for WindowsStandalone target not found
Refreshing native plugins compatible for Editor in 1.52 ms, found 0 plugins.
Preloading 0 native plugins for Editor in 0.00 ms.
Invoked RoslynAnalysisRunner static constructor.
RoslynAnalysisRunner will not be running.
RoslynAnalysisRunner has terminated.
Mono: successfully reloaded assembly
- Completed reload, in  2.408 seconds
Platform modules already initialized, skipping
Shader 'Universal Render Pipeline/Particles/Lit': fallback shader 'Universal Render Pipeline/Particles/SimpleLit' not found
Refreshing native plugins compatible for Editor in 0.90 ms, found 0 plugins.
Preloading 0 native plugins for Editor in 0.00 ms.
Unloading 2529 Unused Serialized files (Serialized files now loaded: 0)
System memory in use before: 113.3 MB.
System memory in use after: 113.6 MB.

Unloading 6 unused Assets to reduce memory usage. Loaded Objects now: 3097.
Total: 4.583800 ms (FindLiveObjects: 0.772100 ms CreateObjectMapping: 0.345100 ms MarkObjects: 3.427900 ms  DeleteObjects: 0.036500 ms)

========================================================================
Received Import Request.
  Time since last request: 126.822966 seconds.
  path: Assets/SAMGAME/SCRIPTS/CHARACTERCONTROL/FPSDisplay.cs
  artifactKey: Guid(3e00eb95c6ce9d84fb2b7b871d282097) Importer(815301076,1909f56bfc062723c751e8b465ee728b)
Start importing Assets/SAMGAME/SCRIPTS/CHARACTERCONTROL/FPSDisplay.cs using Guid(3e00eb95c6ce9d84fb2b7b871d282097) Importer(815301076,1909f56bfc062723c751e8b465ee728b)  -> (artifact id: '64ebb856c8f89744f5b27016be2d633e') in 0.010759 seconds
  Import took 0.756952 seconds .

========================================================================
Received Import Request.
  Time since last request: 3.629952 seconds.
  path: Assets/SAMGAME/SCRIPTS/CHARACTERCONTROL/FPSDisplay.cs
  artifactKey: Guid(3e00eb95c6ce9d84fb2b7b871d282097) Importer(815301076,1909f56bfc062723c751e8b465ee728b)
Start importing Assets/SAMGAME/SCRIPTS/CHARACTERCONTROL/FPSDisplay.cs using Guid(3e00eb95c6ce9d84fb2b7b871d282097) Importer(815301076,1909f56bfc062723c751e8b465ee728b)  -> (artifact id: '64ebb856c8f89744f5b27016be2d633e') in 0.005863 seconds
  Import took 0.013399 seconds .

========================================================================
Received Prepare
Registering precompiled user dll's ...
Registered in 0.002978 seconds.
Begin MonoManager ReloadAssembly
Native extension for WindowsStandalone target not found
Refreshing native plugins compatible for Editor in 1.05 ms, found 0 plugins.
Preloading 0 native plugins for Editor in 0.00 ms.
Invoked RoslynAnalysisRunner static constructor.
RoslynAnalysisRunner will not be running.
RoslynAnalysisRunner has terminated.
Mono: successfully reloaded assembly
- Completed reload, in  2.386 seconds
Platform modules already initialized, skipping
Shader 'Universal Render Pipeline/Particles/Lit': fallback shader 'Universal Render Pipeline/Particles/SimpleLit' not found
Refreshing native plugins compatible for Editor in 1.01 ms, found 0 plugins.
Preloading 0 native plugins for Editor in 0.00 ms.
Unloading 2529 Unused Serialized files (Serialized files now loaded: 0)
System memory in use before: 113.5 MB.
System memory in use after: 113.8 MB.

Unloading 6 unused Assets to reduce memory usage. Loaded Objects now: 3099.
Total: 4.769400 ms (FindLiveObjects: 0.508100 ms CreateObjectMapping: 0.392300 ms MarkObjects: 3.822800 ms  DeleteObjects: 0.043500 ms)

========================================================================
Received Import Request.
  Time since last request: 42.538587 seconds.
  path: Assets/SAMGAME/SCRIPTS/CHARACTERCONTROL/FPSDisplay.cs
  artifactKey: Guid(3e00eb95c6ce9d84fb2b7b871d282097) Importer(815301076,1909f56bfc062723c751e8b465ee728b)
Start importing Assets/SAMGAME/SCRIPTS/CHARACTERCONTROL/FPSDisplay.cs using Guid(3e00eb95c6ce9d84fb2b7b871d282097) Importer(815301076,1909f56bfc062723c751e8b465ee728b)  -> (artifact id: '00000000000000000000000000000000') in 0.002506 seconds
  ERROR: Build asset version error: assets/samgame/scripts/charactercontrol/fpsdisplay.cs in SourceAssetDB has modification time of '2020-12-28T09:33:08.8044747Z' while content on disk has modification time of '2020-12-28T09:33:25.5269597Z'
  Import took 0.011223 seconds .

========================================================================
Received Import Request.
  Time since last request: 0.163141 seconds.
  path: Assets/SAMGAME/SCRIPTS/CHARACTERCONTROL/FPSDisplay.cs
  artifactKey: Guid(3e00eb95c6ce9d84fb2b7b871d282097) Importer(815301076,1909f56bfc062723c751e8b465ee728b)
Start importing Assets/SAMGAME/SCRIPTS/CHARACTERCONTROL/FPSDisplay.cs using Guid(3e00eb95c6ce9d84fb2b7b871d282097) Importer(815301076,1909f56bfc062723c751e8b465ee728b)  -> (artifact id: '00000000000000000000000000000000') in 0.000932 seconds
  ERROR: Build asset version error: assets/samgame/scripts/charactercontrol/fpsdisplay.cs in SourceAssetDB has modification time of '2020-12-28T09:33:08.8044747Z' while content on disk has modification time of '2020-12-28T09:33:25.5269597Z'
  Import took 0.016202 seconds .

========================================================================
Received Import Request.
  Time since last request: 0.157890 seconds.
  path: Assets/SAMGAME/SCRIPTS/CHARACTERCONTROL/FPSDisplay.cs
  artifactKey: Guid(3e00eb95c6ce9d84fb2b7b871d282097) Importer(815301076,1909f56bfc062723c751e8b465ee728b)
Start importing Assets/SAMGAME/SCRIPTS/CHARACTERCONTROL/FPSDisplay.cs using Guid(3e00eb95c6ce9d84fb2b7b871d282097) Importer(815301076,1909f56bfc062723c751e8b465ee728b)  -> (artifact id: '00000000000000000000000000000000') in 0.000824 seconds
  ERROR: Build asset version error: assets/samgame/scripts/charactercontrol/fpsdisplay.cs in SourceAssetDB has modification time of '2020-12-28T09:33:08.8044747Z' while content on disk has modification time of '2020-12-28T09:33:25.5269597Z'
  Import took 0.012422 seconds .

========================================================================
Received Import Request.
  Time since last request: 0.059652 seconds.
  path: Assets/SAMGAME/SCRIPTS/CHARACTERCONTROL/FPSDisplay.cs
  artifactKey: Guid(3e00eb95c6ce9d84fb2b7b871d282097) Importer(815301076,1909f56bfc062723c751e8b465ee728b)
Start importing Assets/SAMGAME/SCRIPTS/CHARACTERCONTROL/FPSDisplay.cs using Guid(3e00eb95c6ce9d84fb2b7b871d282097) Importer(815301076,1909f56bfc062723c751e8b465ee728b)  -> (artifact id: '00000000000000000000000000000000') in 0.000963 seconds
  ERROR: Build asset version error: assets/samgame/scripts/charactercontrol/fpsdisplay.cs in SourceAssetDB has modification time of '2020-12-28T09:33:08.8044747Z' while content on disk has modification time of '2020-12-28T09:33:25.5269597Z'
  Import took 0.013600 seconds .

========================================================================
Received Import Request.
  Time since last request: 0.162794 seconds.
  path: Assets/SAMGAME/SCRIPTS/CHARACTERCONTROL/FPSDisplay.cs
  artifactKey: Guid(3e00eb95c6ce9d84fb2b7b871d282097) Importer(815301076,1909f56bfc062723c751e8b465ee728b)
Start importing Assets/SAMGAME/SCRIPTS/CHARACTERCONTROL/FPSDisplay.cs using Guid(3e00eb95c6ce9d84fb2b7b871d282097) Importer(815301076,1909f56bfc062723c751e8b465ee728b)  -> (artifact id: '00000000000000000000000000000000') in 0.001070 seconds
  ERROR: Build asset version error: assets/samgame/scripts/charactercontrol/fpsdisplay.cs in SourceAssetDB has modification time of '2020-12-28T09:33:08.8044747Z' while content on disk has modification time of '2020-12-28T09:33:25.5269597Z'
  Import took 0.014371 seconds .

========================================================================
Received Import Request.
  Time since last request: 0.176438 seconds.
  path: Assets/SAMGAME/SCRIPTS/CHARACTERCONTROL/FPSDisplay.cs
  artifactKey: Guid(3e00eb95c6ce9d84fb2b7b871d282097) Importer(815301076,1909f56bfc062723c751e8b465ee728b)
Start importing Assets/SAMGAME/SCRIPTS/CHARACTERCONTROL/FPSDisplay.cs using Guid(3e00eb95c6ce9d84fb2b7b871d282097) Importer(815301076,1909f56bfc062723c751e8b465ee728b)  -> (artifact id: '00000000000000000000000000000000') in 0.000984 seconds
  ERROR: Build asset version error: assets/samgame/scripts/charactercontrol/fpsdisplay.cs in SourceAssetDB has modification time of '2020-12-28T09:33:08.8044747Z' while content on disk has modification time of '2020-12-28T09:33:25.5269597Z'
  Import took 0.017410 seconds .

========================================================================
Received Prepare
Registering precompiled user dll's ...
Registered in 0.001576 seconds.
Begin MonoManager ReloadAssembly
Native extension for WindowsStandalone target not found
Refreshing native plugins compatible for Editor in 1.00 ms, found 0 plugins.
Preloading 0 native plugins for Editor in 0.00 ms.
Invoked RoslynAnalysisRunner static constructor.
RoslynAnalysisRunner will not be running.
RoslynAnalysisRunner has terminated.
Mono: successfully reloaded assembly
- Completed reload, in  2.452 seconds
Platform modules already initialized, skipping
Shader 'Universal Render Pipeline/Particles/Lit': fallback shader 'Universal Render Pipeline/Particles/SimpleLit' not found
Refreshing native plugins compatible for Editor in 0.85 ms, found 0 plugins.
Preloading 0 native plugins for Editor in 0.00 ms.
Unloading 2529 Unused Serialized files (Serialized files now loaded: 0)
System memory in use before: 113.7 MB.
System memory in use after: 113.9 MB.

Unloading 6 unused Assets to reduce memory usage. Loaded Objects now: 3101.
Total: 2.776500 ms (FindLiveObjects: 0.501100 ms CreateObjectMapping: 0.200800 ms MarkObjects: 2.052800 ms  DeleteObjects: 0.020500 ms)

========================================================================
Received Import Request.
  Time since last request: 7.973326 seconds.
  path: Assets/SAMGAME/SCRIPTS/CHARACTERCONTROL/FPSDisplay.cs
  artifactKey: Guid(3e00eb95c6ce9d84fb2b7b871d282097) Importer(815301076,1909f56bfc062723c751e8b465ee728b)
Start importing Assets/SAMGAME/SCRIPTS/CHARACTERCONTROL/FPSDisplay.cs using Guid(3e00eb95c6ce9d84fb2b7b871d282097) Importer(815301076,1909f56bfc062723c751e8b465ee728b)  -> (artifact id: '4e53a425576f878ca1e5986fafc2cd19') in 0.006596 seconds
  Import took 0.046410 seconds .

========================================================================
Received Import Request.
  Time since last request: 2.906245 seconds.
  path: Assets/SAMGAME/SCRIPTS/CHARACTERCONTROL/FPSDisplay.cs
  artifactKey: Guid(3e00eb95c6ce9d84fb2b7b871d282097) Importer(815301076,1909f56bfc062723c751e8b465ee728b)
Start importing Assets/SAMGAME/SCRIPTS/CHARACTERCONTROL/FPSDisplay.cs using Guid(3e00eb95c6ce9d84fb2b7b871d282097) Importer(815301076,1909f56bfc062723c751e8b465ee728b)  -> (artifact id: '4e53a425576f878ca1e5986fafc2cd19') in 0.003483 seconds
  Import took 0.008355 seconds .

========================================================================
Received Import Request.
  Time since last request: 79.279503 seconds.
  path: Assets/SAMGAME/ANIMATOR/PLAYER-GAMEPLAY-ANIMATORS/Resources/PLAYERANIMATOR_MIKE.controller
  artifactKey: Guid(b4a1138bf3fd33d48a6602dab769fd8b) Importer(815301076,1909f56bfc062723c751e8b465ee728b)
Start importing Assets/SAMGAME/ANIMATOR/PLAYER-GAMEPLAY-ANIMATORS/Resources/PLAYERANIMATOR_MIKE.controller using Guid(b4a1138bf3fd33d48a6602dab769fd8b) Importer(815301076,1909f56bfc062723c751e8b465ee728b)  -> (artifact id: 'cccb6c7d3d32456c86c9d7b6fde52e72') in 0.176431 seconds
  Import took 0.209621 seconds .

========================================================================
Received Import Request.
  Time since last request: 146.231473 seconds.
  path: Assets/SAMGAME/ANIMATOR/PLAYER-GAMEPLAY-ANIMATORS/Resources/PLAYERANIMATOR_JAMES.controller
  artifactKey: Guid(7ad7039e201d38b45a27150e0d2bcb6e) Importer(815301076,1909f56bfc062723c751e8b465ee728b)
Start importing Assets/SAMGAME/ANIMATOR/PLAYER-GAMEPLAY-ANIMATORS/Resources/PLAYERANIMATOR_JAMES.controller using Guid(7ad7039e201d38b45a27150e0d2bcb6e) Importer(815301076,1909f56bfc062723c751e8b465ee728b)  -> (artifact id: 'b645c39ec6ffbf9fa0e1781ed493adc8') in 0.091237 seconds
  Import took 0.139383 seconds .

========================================================================
Received Import Request.
  Time since last request: 0.036874 seconds.
  path: Assets/SAMGAME/ANIMATOR/PLAYER-GAMEPLAY-ANIMATORS/Resources/PLAYERANIMATOR_JAMES.controller
  artifactKey: Guid(7ad7039e201d38b45a27150e0d2bcb6e) Importer(815301076,1909f56bfc062723c751e8b465ee728b)
Start importing Assets/SAMGAME/ANIMATOR/PLAYER-GAMEPLAY-ANIMATORS/Resources/PLAYERANIMATOR_JAMES.controller using Guid(7ad7039e201d38b45a27150e0d2bcb6e) Importer(815301076,1909f56bfc062723c751e8b465ee728b)  -> (artifact id: 'b645c39ec6ffbf9fa0e1781ed493adc8') in 0.044385 seconds
  Import took 0.056493 seconds .

========================================================================
Received Prepare
Registering precompiled user dll's ...
Registered in 0.003101 seconds.
Begin MonoManager ReloadAssembly
Native extension for WindowsStandalone target not found
Refreshing native plugins compatible for Editor in 1.52 ms, found 0 plugins.
Preloading 0 native plugins for Editor in 0.00 ms.
Invoked RoslynAnalysisRunner static constructor.
RoslynAnalysisRunner will not be running.
RoslynAnalysisRunner has terminated.
Mono: successfully reloaded assembly
- Completed reload, in  2.461 seconds
Platform modules already initialized, skipping
Shader 'Universal Render Pipeline/Particles/Lit': fallback shader 'Universal Render Pipeline/Particles/SimpleLit' not found
Refreshing native plugins compatible for Editor in 1.14 ms, found 0 plugins.
Preloading 0 native plugins for Editor in 0.00 ms.
Unloading 2529 Unused Serialized files (Serialized files now loaded: 0)
System memory in use before: 113.8 MB.
System memory in use after: 114.0 MB.

Unloading 6 unused Assets to reduce memory usage. Loaded Objects now: 3103.
Total: 5.415000 ms (FindLiveObjects: 0.705000 ms CreateObjectMapping: 0.432100 ms MarkObjects: 4.227500 ms  DeleteObjects: 0.046600 ms)

========================================================================
Received Prepare
Registering precompiled user dll's ...
Registered in 0.002936 seconds.
Begin MonoManager ReloadAssembly
Native extension for WindowsStandalone target not found
Refreshing native plugins compatible for Editor in 0.98 ms, found 0 plugins.
Preloading 0 native plugins for Editor in 0.00 ms.
Invoked RoslynAnalysisRunner static constructor.
RoslynAnalysisRunner will not be running.
RoslynAnalysisRunner has terminated.
Mono: successfully reloaded assembly
- Completed reload, in  2.493 seconds
Platform modules already initialized, skipping
Shader 'Universal Render Pipeline/Particles/Lit': fallback shader 'Universal Render Pipeline/Particles/SimpleLit' not found
Refreshing native plugins compatible for Editor in 1.87 ms, found 0 plugins.
Preloading 0 native plugins for Editor in 0.00 ms.
Unloading 2529 Unused Serialized files (Serialized files now loaded: 0)
System memory in use before: 113.9 MB.
System memory in use after: 114.1 MB.

Unloading 6 unused Assets to reduce memory usage. Loaded Objects now: 3105.
Total: 5.329000 ms (FindLiveObjects: 1.064400 ms CreateObjectMapping: 0.425700 ms MarkObjects: 3.789300 ms  DeleteObjects: 0.042400 ms)

========================================================================
Received Import Request.
  Time since last request: 1526.318760 seconds.
  path: Assets/SAMGAME/CHARACTER-SELECT-SYSTEM/characterSelect.asset
  artifactKey: Guid(e24765b944e40084c8fe6579a68b3d98) Importer(815301076,1909f56bfc062723c751e8b465ee728b)
Start importing Assets/SAMGAME/CHARACTER-SELECT-SYSTEM/characterSelect.asset using Guid(e24765b944e40084c8fe6579a68b3d98) Importer(815301076,1909f56bfc062723c751e8b465ee728b)  -> (artifact id: '44afb8a5b9df962716a5fb94438beef0') in 0.040027 seconds
  Import took 0.232386 seconds .

========================================================================
Received Import Request.
  Time since last request: 6.517127 seconds.
  path: Assets/SAMGAME/ANIMATOR/PLAYER-GAMEPLAY-ANIMATORS/Resources/PLAYERANIMATOR_JAMES.controller
  artifactKey: Guid(7ad7039e201d38b45a27150e0d2bcb6e) Importer(815301076,1909f56bfc062723c751e8b465ee728b)
Start importing Assets/SAMGAME/ANIMATOR/PLAYER-GAMEPLAY-ANIMATORS/Resources/PLAYERANIMATOR_JAMES.controller using Guid(7ad7039e201d38b45a27150e0d2bcb6e) Importer(815301076,1909f56bfc062723c751e8b465ee728b)  -> (artifact id: '02760ef253d0a50e243bd32479b73469') in 0.362125 seconds
  Import took 0.427373 seconds .

========================================================================
Received Import Request.
  Time since last request: 91.228274 seconds.
  path: Assets/SAMGAME/ANIMATOR/PLAYER-GAMEPLAY-ANIMATORS/Resources/PLAYERANIMATOR_LIAM.controller
  artifactKey: Guid(dde1bc7dbb7603f4b872b8ddf40f6d83) Importer(815301076,1909f56bfc062723c751e8b465ee728b)
Start importing Assets/SAMGAME/ANIMATOR/PLAYER-GAMEPLAY-ANIMATORS/Resources/PLAYERANIMATOR_LIAM.controller using Guid(dde1bc7dbb7603f4b872b8ddf40f6d83) Importer(815301076,1909f56bfc062723c751e8b465ee728b)  -> (artifact id: '785681ec6414d44daf77bfaee7825896') in 0.281795 seconds
  Import took 0.407836 seconds .

========================================================================
Received Prepare
Registering precompiled user dll's ...
Registered in 0.003266 seconds.
Begin MonoManager ReloadAssembly
Native extension for WindowsStandalone target not found
Refreshing native plugins compatible for Editor in 1.21 ms, found 0 plugins.
Preloading 0 native plugins for Editor in 0.00 ms.
Invoked RoslynAnalysisRunner static constructor.
RoslynAnalysisRunner will not be running.
RoslynAnalysisRunner has terminated.
Mono: successfully reloaded assembly
- Completed reload, in  2.261 seconds
Platform modules already initialized, skipping
Shader 'Universal Render Pipeline/Particles/Lit': fallback shader 'Universal Render Pipeline/Particles/SimpleLit' not found
Refreshing native plugins compatible for Editor in 0.91 ms, found 0 plugins.
Preloading 0 native plugins for Editor in 0.00 ms.
Unloading 2529 Unused Serialized files (Serialized files now loaded: 0)
System memory in use before: 114.0 MB.
System memory in use after: 114.3 MB.

Unloading 6 unused Assets to reduce memory usage. Loaded Objects now: 3107.
Total: 4.352600 ms (FindLiveObjects: 0.479300 ms CreateObjectMapping: 0.292200 ms MarkObjects: 3.523400 ms  DeleteObjects: 0.055300 ms)

========================================================================
Received Import Request.
  Time since last request: 193.407703 seconds.
  path: Assets/SAMGAME/SCRIPTABLEOBJECTS/CameraSwitch/CameraSwitch_ToSlide.asset
  artifactKey: Guid(9a32047015a0b38428743bb341871d57) Importer(815301076,1909f56bfc062723c751e8b465ee728b)
Start importing Assets/SAMGAME/SCRIPTABLEOBJECTS/CameraSwitch/CameraSwitch_ToSlide.asset using Guid(9a32047015a0b38428743bb341871d57) Importer(815301076,1909f56bfc062723c751e8b465ee728b)  -> (artifact id: 'b51985334bc22cf355a85735f7da974c') in 0.099412 seconds
  Import took 0.218014 seconds .

========================================================================
Received Import Request.
  Time since last request: 3.452945 seconds.
  path: Assets/SAMGAME/SCRIPTS/STATES/Player_Objects/CameraSwitch/CameraSwitch_ToSlide.cs
  artifactKey: Guid(6c0efb6bc07533b4993b871a1ae2f701) Importer(815301076,1909f56bfc062723c751e8b465ee728b)
Start importing Assets/SAMGAME/SCRIPTS/STATES/Player_Objects/CameraSwitch/CameraSwitch_ToSlide.cs using Guid(6c0efb6bc07533b4993b871a1ae2f701) Importer(815301076,1909f56bfc062723c751e8b465ee728b)  -> (artifact id: 'bef32de42a28ed42ceb83967ad8eba0f') in 0.013088 seconds
  Import took 0.070677 seconds .

========================================================================
Received Import Request.
  Time since last request: 0.061021 seconds.
  path: Assets/SAMGAME/SCRIPTS/STATES/Player_Objects/CameraSwitch/CameraSwitch_ToSlide.cs
  artifactKey: Guid(6c0efb6bc07533b4993b871a1ae2f701) Importer(815301076,1909f56bfc062723c751e8b465ee728b)
Start importing Assets/SAMGAME/SCRIPTS/STATES/Player_Objects/CameraSwitch/CameraSwitch_ToSlide.cs using Guid(6c0efb6bc07533b4993b871a1ae2f701) Importer(815301076,1909f56bfc062723c751e8b465ee728b)  -> (artifact id: 'bef32de42a28ed42ceb83967ad8eba0f') in 0.005989 seconds
  Import took 0.014548 seconds .

========================================================================
Received Prepare
Registering precompiled user dll's ...
Registered in 0.005199 seconds.
Begin MonoManager ReloadAssembly
Native extension for WindowsStandalone target not found
Refreshing native plugins compatible for Editor in 1.19 ms, found 0 plugins.
Preloading 0 native plugins for Editor in 0.00 ms.
Invoked RoslynAnalysisRunner static constructor.
RoslynAnalysisRunner will not be running.
RoslynAnalysisRunner has terminated.
Mono: successfully reloaded assembly
- Completed reload, in  2.894 seconds
Platform modules already initialized, skipping
Shader 'Universal Render Pipeline/Particles/Lit': fallback shader 'Universal Render Pipeline/Particles/SimpleLit' not found
Refreshing native plugins compatible for Editor in 1.12 ms, found 0 plugins.
Preloading 0 native plugins for Editor in 0.00 ms.
Unloading 2529 Unused Serialized files (Serialized files now loaded: 0)
System memory in use before: 114.2 MB.
System memory in use after: 114.4 MB.

Unloading 6 unused Assets to reduce memory usage. Loaded Objects now: 3109.
Total: 4.944200 ms (FindLiveObjects: 0.796500 ms CreateObjectMapping: 0.442400 ms MarkObjects: 3.662700 ms  DeleteObjects: 0.039300 ms)

========================================================================
Received Import Request.
  Time since last request: 15.765884 seconds.
  path: Assets/SAMGAME/SCRIPTS/STATES/Player_Objects/CameraSwitch/CameraSwitch_ToDefault.cs
  artifactKey: Guid(815213ca98a09194486536dbe388d748) Importer(815301076,1909f56bfc062723c751e8b465ee728b)
Start importing Assets/SAMGAME/SCRIPTS/STATES/Player_Objects/CameraSwitch/CameraSwitch_ToDefault.cs using Guid(815213ca98a09194486536dbe388d748) Importer(815301076,1909f56bfc062723c751e8b465ee728b)  -> (artifact id: '60c5494eef6e5f4956a6ebfcd31e5c8a') in 0.030426 seconds
  Import took 0.119031 seconds .

========================================================================
Received Import Request.
  Time since last request: 65.878455 seconds.
  path: Assets/SAMGAME/ANIMATOR/PLAYER-GAMEPLAY-ANIMATORS/Resources/PLAYERANIMATOR_CHARLOTTE.controller
  artifactKey: Guid(3262614b21a3f804faa3e8d0a1ca5141) Importer(815301076,1909f56bfc062723c751e8b465ee728b)
Start importing Assets/SAMGAME/ANIMATOR/PLAYER-GAMEPLAY-ANIMATORS/Resources/PLAYERANIMATOR_CHARLOTTE.controller using Guid(3262614b21a3f804faa3e8d0a1ca5141) Importer(815301076,1909f56bfc062723c751e8b465ee728b)  -> (artifact id: '863f3001ac7242b53950087949d29be7') in 1.168581 seconds
  Import took 1.219858 seconds .

========================================================================
Received Import Request.
  Time since last request: 54.755706 seconds.
  path: Assets/SAMGAME/SCRIPTABLEOBJECTS/CameraSwitch/CameraSwitch_ToDefault.asset
  artifactKey: Guid(8a54becaa6cea1447b0f9a0fe5520fe8) Importer(815301076,1909f56bfc062723c751e8b465ee728b)
Start importing Assets/SAMGAME/SCRIPTABLEOBJECTS/CameraSwitch/CameraSwitch_ToDefault.asset using Guid(8a54becaa6cea1447b0f9a0fe5520fe8) Importer(815301076,1909f56bfc062723c751e8b465ee728b)  -> (artifact id: '3b11d25687e65eecf096af45038404ce') in 0.008800 seconds
  Import took 0.034532 seconds .

========================================================================
Received Prepare
Registering precompiled user dll's ...
Registered in 0.003399 seconds.
Begin MonoManager ReloadAssembly
Native extension for WindowsStandalone target not found
Refreshing native plugins compatible for Editor in 1.24 ms, found 0 plugins.
Preloading 0 native plugins for Editor in 0.00 ms.
Invoked RoslynAnalysisRunner static constructor.
RoslynAnalysisRunner will not be running.
RoslynAnalysisRunner has terminated.
Mono: successfully reloaded assembly
- Completed reload, in  2.870 seconds
Platform modules already initialized, skipping
Shader 'Universal Render Pipeline/Particles/Lit': fallback shader 'Universal Render Pipeline/Particles/SimpleLit' not found
Refreshing native plugins compatible for Editor in 1.99 ms, found 0 plugins.
Preloading 0 native plugins for Editor in 0.00 ms.
Unloading 2529 Unused Serialized files (Serialized files now loaded: 0)
System memory in use before: 114.3 MB.
System memory in use after: 114.5 MB.

Unloading 6 unused Assets to reduce memory usage. Loaded Objects now: 3111.
Total: 6.874800 ms (FindLiveObjects: 0.704300 ms CreateObjectMapping: 0.403800 ms MarkObjects: 5.699300 ms  DeleteObjects: 0.062900 ms)

========================================================================
Received Prepare
Registering precompiled user dll's ...
Registered in 0.003769 seconds.
Begin MonoManager ReloadAssembly
Native extension for WindowsStandalone target not found
Refreshing native plugins compatible for Editor in 1.03 ms, found 0 plugins.
Preloading 0 native plugins for Editor in 0.00 ms.
Invoked RoslynAnalysisRunner static constructor.
RoslynAnalysisRunner will not be running.
RoslynAnalysisRunner has terminated.
Mono: successfully reloaded assembly
- Completed reload, in  2.518 seconds
Platform modules already initialized, skipping
Shader 'Universal Render Pipeline/Particles/Lit': fallback shader 'Universal Render Pipeline/Particles/SimpleLit' not found
Refreshing native plugins compatible for Editor in 0.63 ms, found 0 plugins.
Preloading 0 native plugins for Editor in 0.00 ms.
Unloading 2529 Unused Serialized files (Serialized files now loaded: 0)
System memory in use before: 114.4 MB.
System memory in use after: 114.6 MB.

Unloading 6 unused Assets to reduce memory usage. Loaded Objects now: 3113.
Total: 5.120500 ms (FindLiveObjects: 0.882100 ms CreateObjectMapping: 0.360000 ms MarkObjects: 3.836600 ms  DeleteObjects: 0.037900 ms)

========================================================================
Received Import Request.
  Time since last request: 469.003602 seconds.
  path: Assets/SAMGAME/ANIMATOR/PLAYER-GAMEPLAY-ANIMATORS/Resources/PLAYERANIMATOR_EMMA.controller
  artifactKey: Guid(9bcd15ef310d259498a545440be0edf8) Importer(815301076,1909f56bfc062723c751e8b465ee728b)
Start importing Assets/SAMGAME/ANIMATOR/PLAYER-GAMEPLAY-ANIMATORS/Resources/PLAYERANIMATOR_EMMA.controller using Guid(9bcd15ef310d259498a545440be0edf8) Importer(815301076,1909f56bfc062723c751e8b465ee728b)  -> (artifact id: '50ce0c2cf3dd30ac9a2469d13a2a8960') in 0.232540 seconds
  Import took 0.264371 seconds .

========================================================================
Received Import Request.
  Time since last request: 39.089574 seconds.
  path: Assets/SAMGAME/ANIMATOR/PLAYER-GAMEPLAY-ANIMATORS/Resources/PLAYERANIMATOR_JANE.controller
  artifactKey: Guid(5b2cbc6a9747fda4480a0a90bc05bf2b) Importer(815301076,1909f56bfc062723c751e8b465ee728b)
Start importing Assets/SAMGAME/ANIMATOR/PLAYER-GAMEPLAY-ANIMATORS/Resources/PLAYERANIMATOR_JANE.controller using Guid(5b2cbc6a9747fda4480a0a90bc05bf2b) Importer(815301076,1909f56bfc062723c751e8b465ee728b)  -> (artifact id: '564423dde19607ed8b03f9c4bce1c6c8') in 0.282998 seconds
  Import took 0.339888 seconds .

========================================================================
Received Import Request.
  Time since last request: 28.896024 seconds.
  path: Assets/SAMGAME/ANIMATOR/PLAYER-GAMEPLAY-ANIMATORS/Resources/PLAYERANIMATOR_JESSICA.controller
  artifactKey: Guid(8caac03f4386ae548806493b95ff21d0) Importer(815301076,1909f56bfc062723c751e8b465ee728b)
Start importing Assets/SAMGAME/ANIMATOR/PLAYER-GAMEPLAY-ANIMATORS/Resources/PLAYERANIMATOR_JESSICA.controller using Guid(8caac03f4386ae548806493b95ff21d0) Importer(815301076,1909f56bfc062723c751e8b465ee728b)  -> (artifact id: '0fa93c57c66649abc2eaf43e9ca2fb95') in 0.196707 seconds
  Import took 0.292754 seconds .

========================================================================
Received Import Request.
  Time since last request: 23.975683 seconds.
  path: Assets/SAMGAME/ANIMATOR/PLAYER-GAMEPLAY-ANIMATORS/Resources/PLAYERANIMATOR_MIKE.controller
  artifactKey: Guid(b4a1138bf3fd33d48a6602dab769fd8b) Importer(815301076,1909f56bfc062723c751e8b465ee728b)
Start importing Assets/SAMGAME/ANIMATOR/PLAYER-GAMEPLAY-ANIMATORS/Resources/PLAYERANIMATOR_MIKE.controller using Guid(b4a1138bf3fd33d48a6602dab769fd8b) Importer(815301076,1909f56bfc062723c751e8b465ee728b)  -> (artifact id: '5d11cd330a3e04cbda95882ef840d7d3') in 0.080402 seconds
  Import took 0.110402 seconds .

========================================================================
Received Import Request.
  Time since last request: 46.551986 seconds.
  path: Assets/SAMGAME/ANIMATOR/PLAYER-GAMEPLAY-ANIMATORS/Resources/PLAYERANIMATOR_NOAH.controller
  artifactKey: Guid(a143b1b50d73f3540a1b553f14207ea0) Importer(815301076,1909f56bfc062723c751e8b465ee728b)
Start importing Assets/SAMGAME/ANIMATOR/PLAYER-GAMEPLAY-ANIMATORS/Resources/PLAYERANIMATOR_NOAH.controller using Guid(a143b1b50d73f3540a1b553f14207ea0) Importer(815301076,1909f56bfc062723c751e8b465ee728b)  -> (artifact id: '616132cdca96f11dc184848c542fb88c') in 0.208895 seconds
  Import took 0.271923 seconds .

========================================================================
Received Import Request.
  Time since last request: 6.030963 seconds.
  path: Assets/SAMGAME/ANIMATOR/PLAYER-GAMEPLAY-ANIMATORS/Resources/PLAYERANIMATOR_WILLIAM.controller
  artifactKey: Guid(26372b825229cfe4986045fb88f69a5f) Importer(815301076,1909f56bfc062723c751e8b465ee728b)
Start importing Assets/SAMGAME/ANIMATOR/PLAYER-GAMEPLAY-ANIMATORS/Resources/PLAYERANIMATOR_WILLIAM.controller using Guid(26372b825229cfe4986045fb88f69a5f) Importer(815301076,1909f56bfc062723c751e8b465ee728b)  -> (artifact id: 'a5f12cdec726ff0ec9c7de4e82f05c6c') in 0.102266 seconds
  Import took 0.112680 seconds .

========================================================================
Received Prepare
Registering precompiled user dll's ...
Registered in 0.003431 seconds.
Begin MonoManager ReloadAssembly
Native extension for WindowsStandalone target not found
Refreshing native plugins compatible for Editor in 0.98 ms, found 0 plugins.
Preloading 0 native plugins for Editor in 0.00 ms.
Invoked RoslynAnalysisRunner static constructor.
RoslynAnalysisRunner will not be running.
RoslynAnalysisRunner has terminated.
Mono: successfully reloaded assembly
- Completed reload, in  2.419 seconds
Platform modules already initialized, skipping
Shader 'Universal Render Pipeline/Particles/Lit': fallback shader 'Universal Render Pipeline/Particles/SimpleLit' not found
Refreshing native plugins compatible for Editor in 0.99 ms, found 0 plugins.
Preloading 0 native plugins for Editor in 0.00 ms.
Unloading 2529 Unused Serialized files (Serialized files now loaded: 0)
System memory in use before: 114.5 MB.
System memory in use after: 114.7 MB.

Unloading 6 unused Assets to reduce memory usage. Loaded Objects now: 3115.
Total: 4.481200 ms (FindLiveObjects: 0.533500 ms CreateObjectMapping: 0.296900 ms MarkObjects: 3.610000 ms  DeleteObjects: 0.038200 ms)

========================================================================
Received Prepare
Registering precompiled user dll's ...
Registered in 0.003188 seconds.
Begin MonoManager ReloadAssembly
Native extension for WindowsStandalone target not found
Refreshing native plugins compatible for Editor in 0.99 ms, found 0 plugins.
Preloading 0 native plugins for Editor in 0.00 ms.
Invoked RoslynAnalysisRunner static constructor.
RoslynAnalysisRunner will not be running.
RoslynAnalysisRunner has terminated.
Mono: successfully reloaded assembly
- Completed reload, in  2.397 seconds
Platform modules already initialized, skipping
Shader 'Universal Render Pipeline/Particles/Lit': fallback shader 'Universal Render Pipeline/Particles/SimpleLit' not found
Refreshing native plugins compatible for Editor in 1.41 ms, found 0 plugins.
Preloading 0 native plugins for Editor in 0.00 ms.
Unloading 2529 Unused Serialized files (Serialized files now loaded: 0)
System memory in use before: 113.7 MB.
System memory in use after: 113.9 MB.

Unloading 6 unused Assets to reduce memory usage. Loaded Objects now: 3117.
Total: 6.082300 ms (FindLiveObjects: 0.805600 ms CreateObjectMapping: 0.430400 ms MarkObjects: 4.773300 ms  DeleteObjects: 0.068800 ms)

========================================================================
Received Import Request.
  Time since last request: 266.086270 seconds.
  path: Assets/SAMGAME/SCRIPTS/STATES/Player_Objects/SlideAnim.cs
  artifactKey: Guid(8a5d2037bd88c3e4d972f6ace352871c) Importer(815301076,1909f56bfc062723c751e8b465ee728b)
Start importing Assets/SAMGAME/SCRIPTS/STATES/Player_Objects/SlideAnim.cs using Guid(8a5d2037bd88c3e4d972f6ace352871c) Importer(815301076,1909f56bfc062723c751e8b465ee728b)  -> (artifact id: '4b936a564abfc8da31efc6228a966ec4') in 0.027783 seconds
  Import took 0.075046 seconds .

========================================================================
Received Prepare
Registering precompiled user dll's ...
Registered in 0.001785 seconds.
Begin MonoManager ReloadAssembly
Native extension for WindowsStandalone target not found
Refreshing native plugins compatible for Editor in 0.99 ms, found 0 plugins.
Preloading 0 native plugins for Editor in 0.00 ms.
Invoked RoslynAnalysisRunner static constructor.
RoslynAnalysisRunner will not be running.
RoslynAnalysisRunner has terminated.
Mono: successfully reloaded assembly
- Completed reload, in  2.456 seconds
Platform modules already initialized, skipping
Shader 'Universal Render Pipeline/Particles/Lit': fallback shader 'Universal Render Pipeline/Particles/SimpleLit' not found
Refreshing native plugins compatible for Editor in 1.00 ms, found 0 plugins.
Preloading 0 native plugins for Editor in 0.00 ms.
Unloading 2529 Unused Serialized files (Serialized files now loaded: 0)
System memory in use before: 113.8 MB.
System memory in use after: 114.0 MB.

Unloading 6 unused Assets to reduce memory usage. Loaded Objects now: 3119.
Total: 5.033800 ms (FindLiveObjects: 0.438400 ms CreateObjectMapping: 0.255200 ms MarkObjects: 4.296900 ms  DeleteObjects: 0.041000 ms)

========================================================================
Received Prepare
Registering precompiled user dll's ...
Registered in 0.002565 seconds.
Begin MonoManager ReloadAssembly
Native extension for WindowsStandalone target not found
Refreshing native plugins compatible for Editor in 1.06 ms, found 0 plugins.
Preloading 0 native plugins for Editor in 0.00 ms.
Invoked RoslynAnalysisRunner static constructor.
RoslynAnalysisRunner will not be running.
RoslynAnalysisRunner has terminated.
Mono: successfully reloaded assembly
- Completed reload, in  3.288 seconds
Platform modules already initialized, skipping
Shader 'Universal Render Pipeline/Particles/Lit': fallback shader 'Universal Render Pipeline/Particles/SimpleLit' not found
Refreshing native plugins compatible for Editor in 0.95 ms, found 0 plugins.
Preloading 0 native plugins for Editor in 0.00 ms.
Unloading 2529 Unused Serialized files (Serialized files now loaded: 0)
System memory in use before: 113.9 MB.
System memory in use after: 114.1 MB.

Unloading 6 unused Assets to reduce memory usage. Loaded Objects now: 3121.
Total: 5.972800 ms (FindLiveObjects: 1.368700 ms CreateObjectMapping: 0.881600 ms MarkObjects: 3.678200 ms  DeleteObjects: 0.041800 ms)

========================================================================
Received Prepare
Registering precompiled user dll's ...
Registered in 0.001750 seconds.
Begin MonoManager ReloadAssembly
Native extension for WindowsStandalone target not found
Refreshing native plugins compatible for Editor in 0.66 ms, found 0 plugins.
Preloading 0 native plugins for Editor in 0.00 ms.
Invoked RoslynAnalysisRunner static constructor.
RoslynAnalysisRunner will not be running.
RoslynAnalysisRunner has terminated.
Mono: successfully reloaded assembly
- Completed reload, in  2.529 seconds
Platform modules already initialized, skipping
Shader 'Universal Render Pipeline/Particles/Lit': fallback shader 'Universal Render Pipeline/Particles/SimpleLit' not found
Refreshing native plugins compatible for Editor in 1.04 ms, found 0 plugins.
Preloading 0 native plugins for Editor in 0.00 ms.
Unloading 2529 Unused Serialized files (Serialized files now loaded: 0)
System memory in use before: 114.0 MB.
System memory in use after: 114.2 MB.

Unloading 6 unused Assets to reduce memory usage. Loaded Objects now: 3123.
Total: 4.595800 ms (FindLiveObjects: 0.497000 ms CreateObjectMapping: 0.301000 ms MarkObjects: 3.752900 ms  DeleteObjects: 0.042200 ms)

========================================================================
Received Prepare
Registering precompiled user dll's ...
Registered in 0.003249 seconds.
Begin MonoManager ReloadAssembly
Native extension for WindowsStandalone target not found
Refreshing native plugins compatible for Editor in 1.00 ms, found 0 plugins.
Preloading 0 native plugins for Editor in 0.00 ms.
Invoked RoslynAnalysisRunner static constructor.
RoslynAnalysisRunner will not be running.
RoslynAnalysisRunner has terminated.
Mono: successfully reloaded assembly
- Completed reload, in  2.518 seconds
Platform modules already initialized, skipping
Shader 'Universal Render Pipeline/Particles/Lit': fallback shader 'Universal Render Pipeline/Particles/SimpleLit' not found
Refreshing native plugins compatible for Editor in 1.23 ms, found 0 plugins.
Preloading 0 native plugins for Editor in 0.00 ms.
Unloading 2529 Unused Serialized files (Serialized files now loaded: 0)
System memory in use before: 114.1 MB.
System memory in use after: 114.3 MB.

Unloading 6 unused Assets to reduce memory usage. Loaded Objects now: 3125.
Total: 4.982800 ms (FindLiveObjects: 0.897500 ms CreateObjectMapping: 0.357900 ms MarkObjects: 3.685500 ms  DeleteObjects: 0.038000 ms)

========================================================================
Received Prepare
Registering precompiled user dll's ...
Registered in 0.002940 seconds.
Begin MonoManager ReloadAssembly
Native extension for WindowsStandalone target not found
Refreshing native plugins compatible for Editor in 0.59 ms, found 0 plugins.
Preloading 0 native plugins for Editor in 0.00 ms.
Invoked RoslynAnalysisRunner static constructor.
RoslynAnalysisRunner will not be running.
RoslynAnalysisRunner has terminated.
Mono: successfully reloaded assembly
- Completed reload, in  2.405 seconds
Platform modules already initialized, skipping
Shader 'Universal Render Pipeline/Particles/Lit': fallback shader 'Universal Render Pipeline/Particles/SimpleLit' not found
Refreshing native plugins compatible for Editor in 0.99 ms, found 0 plugins.
Preloading 0 native plugins for Editor in 0.00 ms.
Unloading 2530 Unused Serialized files (Serialized files now loaded: 0)
System memory in use before: 114.2 MB.
System memory in use after: 114.5 MB.

Unloading 6 unused Assets to reduce memory usage. Loaded Objects now: 3128.
Total: 5.170500 ms (FindLiveObjects: 0.591600 ms CreateObjectMapping: 0.458600 ms MarkObjects: 4.076600 ms  DeleteObjects: 0.041000 ms)

========================================================================
Received Import Request.
  Time since last request: 463.403166 seconds.
  path: Assets/SAMGAME/SCRIPTS/STATES/Player_Objects/CameraSwitch/CameraSwitch_ToJump.cs
  artifactKey: Guid(7553b06ef34d37648ad582dc41915fa5) Importer(815301076,1909f56bfc062723c751e8b465ee728b)
Start importing Assets/SAMGAME/SCRIPTS/STATES/Player_Objects/CameraSwitch/CameraSwitch_ToJump.cs using Guid(7553b06ef34d37648ad582dc41915fa5) Importer(815301076,1909f56bfc062723c751e8b465ee728b)  -> (artifact id: '4d90595847e7cf309a7ae7c27fa8e477') in 0.023974 seconds
  Import took 0.152177 seconds .

========================================================================
Received Prepare
Registering precompiled user dll's ...
Registered in 0.002460 seconds.
Begin MonoManager ReloadAssembly
Native extension for WindowsStandalone target not found
Refreshing native plugins compatible for Editor in 1.00 ms, found 0 plugins.
Preloading 0 native plugins for Editor in 0.00 ms.
Invoked RoslynAnalysisRunner static constructor.
RoslynAnalysisRunner will not be running.
RoslynAnalysisRunner has terminated.
Mono: successfully reloaded assembly
- Completed reload, in  3.800 seconds
Platform modules already initialized, skipping
Shader 'Universal Render Pipeline/Particles/Lit': fallback shader 'Universal Render Pipeline/Particles/SimpleLit' not found
Refreshing native plugins compatible for Editor in 1.51 ms, found 0 plugins.
Preloading 0 native plugins for Editor in 0.00 ms.
Unloading 2530 Unused Serialized files (Serialized files now loaded: 0)
System memory in use before: 114.4 MB.
System memory in use after: 114.6 MB.

Unloading 6 unused Assets to reduce memory usage. Loaded Objects now: 3130.
Total: 6.268800 ms (FindLiveObjects: 0.506700 ms CreateObjectMapping: 0.428200 ms MarkObjects: 5.276900 ms  DeleteObjects: 0.053900 ms)

========================================================================
Received Prepare
Registering precompiled user dll's ...
Registered in 0.001547 seconds.
Begin MonoManager ReloadAssembly
Native extension for WindowsStandalone target not found
Refreshing native plugins compatible for Editor in 1.06 ms, found 0 plugins.
Preloading 0 native plugins for Editor in 0.00 ms.
Invoked RoslynAnalysisRunner static constructor.
RoslynAnalysisRunner will not be running.
RoslynAnalysisRunner has terminated.
Mono: successfully reloaded assembly
- Completed reload, in  2.450 seconds
Platform modules already initialized, skipping
Shader 'Universal Render Pipeline/Particles/Lit': fallback shader 'Universal Render Pipeline/Particles/SimpleLit' not found
Refreshing native plugins compatible for Editor in 0.91 ms, found 0 plugins.
Preloading 0 native plugins for Editor in 0.00 ms.
Unloading 2530 Unused Serialized files (Serialized files now loaded: 0)
System memory in use before: 114.5 MB.
System memory in use after: 114.7 MB.

Unloading 6 unused Assets to reduce memory usage. Loaded Objects now: 3132.
Total: 4.871600 ms (FindLiveObjects: 0.565400 ms CreateObjectMapping: 0.308800 ms MarkObjects: 3.955400 ms  DeleteObjects: 0.038600 ms)

========================================================================
Received Import Request.
  Time since last request: 111.966560 seconds.
  path: Assets/SAMGAME/SCRIPTABLEOBJECTS/CameraSwitch/CameraSwitch_ToDefault.asset
  artifactKey: Guid(8a54becaa6cea1447b0f9a0fe5520fe8) Importer(815301076,1909f56bfc062723c751e8b465ee728b)
Start importing Assets/SAMGAME/SCRIPTABLEOBJECTS/CameraSwitch/CameraSwitch_ToDefault.asset using Guid(8a54becaa6cea1447b0f9a0fe5520fe8) Importer(815301076,1909f56bfc062723c751e8b465ee728b)  -> (artifact id: '3bd07a95f6a2da517eb64d697110a43a') in 0.035025 seconds
  Import took 0.117388 seconds .

========================================================================
Received Prepare
Registering precompiled user dll's ...
Registered in 0.001573 seconds.
Begin MonoManager ReloadAssembly
Native extension for WindowsStandalone target not found
Refreshing native plugins compatible for Editor in 0.99 ms, found 0 plugins.
Preloading 0 native plugins for Editor in 0.00 ms.
Invoked RoslynAnalysisRunner static constructor.
RoslynAnalysisRunner will not be running.
RoslynAnalysisRunner has terminated.
Mono: successfully reloaded assembly
- Completed reload, in  2.332 seconds
Platform modules already initialized, skipping
Shader 'Universal Render Pipeline/Particles/Lit': fallback shader 'Universal Render Pipeline/Particles/SimpleLit' not found
Refreshing native plugins compatible for Editor in 1.01 ms, found 0 plugins.
Preloading 0 native plugins for Editor in 0.00 ms.
Unloading 2530 Unused Serialized files (Serialized files now loaded: 0)
System memory in use before: 114.5 MB.
System memory in use after: 114.8 MB.

Unloading 6 unused Assets to reduce memory usage. Loaded Objects now: 3134.
Total: 4.636500 ms (FindLiveObjects: 0.517000 ms CreateObjectMapping: 0.350400 ms MarkObjects: 3.729000 ms  DeleteObjects: 0.037700 ms)

========================================================================
Received Import Request.
  Time since last request: 66.845409 seconds.
  path: Assets/SAMGAME/ANIMATOR/PLAYER-GAMEPLAY-ANIMATORS/Resources/PLAYERANIMATOR_CHARLOTTE.controller
  artifactKey: Guid(3262614b21a3f804faa3e8d0a1ca5141) Importer(815301076,1909f56bfc062723c751e8b465ee728b)
Start importing Assets/SAMGAME/ANIMATOR/PLAYER-GAMEPLAY-ANIMATORS/Resources/PLAYERANIMATOR_CHARLOTTE.controller using Guid(3262614b21a3f804faa3e8d0a1ca5141) Importer(815301076,1909f56bfc062723c751e8b465ee728b)  -> (artifact id: '928d749fe2fcf8fc9ab59fa4e5fbb057') in 0.123298 seconds
  Import took 0.176814 seconds .

========================================================================
Received Prepare
Registering precompiled user dll's ...
Registered in 0.003092 seconds.
Begin MonoManager ReloadAssembly
Native extension for WindowsStandalone target not found
Refreshing native plugins compatible for Editor in 1.28 ms, found 0 plugins.
Preloading 0 native plugins for Editor in 0.00 ms.
Invoked RoslynAnalysisRunner static constructor.
RoslynAnalysisRunner will not be running.
RoslynAnalysisRunner has terminated.
Mono: successfully reloaded assembly
- Completed reload, in  3.264 seconds
Platform modules already initialized, skipping
Shader 'Universal Render Pipeline/Particles/Lit': fallback shader 'Universal Render Pipeline/Particles/SimpleLit' not found
Refreshing native plugins compatible for Editor in 1.36 ms, found 0 plugins.
Preloading 0 native plugins for Editor in 0.00 ms.
Unloading 2530 Unused Serialized files (Serialized files now loaded: 0)
System memory in use before: 113.7 MB.
System memory in use after: 113.9 MB.

Unloading 6 unused Assets to reduce memory usage. Loaded Objects now: 3136.
Total: 6.237600 ms (FindLiveObjects: 0.742600 ms CreateObjectMapping: 0.509700 ms MarkObjects: 4.926500 ms  DeleteObjects: 0.055300 ms)

========================================================================
Received Prepare
Registering precompiled user dll's ...
Registered in 0.002766 seconds.
Begin MonoManager ReloadAssembly
Native extension for WindowsStandalone target not found
Refreshing native plugins compatible for Editor in 1.03 ms, found 0 plugins.
Preloading 0 native plugins for Editor in 0.00 ms.
Invoked RoslynAnalysisRunner static constructor.
RoslynAnalysisRunner will not be running.
RoslynAnalysisRunner has terminated.
Mono: successfully reloaded assembly
- Completed reload, in  2.435 seconds
Platform modules already initialized, skipping
Shader 'Universal Render Pipeline/Particles/Lit': fallback shader 'Universal Render Pipeline/Particles/SimpleLit' not found
Refreshing native plugins compatible for Editor in 0.88 ms, found 0 plugins.
Preloading 0 native plugins for Editor in 0.00 ms.
Unloading 2530 Unused Serialized files (Serialized files now loaded: 0)
System memory in use before: 113.8 MB.
System memory in use after: 114.0 MB.

Unloading 6 unused Assets to reduce memory usage. Loaded Objects now: 3138.
Total: 4.407000 ms (FindLiveObjects: 0.512800 ms CreateObjectMapping: 0.309400 ms MarkObjects: 3.545700 ms  DeleteObjects: 0.036400 ms)

========================================================================
Received Import Request.
  Time since last request: 466.052092 seconds.
  path: Assets/SAMGAME/SCRIPTS/STATES/Player_Objects/CameraSwitch/CameraSwitch_ToDefault.cs
  artifactKey: Guid(815213ca98a09194486536dbe388d748) Importer(815301076,1909f56bfc062723c751e8b465ee728b)
Start importing Assets/SAMGAME/SCRIPTS/STATES/Player_Objects/CameraSwitch/CameraSwitch_ToDefault.cs using Guid(815213ca98a09194486536dbe388d748) Importer(815301076,1909f56bfc062723c751e8b465ee728b)  -> (artifact id: 'dbb073db096415c93202bd324f6ac204') in 0.011357 seconds
  Import took 0.020375 seconds .

========================================================================
Received Import Request.
  Time since last request: 0.046829 seconds.
  path: Assets/SAMGAME/SCRIPTS/STATES/Player_Objects/CameraSwitch/CameraSwitch_ToDefault.cs
  artifactKey: Guid(815213ca98a09194486536dbe388d748) Importer(815301076,1909f56bfc062723c751e8b465ee728b)
Start importing Assets/SAMGAME/SCRIPTS/STATES/Player_Objects/CameraSwitch/CameraSwitch_ToDefault.cs using Guid(815213ca98a09194486536dbe388d748) Importer(815301076,1909f56bfc062723c751e8b465ee728b)  -> (artifact id: 'dbb073db096415c93202bd324f6ac204') in 0.006951 seconds
  Import took 0.015979 seconds .

========================================================================
Received Prepare
Registering precompiled user dll's ...
Registered in 0.003029 seconds.
Begin MonoManager ReloadAssembly
Native extension for WindowsStandalone target not found
Refreshing native plugins compatible for Editor in 1.00 ms, found 0 plugins.
Preloading 0 native plugins for Editor in 0.00 ms.
Invoked RoslynAnalysisRunner static constructor.
RoslynAnalysisRunner will not be running.
RoslynAnalysisRunner has terminated.
Mono: successfully reloaded assembly
- Completed reload, in  2.598 seconds
Platform modules already initialized, skipping
Shader 'Universal Render Pipeline/Particles/Lit': fallback shader 'Universal Render Pipeline/Particles/SimpleLit' not found
Refreshing native plugins compatible for Editor in 1.21 ms, found 0 plugins.
Preloading 0 native plugins for Editor in 0.00 ms.
Unloading 2530 Unused Serialized files (Serialized files now loaded: 0)
System memory in use before: 113.9 MB.
System memory in use after: 114.2 MB.

Unloading 6 unused Assets to reduce memory usage. Loaded Objects now: 3140.
Total: 4.826500 ms (FindLiveObjects: 0.494600 ms CreateObjectMapping: 0.320700 ms MarkObjects: 3.968400 ms  DeleteObjects: 0.040600 ms)

========================================================================
Received Prepare
Registering precompiled user dll's ...
Registered in 0.004131 seconds.
Begin MonoManager ReloadAssembly
Native extension for WindowsStandalone target not found
Refreshing native plugins compatible for Editor in 0.90 ms, found 0 plugins.
Preloading 0 native plugins for Editor in 0.00 ms.
Invoked RoslynAnalysisRunner static constructor.
RoslynAnalysisRunner will not be running.
RoslynAnalysisRunner has terminated.
Mono: successfully reloaded assembly
- Completed reload, in  2.535 seconds
Platform modules already initialized, skipping
Shader 'Universal Render Pipeline/Particles/Lit': fallback shader 'Universal Render Pipeline/Particles/SimpleLit' not found
Refreshing native plugins compatible for Editor in 0.89 ms, found 0 plugins.
Preloading 0 native plugins for Editor in 0.00 ms.
Unloading 2530 Unused Serialized files (Serialized files now loaded: 0)
System memory in use before: 114.0 MB.
System memory in use after: 114.3 MB.

Unloading 6 unused Assets to reduce memory usage. Loaded Objects now: 3142.
Total: 4.867200 ms (FindLiveObjects: 0.609300 ms CreateObjectMapping: 0.421200 ms MarkObjects: 3.795900 ms  DeleteObjects: 0.038400 ms)

========================================================================
Received Prepare
Registering precompiled user dll's ...
Registered in 0.005737 seconds.
Begin MonoManager ReloadAssembly
Native extension for WindowsStandalone target not found
Refreshing native plugins compatible for Editor in 1.11 ms, found 0 plugins.
Preloading 0 native plugins for Editor in 0.00 ms.
Invoked RoslynAnalysisRunner static constructor.
RoslynAnalysisRunner will not be running.
RoslynAnalysisRunner has terminated.
Mono: successfully reloaded assembly
- Completed reload, in  3.943 seconds
Platform modules already initialized, skipping
Shader 'Universal Render Pipeline/Particles/Lit': fallback shader 'Universal Render Pipeline/Particles/SimpleLit' not found
Refreshing native plugins compatible for Editor in 1.97 ms, found 0 plugins.
Preloading 0 native plugins for Editor in 0.00 ms.
Unloading 2530 Unused Serialized files (Serialized files now loaded: 0)
System memory in use before: 114.2 MB.
System memory in use after: 114.4 MB.

Unloading 6 unused Assets to reduce memory usage. Loaded Objects now: 3144.
Total: 11.791900 ms (FindLiveObjects: 1.355600 ms CreateObjectMapping: 0.618700 ms MarkObjects: 9.716600 ms  DeleteObjects: 0.095400 ms)

========================================================================
Received Prepare
Registering precompiled user dll's ...
Registered in 0.003129 seconds.
Begin MonoManager ReloadAssembly
Native extension for WindowsStandalone target not found
Refreshing native plugins compatible for Editor in 0.63 ms, found 0 plugins.
Preloading 0 native plugins for Editor in 0.00 ms.
Invoked RoslynAnalysisRunner static constructor.
RoslynAnalysisRunner will not be running.
RoslynAnalysisRunner has terminated.
Mono: successfully reloaded assembly
- Completed reload, in  2.320 seconds
Platform modules already initialized, skipping
Shader 'Universal Render Pipeline/Particles/Lit': fallback shader 'Universal Render Pipeline/Particles/SimpleLit' not found
Refreshing native plugins compatible for Editor in 1.04 ms, found 0 plugins.
Preloading 0 native plugins for Editor in 0.00 ms.
Unloading 2530 Unused Serialized files (Serialized files now loaded: 0)
System memory in use before: 114.3 MB.
System memory in use after: 114.5 MB.

Unloading 6 unused Assets to reduce memory usage. Loaded Objects now: 3146.
Total: 4.329700 ms (FindLiveObjects: 0.493800 ms CreateObjectMapping: 0.297600 ms MarkObjects: 3.490800 ms  DeleteObjects: 0.045000 ms)

========================================================================
Received Prepare
Registering precompiled user dll's ...
Registered in 0.003288 seconds.
Begin MonoManager ReloadAssembly
Native extension for WindowsStandalone target not found
Refreshing native plugins compatible for Editor in 1.19 ms, found 0 plugins.
Preloading 0 native plugins for Editor in 0.00 ms.
Invoked RoslynAnalysisRunner static constructor.
RoslynAnalysisRunner will not be running.
RoslynAnalysisRunner has terminated.
Mono: successfully reloaded assembly
- Completed reload, in  2.602 seconds
Platform modules already initialized, skipping
Shader 'Universal Render Pipeline/Particles/Lit': fallback shader 'Universal Render Pipeline/Particles/SimpleLit' not found
Refreshing native plugins compatible for Editor in 1.21 ms, found 0 plugins.
Preloading 0 native plugins for Editor in 0.00 ms.
Unloading 2530 Unused Serialized files (Serialized files now loaded: 0)
System memory in use before: 114.4 MB.
System memory in use after: 114.6 MB.

Unloading 6 unused Assets to reduce memory usage. Loaded Objects now: 3148.
Total: 6.042700 ms (FindLiveObjects: 0.792800 ms CreateObjectMapping: 0.387300 ms MarkObjects: 4.800500 ms  DeleteObjects: 0.057800 ms)

========================================================================
Received Prepare
Registering precompiled user dll's ...
Registered in 0.001582 seconds.
Begin MonoManager ReloadAssembly
Native extension for WindowsStandalone target not found
Refreshing native plugins compatible for Editor in 1.05 ms, found 0 plugins.
Preloading 0 native plugins for Editor in 0.00 ms.
Invoked RoslynAnalysisRunner static constructor.
RoslynAnalysisRunner will not be running.
RoslynAnalysisRunner has terminated.
Mono: successfully reloaded assembly
- Completed reload, in  2.630 seconds
Platform modules already initialized, skipping
Shader 'Universal Render Pipeline/Particles/Lit': fallback shader 'Universal Render Pipeline/Particles/SimpleLit' not found
Refreshing native plugins compatible for Editor in 1.28 ms, found 0 plugins.
Preloading 0 native plugins for Editor in 0.00 ms.
Unloading 2529 Unused Serialized files (Serialized files now loaded: 0)
System memory in use before: 114.5 MB.
System memory in use after: 114.7 MB.

Unloading 6 unused Assets to reduce memory usage. Loaded Objects now: 3150.
Total: 6.051300 ms (FindLiveObjects: 0.659300 ms CreateObjectMapping: 0.381100 ms MarkObjects: 4.963300 ms  DeleteObjects: 0.044200 ms)

========================================================================
Received Prepare
Registering precompiled user dll's ...
Registered in 0.003738 seconds.
Begin MonoManager ReloadAssembly
Native extension for WindowsStandalone target not found
Refreshing native plugins compatible for Editor in 1.63 ms, found 0 plugins.
Preloading 0 native plugins for Editor in 0.00 ms.
Invoked RoslynAnalysisRunner static constructor.
RoslynAnalysisRunner will not be running.
RoslynAnalysisRunner has terminated.
Mono: successfully reloaded assembly
- Completed reload, in  3.695 seconds
Platform modules already initialized, skipping
Shader 'Universal Render Pipeline/Particles/Lit': fallback shader 'Universal Render Pipeline/Particles/SimpleLit' not found
Refreshing native plugins compatible for Editor in 2.29 ms, found 0 plugins.
Preloading 0 native plugins for Editor in 0.00 ms.
Unloading 2529 Unused Serialized files (Serialized files now loaded: 0)
System memory in use before: 114.6 MB.
System memory in use after: 114.8 MB.

Unloading 6 unused Assets to reduce memory usage. Loaded Objects now: 3152.
Total: 8.167200 ms (FindLiveObjects: 0.868600 ms CreateObjectMapping: 0.467600 ms MarkObjects: 6.762800 ms  DeleteObjects: 0.064100 ms)

========================================================================
Received Prepare
Registering precompiled user dll's ...
Registered in 0.002887 seconds.
Begin MonoManager ReloadAssembly
Native extension for WindowsStandalone target not found
Refreshing native plugins compatible for Editor in 1.10 ms, found 0 plugins.
Preloading 0 native plugins for Editor in 0.00 ms.
Invoked RoslynAnalysisRunner static constructor.
RoslynAnalysisRunner will not be running.
RoslynAnalysisRunner has terminated.
Mono: successfully reloaded assembly
- Completed reload, in  3.058 seconds
Platform modules already initialized, skipping
Shader 'Universal Render Pipeline/Particles/Lit': fallback shader 'Universal Render Pipeline/Particles/SimpleLit' not found
Refreshing native plugins compatible for Editor in 0.99 ms, found 0 plugins.
Preloading 0 native plugins for Editor in 0.00 ms.
Unloading 2529 Unused Serialized files (Serialized files now loaded: 0)
System memory in use before: 113.7 MB.
System memory in use after: 113.9 MB.

Unloading 6 unused Assets to reduce memory usage. Loaded Objects now: 3154.
Total: 4.947400 ms (FindLiveObjects: 0.676200 ms CreateObjectMapping: 0.386300 ms MarkObjects: 3.834800 ms  DeleteObjects: 0.047100 ms)

========================================================================
Received Prepare
Registering precompiled user dll's ...
Registered in 0.001508 seconds.
Begin MonoManager ReloadAssembly
Native extension for WindowsStandalone target not found
Refreshing native plugins compatible for Editor in 0.98 ms, found 0 plugins.
Preloading 0 native plugins for Editor in 0.00 ms.
Invoked RoslynAnalysisRunner static constructor.
RoslynAnalysisRunner will not be running.
RoslynAnalysisRunner has terminated.
Mono: successfully reloaded assembly
- Completed reload, in  2.773 seconds
Platform modules already initialized, skipping
Shader 'Universal Render Pipeline/Particles/Lit': fallback shader 'Universal Render Pipeline/Particles/SimpleLit' not found
Refreshing native plugins compatible for Editor in 1.18 ms, found 0 plugins.
Preloading 0 native plugins for Editor in 0.00 ms.
Unloading 2529 Unused Serialized files (Serialized files now loaded: 0)
System memory in use before: 113.8 MB.
System memory in use after: 114.0 MB.

Unloading 6 unused Assets to reduce memory usage. Loaded Objects now: 3156.
Total: 5.221600 ms (FindLiveObjects: 0.598000 ms CreateObjectMapping: 0.405800 ms MarkObjects: 4.171800 ms  DeleteObjects: 0.042800 ms)

========================================================================
Received Import Request.
  Time since last request: 1856.905113 seconds.
  path: Assets/SAMGAME/SCRIPTABLEOBJECTS/CameraSwitch/CameraSwitch_ToJump.asset
  artifactKey: Guid(ae6e558dd848a454da743db2e0c4725e) Importer(815301076,1909f56bfc062723c751e8b465ee728b)
Start importing Assets/SAMGAME/SCRIPTABLEOBJECTS/CameraSwitch/CameraSwitch_ToJump.asset using Guid(ae6e558dd848a454da743db2e0c4725e) Importer(815301076,1909f56bfc062723c751e8b465ee728b)  -> (artifact id: 'f9a94c00b20b30a814902ea7aded7067') in 0.028007 seconds
  Import took 0.090162 seconds .

========================================================================
Received Prepare
Registering precompiled user dll's ...
Registered in 0.001496 seconds.
Begin MonoManager ReloadAssembly
Native extension for WindowsStandalone target not found
Refreshing native plugins compatible for Editor in 0.82 ms, found 0 plugins.
Preloading 0 native plugins for Editor in 0.00 ms.
Invoked RoslynAnalysisRunner static constructor.
RoslynAnalysisRunner will not be running.
RoslynAnalysisRunner has terminated.
Mono: successfully reloaded assembly
- Completed reload, in  2.594 seconds
Platform modules already initialized, skipping
Shader 'Universal Render Pipeline/Particles/Lit': fallback shader 'Universal Render Pipeline/Particles/SimpleLit' not found
Refreshing native plugins compatible for Editor in 1.14 ms, found 0 plugins.
Preloading 0 native plugins for Editor in 0.00 ms.
Unloading 2529 Unused Serialized files (Serialized files now loaded: 0)
System memory in use before: 113.9 MB.
System memory in use after: 114.2 MB.

Unloading 6 unused Assets to reduce memory usage. Loaded Objects now: 3158.
Total: 5.812200 ms (FindLiveObjects: 0.683900 ms CreateObjectMapping: 0.338500 ms MarkObjects: 4.741200 ms  DeleteObjects: 0.045800 ms)

========================================================================
Received Prepare
Registering precompiled user dll's ...
Registered in 0.003069 seconds.
Begin MonoManager ReloadAssembly
Native extension for WindowsStandalone target not found
Refreshing native plugins compatible for Editor in 0.53 ms, found 0 plugins.
Preloading 0 native plugins for Editor in 0.00 ms.
Invoked RoslynAnalysisRunner static constructor.
RoslynAnalysisRunner will not be running.
RoslynAnalysisRunner has terminated.
Mono: successfully reloaded assembly
- Completed reload, in  1.553 seconds
Platform modules already initialized, skipping
Shader 'Universal Render Pipeline/Particles/Lit': fallback shader 'Universal Render Pipeline/Particles/SimpleLit' not found
Refreshing native plugins compatible for Editor in 0.54 ms, found 0 plugins.
Preloading 0 native plugins for Editor in 0.00 ms.
Unloading 2529 Unused Serialized files (Serialized files now loaded: 0)
System memory in use before: 114.0 MB.
System memory in use after: 114.3 MB.

Unloading 6 unused Assets to reduce memory usage. Loaded Objects now: 3160.
Total: 2.545700 ms (FindLiveObjects: 0.361100 ms CreateObjectMapping: 0.200200 ms MarkObjects: 1.959800 ms  DeleteObjects: 0.023300 ms)

========================================================================
Received Prepare
Registering precompiled user dll's ...
Registered in 0.001522 seconds.
Begin MonoManager ReloadAssembly
Native extension for WindowsStandalone target not found
Refreshing native plugins compatible for Editor in 0.81 ms, found 0 plugins.
Preloading 0 native plugins for Editor in 0.00 ms.
Invoked RoslynAnalysisRunner static constructor.
RoslynAnalysisRunner will not be running.
RoslynAnalysisRunner has terminated.
Mono: successfully reloaded assembly
- Completed reload, in  2.290 seconds
Platform modules already initialized, skipping
Shader 'Universal Render Pipeline/Particles/Lit': fallback shader 'Universal Render Pipeline/Particles/SimpleLit' not found
Refreshing native plugins compatible for Editor in 1.07 ms, found 0 plugins.
Preloading 0 native plugins for Editor in 0.00 ms.
Unloading 2529 Unused Serialized files (Serialized files now loaded: 0)
System memory in use before: 114.2 MB.
System memory in use after: 114.4 MB.

Unloading 6 unused Assets to reduce memory usage. Loaded Objects now: 3162.
Total: 5.590500 ms (FindLiveObjects: 0.775700 ms CreateObjectMapping: 0.409800 ms MarkObjects: 4.363300 ms  DeleteObjects: 0.038900 ms)

========================================================================
Received Prepare
Registering precompiled user dll's ...
Registered in 0.003285 seconds.
Begin MonoManager ReloadAssembly
Native extension for WindowsStandalone target not found
Refreshing native plugins compatible for Editor in 1.57 ms, found 0 plugins.
Preloading 0 native plugins for Editor in 0.00 ms.
Invoked RoslynAnalysisRunner static constructor.
RoslynAnalysisRunner will not be running.
RoslynAnalysisRunner has terminated.
Mono: successfully reloaded assembly
- Completed reload, in  4.226 seconds
Platform modules already initialized, skipping
Shader 'Universal Render Pipeline/Particles/Lit': fallback shader 'Universal Render Pipeline/Particles/SimpleLit' not found
Refreshing native plugins compatible for Editor in 1.20 ms, found 0 plugins.
Preloading 0 native plugins for Editor in 0.00 ms.
Unloading 2529 Unused Serialized files (Serialized files now loaded: 0)
System memory in use before: 114.3 MB.
System memory in use after: 114.5 MB.

Unloading 6 unused Assets to reduce memory usage. Loaded Objects now: 3164.
Total: 5.790900 ms (FindLiveObjects: 0.482900 ms CreateObjectMapping: 0.291600 ms MarkObjects: 4.958800 ms  DeleteObjects: 0.054900 ms)

========================================================================
Received Prepare
Registering precompiled user dll's ...
Registered in 0.003059 seconds.
Begin MonoManager ReloadAssembly
Native extension for WindowsStandalone target not found
Refreshing native plugins compatible for Editor in 0.99 ms, found 0 plugins.
Preloading 0 native plugins for Editor in 0.00 ms.
Invoked RoslynAnalysisRunner static constructor.
RoslynAnalysisRunner will not be running.
RoslynAnalysisRunner has terminated.
Mono: successfully reloaded assembly
- Completed reload, in  2.705 seconds
Platform modules already initialized, skipping
Shader 'Universal Render Pipeline/Particles/Lit': fallback shader 'Universal Render Pipeline/Particles/SimpleLit' not found
Refreshing native plugins compatible for Editor in 1.05 ms, found 0 plugins.
Preloading 0 native plugins for Editor in 0.00 ms.
Unloading 2529 Unused Serialized files (Serialized files now loaded: 0)
System memory in use before: 114.4 MB.
System memory in use after: 114.6 MB.

Unloading 6 unused Assets to reduce memory usage. Loaded Objects now: 3166.
Total: 5.039600 ms (FindLiveObjects: 0.565300 ms CreateObjectMapping: 0.315900 ms MarkObjects: 4.112300 ms  DeleteObjects: 0.043600 ms)

========================================================================
Received Prepare
Registering precompiled user dll's ...
Registered in 0.003118 seconds.
Begin MonoManager ReloadAssembly
Native extension for WindowsStandalone target not found
Refreshing native plugins compatible for Editor in 1.07 ms, found 0 plugins.
Preloading 0 native plugins for Editor in 0.00 ms.
Invoked RoslynAnalysisRunner static constructor.
RoslynAnalysisRunner will not be running.
RoslynAnalysisRunner has terminated.
Mono: successfully reloaded assembly
- Completed reload, in  3.111 seconds
Platform modules already initialized, skipping
Shader 'Universal Render Pipeline/Particles/Lit': fallback shader 'Universal Render Pipeline/Particles/SimpleLit' not found
Refreshing native plugins compatible for Editor in 1.05 ms, found 0 plugins.
Preloading 0 native plugins for Editor in 0.00 ms.
Unloading 2529 Unused Serialized files (Serialized files now loaded: 0)
System memory in use before: 114.5 MB.
System memory in use after: 114.7 MB.

Unloading 6 unused Assets to reduce memory usage. Loaded Objects now: 3168.
Total: 5.343800 ms (FindLiveObjects: 0.575600 ms CreateObjectMapping: 0.380700 ms MarkObjects: 4.339900 ms  DeleteObjects: 0.044500 ms)

AssetImportWorkerClient::OnTransportError - code=2 error=End of file
